{"C:\\Users\\Georgi\\Desktop\\AcademyVue\\vue-highcharts-app\\src\\common-templates\\AutoComplete.vue": {"path":"C:\\Users\\Georgi\\Desktop\\AcademyVue\\vue-highcharts-app\\src\\common-templates\\AutoComplete.vue","statementMap":{"0":{"start":{"line":4,"column":0},"end":{"line":6,"column":3}},"1":{"start":{"line":7,"column":0},"end":{"line":7,"column":25}},"2":{"start":{"line":135,"column":0},"end":{"line":137,"column":3}},"3":{"start":{"line":138,"column":0},"end":{"line":138,"column":24}},"4":{"start":{"line":139,"column":11},"end":{"line":139,"column":25}},"5":{"start":{"line":140,"column":19},"end":{"line":140,"column":28}},"6":{"start":{"line":141,"column":19},"end":{"line":141,"column":30}},"7":{"start":{"line":142,"column":19},"end":{"line":145,"column":1}},"8":{"start":{"line":147,"column":2},"end":{"line":164,"column":333}},"9":{"start":{"line":154,"column":49},"end":{"line":154,"column":80}},"10":{"start":{"line":157,"column":4},"end":{"line":163,"column":96}},"11":{"start":{"line":161,"column":82},"end":{"line":161,"column":147}},"12":{"start":{"line":162,"column":49},"end":{"line":162,"column":80}},"13":{"start":{"line":165,"column":2},"end":{"line":165,"column":49}}},"fnMap":{"0":{"name":"render","decl":{"start":{"line":146,"column":9},"end":{"line":146,"column":15}},"loc":{"start":{"line":146,"column":63},"end":{"line":165,"column":1}},"line":146},"1":{"name":"(anonymous_1)","decl":{"start":{"line":154,"column":39},"end":{"line":154,"column":40}},"loc":{"start":{"line":154,"column":49},"end":{"line":154,"column":80}},"line":154},"2":{"name":"(anonymous_2)","decl":{"start":{"line":156,"column":243},"end":{"line":156,"column":244}},"loc":{"start":{"line":156,"column":255},"end":{"line":164,"column":3}},"line":156},"3":{"name":"(anonymous_3)","decl":{"start":{"line":161,"column":69},"end":{"line":161,"column":70}},"loc":{"start":{"line":161,"column":82},"end":{"line":161,"column":147}},"line":161},"4":{"name":"(anonymous_4)","decl":{"start":{"line":162,"column":39},"end":{"line":162,"column":40}},"loc":{"start":{"line":162,"column":49},"end":{"line":162,"column":80}},"line":162}},"branchMap":{"0":{"loc":{"start":{"line":154,"column":13},"end":{"line":154,"column":81}},"type":"binary-expr","locations":[{"start":{"line":154,"column":13},"end":{"line":154,"column":22}},{"start":{"line":154,"column":27},"end":{"line":154,"column":80}}],"line":154},"1":{"loc":{"start":{"line":161,"column":19},"end":{"line":161,"column":170}},"type":"binary-expr","locations":[{"start":{"line":161,"column":19},"end":{"line":161,"column":28}},{"start":{"line":161,"column":33},"end":{"line":161,"column":169}}],"line":161},"2":{"loc":{"start":{"line":161,"column":82},"end":{"line":161,"column":147}},"type":"binary-expr","locations":[{"start":{"line":161,"column":82},"end":{"line":161,"column":108}},{"start":{"line":161,"column":112},"end":{"line":161,"column":147}}],"line":161},"3":{"loc":{"start":{"line":164,"column":101},"end":{"line":164,"column":330}},"type":"cond-expr","locations":[{"start":{"line":164,"column":151},"end":{"line":164,"column":284}},{"start":{"line":164,"column":288},"end":{"line":164,"column":330}}],"line":164},"4":{"loc":{"start":{"line":164,"column":101},"end":{"line":164,"column":147}},"type":"binary-expr","locations":[{"start":{"line":164,"column":101},"end":{"line":164,"column":123}},{"start":{"line":164,"column":127},"end":{"line":164,"column":147}}],"line":164}},"s":{"0":1,"1":1,"2":1,"3":1,"4":1,"5":1,"6":1,"7":1,"8":8,"9":4,"10":26,"11":0,"12":1,"13":1},"f":{"0":8,"1":4,"2":26,"3":0,"4":1},"b":{"0":[8,1],"1":[26,1],"2":[0,0],"3":[4,4],"4":[8,4]},"inputSourceMap":{"0":"{","1":"\"","2":"v","3":"e","4":"r","5":"s","6":"i","7":"o","8":"n","9":"\"","10":":","11":"3","12":",","13":"\"","14":"s","15":"o","16":"u","17":"r","18":"c","19":"e","20":"s","21":"\"","22":":","23":"[","24":"\"","25":"C","26":":","27":"/","28":"U","29":"s","30":"e","31":"r","32":"s","33":"/","34":"G","35":"e","36":"o","37":"r","38":"g","39":"i","40":"/","41":"D","42":"e","43":"s","44":"k","45":"t","46":"o","47":"p","48":"/","49":"A","50":"c","51":"a","52":"d","53":"e","54":"m","55":"y","56":"V","57":"u","58":"e","59":"/","60":"v","61":"u","62":"e","63":"-","64":"h","65":"i","66":"g","67":"h","68":"c","69":"h","70":"a","71":"r","72":"t","73":"s","74":"-","75":"a","76":"p","77":"p","78":"/","79":"s","80":"r","81":"c","82":"/","83":"c","84":"o","85":"m","86":"m","87":"o","88":"n","89":"-","90":"t","91":"e","92":"m","93":"p","94":"l","95":"a","96":"t","97":"e","98":"s","99":"/","100":"A","101":"u","102":"t","103":"o","104":"C","105":"o","106":"m","107":"p","108":"l","109":"e","110":"t","111":"e","112":".","113":"v","114":"u","115":"e","116":"\"","117":"]","118":",","119":"\"","120":"n","121":"a","122":"m","123":"e","124":"s","125":"\"","126":":","127":"[","128":"]","129":",","130":"\"","131":"m","132":"a","133":"p","134":"p","135":"i","136":"n","137":"g","138":"s","139":"\"","140":":","141":"\"","142":";","143":";","144":";","145":";","146":";","147":";","148":";","149":"A","150":"A","151":"k","152":"B","153":"A","154":";","155":"A","156":"A","157":"A","158":"A","159":";","160":"A","161":"A","162":"A","163":"A","164":";","165":"A","166":"A","167":"A","168":"8","169":"C","170":";","171":"A","172":"A","173":"E","174":"9","175":"C","176":";","177":"A","178":"A","179":"C","180":"A","181":";","182":"A","183":"A","184":"C","185":"A","186":";","187":"A","188":"A","189":"F","190":"A","191":";","192":";","193":";","194":";","195":";","196":";","197":";","198":";","199":";","200":";","201":";","202":";","203":";","204":";","205":";","206":";","207":";","208":";","209":";","210":"I","211":"A","212":"L","213":"A","214":";","215":"A","216":"A","217":"C","218":"A","219":";","220":"A","221":"A","222":"C","223":"A","224":";","225":"I","226":"A","227":"M","228":"A","229":",","230":"M","231":"A","232":"A","233":"M","234":",","235":"K","236":"A","237":"A","238":"K","239":",","240":"G","241":"A","242":"A","243":"G","244":",","245":"M","246":"A","247":"A","248":"M","249":";","250":";","251":"I","252":"A","253":"E","254":"p","255":"B","256":";","257":"A","258":"A","259":"C","260":"A","261":";","262":"A","263":"A","264":"C","265":"A","266":";","267":"I","268":"A","269":"C","270":"A","271":",","272":"M","273":"A","274":"A","275":"M","276":",","277":"K","278":"A","279":"A","280":"K","281":",","282":"G","283":"A","284":"A","285":"G","286":",","287":"O","288":"A","289":"S","290":"O","291":";","292":";","293":"I","294":"A","295":"G","296":"r","297":"B","298":";","299":"A","300":"A","301":"C","302":"A","303":";","304":"A","305":"A","306":"C","307":"A","308":";","309":"I","310":"A","311":"C","312":"A","313":",","314":"M","315":"A","316":"A","317":"M","318":",","319":"i","320":"B","321":"A","322":"A","323":"i","324":"B","325":";","326":"I","327":"A","328":"A","329":"G","330":";","331":"I","332":"A","333":"A","334":"A","335":";","336":"I","337":"A","338":"A","339":"A","340":";","341":"I","342":"A","343":"A","344":"A","345":";","346":"I","347":"A","348":"A","349":"A","350":";","351":"I","352":"A","353":"A","354":"A","355":",","356":"G","357":"A","358":"A","359":"G","360":",","361":"E","362":"A","363":"A","364":"C","365":",","366":"K","367":"A","368":"A","369":"K","370":",","371":"C","372":"A","373":"A","374":"C","375":";","376":"I","377":"A","378":"C","379":"p","380":"C","381":",","382":"M","383":"A","384":"A","385":"M","386":",","387":"a","388":"A","389":"A","390":"a","391":";","392":"I","393":"A","394":"A","395":"G","396":";","397":"I","398":"A","399":"A","400":"A","401":";","402":"I","403":"A","404":"A","405":"A","406":";","407":"I","408":"A","409":"A","410":"A","411":";","412":"I","413":"A","414":"A","415":"A","416":";","417":"I","418":"A","419":"A","420":"A","421":",","422":"G","423":"A","424":"A","425":"G","426":",","427":"E","428":"A","429":"A","430":"C","431":",","432":"K","433":"A","434":"A","435":"K","436":",","437":"C","438":"A","439":"A","440":"C","441":";","442":"I","443":"A","444":"E","445":"h","446":"C","447":",","448":"M","449":"A","450":"A","451":"M","452":",","453":"U","454":"A","455":"A","456":"U","457":",","458":"G","459":"A","460":"A","461":"G","462":",","463":"M","464":"A","465":"A","466":"M","467":";","468":"M","469":"A","470":"C","471":"v","472":"B","473":";","474":"M","475":"A","476":"A","477":"A","478":";","479":"M","480":"A","481":"A","482":"A","483":";","484":"M","485":"A","486":"A","487":"A","488":";","489":"M","490":"A","491":"A","492":"A","493":";","494":"M","495":"A","496":"A","497":"A","498":",","499":"Q","500":"A","501":"A","502":"Q","503":",","504":"E","505":"A","506":"A","507":"C","508":",","509":"M","510":"A","511":"A","512":"M","513":";","514":"Q","515":"A","516":"C","517":"b","518":",","519":"a","520":"A","521":"A","522":"a","523":",","524":"C","525":"A","526":"A","527":"C","528":",","529":"K","530":"A","531":"A","532":"K","533":",","534":"G","535":"A","536":"A","537":"G","538":",","539":"I","540":"A","541":"A","542":"I","543":";","544":"Q","545":"A","546":"C","547":"1","548":"B","549":",","550":"i","551":"B","552":"A","553":"A","554":"i","555":"B","556":",","557":"C","558":"A","559":"A","560":"C","561":",","562":"K","563":"A","564":"A","565":"K","566":",","567":"G","568":"A","569":"A","570":"G","571":",","572":"K","573":"A","574":"A","575":"K","576":";","577":"M","578":"A","579":"C","580":"j","581":"C","582":",","583":"C","584":"A","585":"A","586":"C","587":",","588":"C","589":"A","590":"A","591":"C","592":";","593":"I","594":"A","595":"C","596":"J","597":",","598":"C","599":"A","600":"A","601":"C","602":";","603":"I","604":"A","605":"E","606":"D","607":",","608":"M","609":"A","610":"A","611":"M","612":",","613":"W","614":"A","615":"A","616":"W","617":",","618":"G","619":"A","620":"A","621":"I","622":",","623":"K","624":"A","625":"A","626":"K","627":",","628":"I","629":"A","630":"A","631":"K","632":";","633":"M","634":"A","635":"C","636":"7","637":"B","638":",","639":"K","640":"A","641":"A","642":"K","643":",","644":"C","645":"A","646":"A","647":"C","648":",","649":"m","650":"B","651":"A","652":"A","653":"m","654":"B","655":",","656":"E","657":"A","658":"A","659":"E","660":",","661":"K","662":"A","663":"A","664":"K","665":",","666":"C","667":"A","668":"A","669":"C","670":",","671":"M","672":"A","673":"A","674":"M","675":",","676":"C","677":"A","678":"A","679":"C","680":",","681":"K","682":"A","683":"A","684":"K","685":",","686":"C","687":"A","688":"A","689":"C","690":";","691":"M","692":"A","693":"C","694":"9","695":"C","696":",","697":"i","698":"B","699":"A","700":"A","701":"i","702":"B","703":",","704":"C","705":"A","706":"A","707":"C","708":",","709":"K","710":"A","711":"A","712":"K","713":",","714":"G","715":"A","716":"A","717":"G","718":",","719":"I","720":"A","721":"A","722":"I","723":";","724":"I","725":"A","726":"C","727":"h","728":"C","729":",","730":"C","731":"A","732":"A","733":"C","734":";","735":"I","736":"A","737":"G","738":"D","739":",","740":"M","741":"A","742":"A","743":"M","744":",","745":"Y","746":"A","747":"A","748":"Y","749":";","750":"I","751":"A","752":"A","753":"G","754":";","755":"I","756":"A","757":"A","758":"A","759":";","760":"I","761":"A","762":"A","763":"A","764":";","765":"I","766":"A","767":"A","768":"A","769":";","770":"I","771":"A","772":"A","773":"A","774":";","775":"I","776":"A","777":"A","778":"A","779":",","780":"Q","781":"A","782":"A","783":"Q","784":",","785":"E","786":"A","787":"A","788":"C","789":",","790":"M","791":"A","792":"A","793":"M","794":",","795":"K","796":"A","797":"A","798":"K","799":",","800":"C","801":"A","802":"A","803":"C","804":",","805":"I","806":"A","807":"A","808":"I","809":",","810":"C","811":"A","812":"A","813":"C","814":",","815":"M","816":"A","817":"A","818":"M","819":",","820":"C","821":"A","822":"A","823":"C","824":",","825":"Q","826":"A","827":"A","828":"Q","829":",","830":"I","831":"A","832":"A","833":"I","834":",","835":"Q","836":"A","837":"A","838":"Q","839":",","840":"C","841":"A","842":"A","843":"C","844":",","845":"W","846":"A","847":"A","848":"W","849":",","850":"C","851":"A","852":"A","853":"C","854":",","855":"C","856":"A","857":"A","858":"C","859":",","860":"C","861":"A","862":"C","863":"r","864":"F","865":",","866":"Q","867":"A","868":"A","869":"Q","870":",","871":"C","872":"A","873":"A","874":"C","875":",","876":"K","877":"A","878":"A","879":"K","880":",","881":"C","882":"A","883":"A","884":"C","885":",","886":"U","887":"A","888":"A","889":"U","890":",","891":"C","892":"A","893":"A","894":"C","895":",","896":"i","897":"B","898":"A","899":"A","900":"i","901":"B","902":",","903":"C","904":"A","905":"A","906":"C","907":",","908":"C","909":"A","910":"A","911":"C","912":",","913":"C","914":"A","915":"A","916":"C","917":",","918":"C","919":"A","920":"A","921":"C","922":",","923":"C","924":"A","925":"C","926":"/","927":"C","928":",","929":"K","930":"A","931":"A","932":"K","933":",","934":"C","935":"A","936":"A","937":"C","938":",","939":"C","940":"A","941":"A","942":"C","943":",","944":"E","945":"A","946":"A","947":"E","948":",","949":"E","950":"A","951":"A","952":"E","953":",","954":"C","955":"A","956":"A","957":"C","958":",","959":"C","960":"A","961":"C","962":"Z","963":",","964":"I","965":"A","966":"A","967":"I","968":",","969":"C","970":"A","971":"A","972":"C","973":",","974":"C","975":"A","976":"A","977":"C","978":",","979":"C","980":"A","981":"A","982":"C","983":",","984":"E","985":"A","986":"A","987":"E","988":",","989":"C","990":"A","991":"A","992":"C","993":",","994":"K","995":"A","996":"A","997":"K","998":",","999":"C","1000":"A","1001":"A","1002":"C","1003":",","1004":"C","1005":"A","1006":"A","1007":"C","1008":",","1009":"a","1010":"A","1011":"A","1012":"a","1013":",","1014":"C","1015":"A","1016":"A","1017":"C","1018":",","1019":"C","1020":"A","1021":"A","1022":"C","1023":",","1024":"C","1025":"A","1026":"A","1027":"C","1028":",","1029":"C","1030":"A","1031":"C","1032":"p","1033":"C","1034":",","1035":"C","1036":"A","1037":"A","1038":"C","1039":";","1040":"I","1041":"A","1042":"E","1043":"D","1044":",","1045":"M","1046":"A","1047":"A","1048":"M","1049":",","1050":"c","1051":"A","1052":"A","1053":"c","1054":",","1055":"G","1056":"A","1057":"A","1058":"I","1059":",","1060":"G","1061":"A","1062":"A","1063":"G","1064":",","1065":"I","1066":"A","1067":"A","1068":"K","1069":";","1070":"M","1071":"A","1072":"C","1073":"9","1074":"B","1075":",","1076":"K","1077":"A","1078":"A","1079":"K","1080":",","1081":"C","1082":"A","1083":"A","1084":"C","1085":",","1086":"m","1087":"B","1088":"A","1089":"A","1090":"m","1091":"B","1092":",","1093":"E","1094":"A","1095":"A","1096":"E","1097":",","1098":"G","1099":"A","1100":"A","1101":"G","1102":",","1103":"C","1104":"A","1105":"A","1106":"C","1107":";","1108":"M","1109":"A","1110":"C","1111":"/","1112":"B","1113":",","1114":"i","1115":"B","1116":"A","1117":"A","1118":"i","1119":"B","1120":",","1121":"C","1122":"A","1123":"A","1124":"C","1125":",","1126":"K","1127":"A","1128":"A","1129":"K","1130":",","1131":"G","1132":"A","1133":"A","1134":"G","1135":",","1136":"K","1137":"A","1138":"A","1139":"K","1140":";","1141":"I","1142":"A","1143":"C","1144":"j","1145":"C","1146":",","1147":"C","1148":"A","1149":"A","1150":"C","1151":";","1152":"I","1153":"A","1154":"E","1155":"D","1156":",","1157":"M","1158":"A","1159":"A","1160":"M","1161":",","1162":"e","1163":"A","1164":"A","1165":"e","1166":";","1167":"I","1168":"A","1169":"A","1170":"G","1171":";","1172":"I","1173":"A","1174":"A","1175":"A","1176":";","1177":"I","1178":"A","1179":"A","1180":"A","1181":";","1182":"I","1183":"A","1184":"A","1185":"A","1186":";","1187":"I","1188":"A","1189":"A","1190":"A","1191":";","1192":"I","1193":"A","1194":"A","1195":"A","1196":",","1197":"Q","1198":"A","1199":"A","1200":"Q","1201":",","1202":"E","1203":"A","1204":"A","1205":"C","1206":",","1207":"M","1208":"A","1209":"A","1210":"M","1211":";","1212":"M","1213":"A","1214":"C","1215":"r","1216":"C","1217":",","1218":"I","1219":"A","1220":"A","1221":"I","1222":",","1223":"a","1224":"A","1225":"A","1226":"a","1227":",","1228":"C","1229":"A","1230":"A","1231":"C","1232":",","1233":"K","1234":"A","1235":"A","1236":"K","1237":",","1238":"E","1239":"A","1240":"A","1241":"E","1242":";","1243":"Q","1244":"A","1245":"C","1246":"v","1247":"B","1248":",","1249":"O","1250":"A","1251":"A","1252":"O","1253":",","1254":"C","1255":"A","1256":"A","1257":"C","1258":",","1259":"K","1260":"A","1261":"A","1262":"K","1263":",","1264":"C","1265":"A","1266":"A","1267":"C","1268":",","1269":"I","1270":"A","1271":"A","1272":"I","1273":",","1274":"C","1275":"A","1276":"A","1277":"C","1278":",","1279":"I","1280":"A","1281":"A","1282":"I","1283":",","1284":"C","1285":"A","1286":"A","1287":"C","1288":",","1289":"Q","1290":"A","1291":"A","1292":"Q","1293":",","1294":"I","1295":"A","1296":"A","1297":"I","1298":",","1299":"Q","1300":"A","1301":"A","1302":"Q","1303":",","1304":"K","1305":"A","1306":"A","1307":"K","1308":",","1309":"K","1310":"A","1311":"A","1312":"K","1313":",","1314":"C","1315":"A","1316":"A","1317":"C","1318":",","1319":"U","1320":"A","1321":"A","1322":"U","1323":",","1324":"C","1325":"A","1326":"A","1327":"C","1328":",","1329":"G","1330":"A","1331":"A","1332":"G","1333":",","1334":"k","1335":"C","1336":"A","1337":"A","1338":"k","1339":"C","1340":",","1341":"G","1342":"A","1343":"A","1344":"G","1345":",","1346":"I","1347":"A","1348":"A","1349":"I","1350":";","1351":"M","1352":"A","1353":"C","1354":"h","1355":"H","1356":",","1357":"C","1358":"A","1359":"A","1360":"C","1361":",","1362":"M","1363":"A","1364":"A","1365":"M","1366":";","1367":"Q","1368":"A","1369":"C","1370":"L","1371":",","1372":"O","1373":"A","1374":"A","1375":"O","1376":",","1377":"I","1378":"A","1379":"A","1380":"I","1381":";","1382":"M","1383":"A","1384":"C","1385":"b","1386":";","1387":"I","1388":"A","1389":"C","1390":"F","1391":",","1392":"C","1393":"A","1394":"A","1395":"C","1396":",","1397":"C","1398":"A","1399":"A","1400":"C","1401":"\"","1402":",","1403":"\"","1404":"f","1405":"i","1406":"l","1407":"e","1408":"\"","1409":":","1410":"\"","1411":"C","1412":":","1413":"\\","1414":"\\","1415":"U","1416":"s","1417":"e","1418":"r","1419":"s","1420":"\\","1421":"\\","1422":"G","1423":"e","1424":"o","1425":"r","1426":"g","1427":"i","1428":"\\","1429":"\\","1430":"D","1431":"e","1432":"s","1433":"k","1434":"t","1435":"o","1436":"p","1437":"\\","1438":"\\","1439":"A","1440":"c","1441":"a","1442":"d","1443":"e","1444":"m","1445":"y","1446":"V","1447":"u","1448":"e","1449":"\\","1450":"\\","1451":"v","1452":"u","1453":"e","1454":"-","1455":"h","1456":"i","1457":"g","1458":"h","1459":"c","1460":"h","1461":"a","1462":"r","1463":"t","1464":"s","1465":"-","1466":"a","1467":"p","1468":"p","1469":"\\","1470":"\\","1471":"s","1472":"r","1473":"c","1474":"\\","1475":"\\","1476":"c","1477":"o","1478":"m","1479":"m","1480":"o","1481":"n","1482":"-","1483":"t","1484":"e","1485":"m","1486":"p","1487":"l","1488":"a","1489":"t","1490":"e","1491":"s","1492":"\\","1493":"\\","1494":"A","1495":"u","1496":"t","1497":"o","1498":"C","1499":"o","1500":"m","1501":"p","1502":"l","1503":"e","1504":"t","1505":"e","1506":".","1507":"v","1508":"u","1509":"e","1510":"\"","1511":",","1512":"\"","1513":"s","1514":"o","1515":"u","1516":"r","1517":"c","1518":"e","1519":"s","1520":"C","1521":"o","1522":"n","1523":"t","1524":"e","1525":"n","1526":"t","1527":"\"","1528":":","1529":"[","1530":"\"","1531":"<","1532":"t","1533":"e","1534":"m","1535":"p","1536":"l","1537":"a","1538":"t","1539":"e","1540":">","1541":"\\","1542":"r","1543":"\\","1544":"n","1545":" ","1546":" ","1547":"<","1548":"d","1549":"i","1550":"v","1551":">","1552":"\\","1553":"r","1554":"\\","1555":"n","1556":" ","1557":" ","1558":" ","1559":" ","1560":"<","1561":"i","1562":"n","1563":"p","1564":"u","1565":"t","1566":" ","1567":"c","1568":"l","1569":"a","1570":"s","1571":"s","1572":"=","1573":"\\","1574":"\"","1575":"f","1576":"o","1577":"r","1578":"m","1579":"-","1580":"c","1581":"o","1582":"n","1583":"t","1584":"r","1585":"o","1586":"l","1587":"\\","1588":"\"","1589":" ","1590":"t","1591":"y","1592":"p","1593":"e","1594":"=","1595":"\\","1596":"\"","1597":"t","1598":"e","1599":"x","1600":"t","1601":"\\","1602":"\"","1603":" ","1604":"i","1605":"d","1606":"=","1607":"\\","1608":"\"","1609":"s","1610":"e","1611":"a","1612":"r","1613":"c","1614":"h","1615":"\\","1616":"\"","1617":" ","1618":"a","1619":"u","1620":"t","1621":"o","1622":"c","1623":"o","1624":"m","1625":"p","1626":"l","1627":"e","1628":"t","1629":"e","1630":"=","1631":"\\","1632":"\"","1633":"o","1634":"f","1635":"f","1636":"\\","1637":"\"","1638":" ","1639":":","1640":"v","1641":"a","1642":"l","1643":"u","1644":"e","1645":"=","1646":"\\","1647":"\"","1648":"m","1649":"o","1650":"d","1651":"e","1652":"l","1653":"V","1654":"a","1655":"l","1656":"u","1657":"e","1658":"\\","1659":"\"","1660":"\\","1661":"r","1662":"\\","1663":"n","1664":" ","1665":" ","1666":" ","1667":" ","1668":" ","1669":" ","1670":"@","1671":"i","1672":"n","1673":"p","1674":"u","1675":"t","1676":"=","1677":"\\","1678":"\"","1679":"h","1680":"a","1681":"n","1682":"d","1683":"l","1684":"e","1685":"I","1686":"n","1687":"p","1688":"u","1689":"t","1690":"\\","1691":"\"","1692":" ","1693":"@","1694":"f","1695":"o","1696":"c","1697":"u","1698":"s","1699":"=","1700":"\\","1701":"\"","1702":"i","1703":"s","1704":"D","1705":"r","1706":"o","1707":"p","1708":"D","1709":"o","1710":"w","1711":"n","1712":"V","1713":"i","1714":"s","1715":"i","1716":"b","1717":"l","1718":"e","1719":" ","1720":"=","1721":" ","1722":"t","1723":"r","1724":"u","1725":"e","1726":"\\","1727":"\"","1728":" ","1729":"@","1730":"b","1731":"l","1732":"u","1733":"r","1734":"=","1735":"\\","1736":"\"","1737":"h","1738":"a","1739":"n","1740":"d","1741":"l","1742":"e","1743":"B","1744":"l","1745":"u","1746":"r","1747":"\\","1748":"\"","1749":" ","1750":"/","1751":">","1752":"\\","1753":"r","1754":"\\","1755":"n","1756":" ","1757":" ","1758":" ","1759":" ","1760":"<","1761":"u","1762":"l","1763":" ","1764":"v","1765":"-","1766":"s","1767":"h","1768":"o","1769":"w","1770":"=","1771":"\\","1772":"\"","1773":"i","1774":"s","1775":"D","1776":"r","1777":"o","1778":"p","1779":"D","1780":"o","1781":"w","1782":"n","1783":"V","1784":"i","1785":"s","1786":"i","1787":"b","1788":"l","1789":"e","1790":"\\","1791":"\"","1792":">","1793":"\\","1794":"r","1795":"\\","1796":"n","1797":" ","1798":" ","1799":" ","1800":" ","1801":" ","1802":" ","1803":"<","1804":"l","1805":"i","1806":" ","1807":"v","1808":"-","1809":"f","1810":"o","1811":"r","1812":"=","1813":"\\","1814":"\"","1815":"t","1816":"i","1817":"m","1818":"e","1819":"Z","1820":"o","1821":"n","1822":"e","1823":" ","1824":"i","1825":"n","1826":" ","1827":"s","1828":"e","1829":"a","1830":"r","1831":"c","1832":"h","1833":"V","1834":"a","1835":"l","1836":"u","1837":"e","1838":"s","1839":"\\","1840":"\"","1841":" ","1842":":","1843":"k","1844":"e","1845":"y","1846":"=","1847":"\\","1848":"\"","1849":"t","1850":"i","1851":"m","1852":"e","1853":"Z","1854":"o","1855":"n","1856":"e","1857":"\\","1858":"\"","1859":">","1860":"\\","1861":"r","1862":"\\","1863":"n","1864":" ","1865":" ","1866":" ","1867":" ","1868":" ","1869":" ","1870":" ","1871":" ","1872":"<","1873":"b","1874":"u","1875":"t","1876":"t","1877":"o","1878":"n","1879":" ","1880":"c","1881":"l","1882":"a","1883":"s","1884":"s","1885":"=","1886":"\\","1887":"\"","1888":"b","1889":"t","1890":"n","1891":" ","1892":"b","1893":"t","1894":"n","1895":"-","1896":"l","1897":"i","1898":"g","1899":"h","1900":"t","1901":"\\","1902":"\"","1903":" ","1904":"@","1905":"m","1906":"o","1907":"u","1908":"s","1909":"e","1910":"d","1911":"o","1912":"w","1913":"n","1914":".","1915":"p","1916":"r","1917":"e","1918":"v","1919":"e","1920":"n","1921":"t","1922":".","1923":"s","1924":"t","1925":"o","1926":"p","1927":"=","1928":"\\","1929":"\"","1930":"h","1931":"a","1932":"n","1933":"d","1934":"l","1935":"e","1936":"B","1937":"u","1938":"t","1939":"t","1940":"o","1941":"n","1942":"M","1943":"o","1944":"u","1945":"s","1946":"e","1947":"D","1948":"o","1949":"w","1950":"n","1951":"\\","1952":"\"","1953":"\\","1954":"r","1955":"\\","1956":"n","1957":" ","1958":" ","1959":" ","1960":" ","1961":" ","1962":" ","1963":" ","1964":" ","1965":" ","1966":" ","1967":"@","1968":"c","1969":"l","1970":"i","1971":"c","1972":"k","1973":".","1974":"p","1975":"r","1976":"e","1977":"v","1978":"e","1979":"n","1980":"t","1981":"=","1982":"\\","1983":"\"","1984":"s","1985":"e","1986":"l","1987":"e","1988":"c","1989":"t","1990":"T","1991":"i","1992":"m","1993":"e","1994":"Z","1995":"o","1996":"n","1997":"e","1998":"(","1999":"t","2000":"i","2001":"m","2002":"e","2003":"Z","2004":"o","2005":"n","2006":"e","2007":")","2008":"\\","2009":"\"","2010":">","2011":"{","2012":"{","2013":" ","2014":"t","2015":"i","2016":"m","2017":"e","2018":"Z","2019":"o","2020":"n","2021":"e","2022":" ","2023":"}","2024":"}","2025":"<","2026":"/","2027":"b","2028":"u","2029":"t","2030":"t","2031":"o","2032":"n","2033":">","2034":"\\","2035":"r","2036":"\\","2037":"n","2038":" ","2039":" ","2040":" ","2041":" ","2042":" ","2043":" ","2044":"<","2045":"/","2046":"l","2047":"i","2048":">","2049":"\\","2050":"r","2051":"\\","2052":"n","2053":" ","2054":" ","2055":" ","2056":" ","2057":"<","2058":"/","2059":"u","2060":"l","2061":">","2062":"\\","2063":"r","2064":"\\","2065":"n","2066":" ","2067":" ","2068":" ","2069":" ","2070":"<","2071":"p","2072":" ","2073":"v","2074":"-","2075":"i","2076":"f","2077":"=","2078":"\\","2079":"\"","2080":"i","2081":"s","2082":"V","2083":"a","2084":"l","2085":"i","2086":"d","2087":"T","2088":"I","2089":"m","2090":"e","2091":"Z","2092":"o","2093":"n","2094":"e","2095":" ","2096":"&","2097":"&","2098":" ","2099":"c","2100":"h","2101":"e","2102":"c","2103":"k","2104":"V","2105":"a","2106":"l","2107":"i","2108":"d","2109":"i","2110":"t","2111":"y","2112":"\\","2113":"\"","2114":" ","2115":"c","2116":"l","2117":"a","2118":"s","2119":"s","2120":"=","2121":"\\","2122":"\"","2123":"t","2124":"e","2125":"x","2126":"t","2127":"-","2128":"d","2129":"a","2130":"n","2131":"g","2132":"e","2133":"r","2134":"\\","2135":"\"","2136":">","2137":"{","2138":"{","2139":" ","2140":"i","2141":"s","2142":"V","2143":"a","2144":"l","2145":"i","2146":"d","2147":"T","2148":"I","2149":"m","2150":"e","2151":"Z","2152":"o","2153":"n","2154":"e","2155":" ","2156":"}","2157":"}","2158":"<","2159":"/","2160":"p","2161":">","2162":"\\","2163":"r","2164":"\\","2165":"n","2166":" ","2167":" ","2168":"<","2169":"/","2170":"d","2171":"i","2172":"v","2173":">","2174":"\\","2175":"r","2176":"\\","2177":"n","2178":"<","2179":"/","2180":"t","2181":"e","2182":"m","2183":"p","2184":"l","2185":"a","2186":"t","2187":"e","2188":">","2189":"\\","2190":"r","2191":"\\","2192":"n","2193":"\\","2194":"r","2195":"\\","2196":"n","2197":"<","2198":"s","2199":"c","2200":"r","2201":"i","2202":"p","2203":"t","2204":" ","2205":"s","2206":"e","2207":"t","2208":"u","2209":"p","2210":">","2211":"\\","2212":"r","2213":"\\","2214":"n","2215":"/","2216":"*","2217":"\\","2218":"r","2219":"\\","2220":"n","2221":" ","2222":" ","2223":" ","2224":"i","2225":"m","2226":"p","2227":"o","2228":"r","2229":"t","2230":"s","2231":"\\","2232":"r","2233":"\\","2234":"n","2235":"*","2236":"/","2237":"\\","2238":"r","2239":"\\","2240":"n","2241":"i","2242":"m","2243":"p","2244":"o","2245":"r","2246":"t","2247":" ","2248":"{","2249":" ","2250":"r","2251":"e","2252":"f","2253":",","2254":" ","2255":"c","2256":"o","2257":"m","2258":"p","2259":"u","2260":"t","2261":"e","2262":"d","2263":",","2264":" ","2265":"n","2266":"e","2267":"x","2268":"t","2269":"T","2270":"i","2271":"c","2272":"k","2273":" ","2274":"}","2275":" ","2276":"f","2277":"r","2278":"o","2279":"m","2280":" ","2281":"'","2282":"v","2283":"u","2284":"e","2285":"'","2286":";","2287":"\\","2288":"r","2289":"\\","2290":"n","2291":"\\","2292":"r","2293":"\\","2294":"n","2295":"/","2296":"*","2297":"\\","2298":"r","2299":"\\","2300":"n","2301":" ","2302":" ","2303":"e","2304":"m","2305":"i","2306":"t","2307":"s","2308":"\\","2309":"r","2310":"\\","2311":"n","2312":"*","2313":"/","2314":"\\","2315":"r","2316":"\\","2317":"n","2318":"c","2319":"o","2320":"n","2321":"s","2322":"t","2323":" ","2324":"e","2325":"m","2326":"i","2327":"t","2328":"s","2329":" ","2330":"=","2331":" ","2332":"d","2333":"e","2334":"f","2335":"i","2336":"n","2337":"e","2338":"E","2339":"m","2340":"i","2341":"t","2342":"s","2343":"(","2344":"[","2345":"'","2346":"u","2347":"p","2348":"d","2349":"a","2350":"t","2351":"e","2352":":","2353":"m","2354":"o","2355":"d","2356":"e","2357":"l","2358":"V","2359":"a","2360":"l","2361":"u","2362":"e","2363":"'","2364":"]","2365":")","2366":";","2367":"\\","2368":"r","2369":"\\","2370":"n","2371":"\\","2372":"r","2373":"\\","2374":"n","2375":"/","2376":"*","2377":"\\","2378":"r","2379":"\\","2380":"n","2381":" ","2382":" ","2383":"p","2384":"r","2385":"o","2386":"p","2387":"s","2388":"\\","2389":"r","2390":"\\","2391":"n","2392":"*","2393":"/","2394":"\\","2395":"r","2396":"\\","2397":"n","2398":"c","2399":"o","2400":"n","2401":"s","2402":"t","2403":" ","2404":"p","2405":"r","2406":"o","2407":"p","2408":"s","2409":" ","2410":"=","2411":" ","2412":"d","2413":"e","2414":"f","2415":"i","2416":"n","2417":"e","2418":"P","2419":"r","2420":"o","2421":"p","2422":"s","2423":"(","2424":"{","2425":"\\","2426":"r","2427":"\\","2428":"n","2429":" ","2430":" ","2431":"m","2432":"o","2433":"d","2434":"e","2435":"l","2436":"V","2437":"a","2438":"l","2439":"u","2440":"e","2441":":","2442":" ","2443":"{","2444":"\\","2445":"r","2446":"\\","2447":"n","2448":" ","2449":" ","2450":" ","2451":" ","2452":"t","2453":"y","2454":"p","2455":"e","2456":":","2457":" ","2458":"S","2459":"t","2460":"r","2461":"i","2462":"n","2463":"g","2464":",","2465":"\\","2466":"r","2467":"\\","2468":"n","2469":" ","2470":" ","2471":" ","2472":" ","2473":"r","2474":"e","2475":"q","2476":"u","2477":"i","2478":"r","2479":"e","2480":"d","2481":":","2482":" ","2483":"t","2484":"r","2485":"u","2486":"e","2487":",","2488":"\\","2489":"r","2490":"\\","2491":"n","2492":" ","2493":" ","2494":"}","2495":",","2496":"\\","2497":"r","2498":"\\","2499":"n","2500":" ","2501":" ","2502":"d","2503":"a","2504":"t","2505":"a","2506":":","2507":" ","2508":"{","2509":"\\","2510":"r","2511":"\\","2512":"n","2513":" ","2514":" ","2515":" ","2516":" ","2517":"t","2518":"y","2519":"p","2520":"e","2521":":","2522":" ","2523":"A","2524":"r","2525":"r","2526":"a","2527":"y","2528":",","2529":"\\","2530":"r","2531":"\\","2532":"n","2533":" ","2534":" ","2535":" ","2536":" ","2537":"r","2538":"e","2539":"q","2540":"u","2541":"i","2542":"r","2543":"e","2544":"d","2545":":","2546":" ","2547":"t","2548":"r","2549":"u","2550":"e","2551":",","2552":"\\","2553":"r","2554":"\\","2555":"n","2556":" ","2557":" ","2558":"}","2559":",","2560":"\\","2561":"r","2562":"\\","2563":"n","2564":"}","2565":")","2566":";","2567":"\\","2568":"r","2569":"\\","2570":"n","2571":"\\","2572":"r","2573":"\\","2574":"n","2575":"\\","2576":"r","2577":"\\","2578":"n","2579":"/","2580":"*","2581":"\\","2582":"r","2583":"\\","2584":"n","2585":" ","2586":" ","2587":" ","2588":"h","2589":"a","2590":"n","2591":"d","2592":"l","2593":"i","2594":"n","2595":"g","2596":" ","2597":"c","2598":"u","2599":"s","2600":"t","2601":"o","2602":"m","2603":" ","2604":"a","2605":"u","2606":"t","2607":"o","2608":"c","2609":"o","2610":"m","2611":"p","2612":"l","2613":"e","2614":"t","2615":"e","2616":" ","2617":"d","2618":"r","2619":"o","2620":"p","2621":"d","2622":"o","2623":"w","2624":"n","2625":"\\","2626":"r","2627":"\\","2628":"n","2629":"*","2630":"/","2631":"\\","2632":"r","2633":"\\","2634":"n","2635":"c","2636":"o","2637":"n","2638":"s","2639":"t","2640":" ","2641":"i","2642":"s","2643":"D","2644":"r","2645":"o","2646":"p","2647":"D","2648":"o","2649":"w","2650":"n","2651":"V","2652":"i","2653":"s","2654":"i","2655":"b","2656":"l","2657":"e","2658":" ","2659":"=","2660":" ","2661":"r","2662":"e","2663":"f","2664":"(","2665":"f","2666":"a","2667":"l","2668":"s","2669":"e","2670":")","2671":";","2672":"\\","2673":"r","2674":"\\","2675":"n","2676":"c","2677":"o","2678":"n","2679":"s","2680":"t","2681":" ","2682":"c","2683":"h","2684":"e","2685":"c","2686":"k","2687":"V","2688":"a","2689":"l","2690":"i","2691":"d","2692":"i","2693":"t","2694":"y","2695":" ","2696":"=","2697":" ","2698":"r","2699":"e","2700":"f","2701":"(","2702":"f","2703":"a","2704":"l","2705":"s","2706":"e","2707":")","2708":";","2709":"\\","2710":"r","2711":"\\","2712":"n","2713":"\\","2714":"r","2715":"\\","2716":"n","2717":"c","2718":"o","2719":"n","2720":"s","2721":"t","2722":" ","2723":"h","2724":"a","2725":"n","2726":"d","2727":"l","2728":"e","2729":"B","2730":"l","2731":"u","2732":"r","2733":" ","2734":"=","2735":" ","2736":"(","2737":")","2738":" ","2739":"=","2740":">","2741":" ","2742":"{","2743":"\\","2744":"r","2745":"\\","2746":"n","2747":" ","2748":" ","2749":"n","2750":"e","2751":"x","2752":"t","2753":"T","2754":"i","2755":"c","2756":"k","2757":"(","2758":"(","2759":")","2760":" ","2761":"=","2762":">","2763":" ","2764":"{","2765":"\\","2766":"r","2767":"\\","2768":"n","2769":" ","2770":" ","2771":" ","2772":" ","2773":"c","2774":"h","2775":"e","2776":"c","2777":"k","2778":"V","2779":"a","2780":"l","2781":"i","2782":"d","2783":"i","2784":"t","2785":"y","2786":".","2787":"v","2788":"a","2789":"l","2790":"u","2791":"e","2792":" ","2793":"=","2794":" ","2795":"t","2796":"r","2797":"u","2798":"e","2799":";","2800":"\\","2801":"r","2802":"\\","2803":"n","2804":" ","2805":" ","2806":" ","2807":" ","2808":"i","2809":"s","2810":"D","2811":"r","2812":"o","2813":"p","2814":"D","2815":"o","2816":"w","2817":"n","2818":"V","2819":"i","2820":"s","2821":"i","2822":"b","2823":"l","2824":"e","2825":".","2826":"v","2827":"a","2828":"l","2829":"u","2830":"e","2831":" ","2832":"=","2833":" ","2834":"f","2835":"a","2836":"l","2837":"s","2838":"e","2839":";","2840":"\\","2841":"r","2842":"\\","2843":"n","2844":" ","2845":" ","2846":"}","2847":")","2848":";","2849":"\\","2850":"r","2851":"\\","2852":"n","2853":"}","2854":";","2855":"\\","2856":"r","2857":"\\","2858":"n","2859":"\\","2860":"r","2861":"\\","2862":"n","2863":"c","2864":"o","2865":"n","2866":"s","2867":"t","2868":" ","2869":"h","2870":"a","2871":"n","2872":"d","2873":"l","2874":"e","2875":"I","2876":"n","2877":"p","2878":"u","2879":"t","2880":" ","2881":"=","2882":" ","2883":"(","2884":"e","2885":"v","2886":"e","2887":"n","2888":"t","2889":")","2890":" ","2891":"=","2892":">","2893":" ","2894":"{","2895":"\\","2896":"r","2897":"\\","2898":"n","2899":" ","2900":" ","2901":"e","2902":"m","2903":"i","2904":"t","2905":"s","2906":"(","2907":"'","2908":"u","2909":"p","2910":"d","2911":"a","2912":"t","2913":"e","2914":":","2915":"m","2916":"o","2917":"d","2918":"e","2919":"l","2920":"V","2921":"a","2922":"l","2923":"u","2924":"e","2925":"'","2926":",","2927":" ","2928":"e","2929":"v","2930":"e","2931":"n","2932":"t","2933":".","2934":"t","2935":"a","2936":"r","2937":"g","2938":"e","2939":"t","2940":".","2941":"v","2942":"a","2943":"l","2944":"u","2945":"e","2946":")","2947":";","2948":"\\","2949":"r","2950":"\\","2951":"n","2952":" ","2953":" ","2954":"i","2955":"s","2956":"D","2957":"r","2958":"o","2959":"p","2960":"D","2961":"o","2962":"w","2963":"n","2964":"V","2965":"i","2966":"s","2967":"i","2968":"b","2969":"l","2970":"e","2971":".","2972":"v","2973":"a","2974":"l","2975":"u","2976":"e","2977":" ","2978":"=","2979":" ","2980":"t","2981":"r","2982":"u","2983":"e","2984":";","2985":"\\","2986":"r","2987":"\\","2988":"n","2989":"}","2990":";","2991":"\\","2992":"r","2993":"\\","2994":"n","2995":"\\","2996":"r","2997":"\\","2998":"n","2999":"\\","3000":"r","3001":"\\","3002":"n","3003":"c","3004":"o","3005":"n","3006":"s","3007":"t","3008":" ","3009":"s","3010":"e","3011":"a","3012":"r","3013":"c","3014":"h","3015":"V","3016":"a","3017":"l","3018":"u","3019":"e","3020":"s","3021":" ","3022":"=","3023":" ","3024":"c","3025":"o","3026":"m","3027":"p","3028":"u","3029":"t","3030":"e","3031":"d","3032":"(","3033":"(","3034":")","3035":" ","3036":"=","3037":">","3038":" ","3039":"p","3040":"r","3041":"o","3042":"p","3043":"s","3044":".","3045":"d","3046":"a","3047":"t","3048":"a","3049":".","3050":"f","3051":"i","3052":"l","3053":"t","3054":"e","3055":"r","3056":"(","3057":"t","3058":"i","3059":"m","3060":"e","3061":"Z","3062":"o","3063":"n","3064":"e","3065":" ","3066":"=","3067":">","3068":" ","3069":"t","3070":"i","3071":"m","3072":"e","3073":"Z","3074":"o","3075":"n","3076":"e","3077":".","3078":"t","3079":"o","3080":"L","3081":"o","3082":"w","3083":"e","3084":"r","3085":"C","3086":"a","3087":"s","3088":"e","3089":"(","3090":")","3091":"\\","3092":"r","3093":"\\","3094":"n","3095":" ","3096":" ","3097":".","3098":"i","3099":"n","3100":"c","3101":"l","3102":"u","3103":"d","3104":"e","3105":"s","3106":"(","3107":"p","3108":"r","3109":"o","3110":"p","3111":"s","3112":".","3113":"m","3114":"o","3115":"d","3116":"e","3117":"l","3118":"V","3119":"a","3120":"l","3121":"u","3122":"e","3123":".","3124":"t","3125":"o","3126":"L","3127":"o","3128":"c","3129":"a","3130":"l","3131":"e","3132":"L","3133":"o","3134":"w","3135":"e","3136":"r","3137":"C","3138":"a","3139":"s","3140":"e","3141":"(","3142":")","3143":")","3144":")","3145":"\\","3146":"r","3147":"\\","3148":"n","3149":" ","3150":" ","3151":".","3152":"s","3153":"l","3154":"i","3155":"c","3156":"e","3157":"(","3158":"0","3159":",","3160":" ","3161":"1","3162":"0","3163":")","3164":"\\","3165":"r","3166":"\\","3167":"n","3168":" ","3169":" ","3170":".","3171":"s","3172":"o","3173":"r","3174":"t","3175":"(","3176":"(","3177":"a","3178":",","3179":" ","3180":"b","3181":")","3182":" ","3183":"=","3184":">","3185":" ","3186":"a","3187":".","3188":"l","3189":"o","3190":"c","3191":"a","3192":"l","3193":"e","3194":"C","3195":"o","3196":"m","3197":"p","3198":"a","3199":"r","3200":"e","3201":"(","3202":"b","3203":")","3204":")","3205":"\\","3206":"r","3207":"\\","3208":"n","3209":")","3210":";","3211":"\\","3212":"r","3213":"\\","3214":"n","3215":"\\","3216":"r","3217":"\\","3218":"n","3219":"c","3220":"o","3221":"n","3222":"s","3223":"t","3224":" ","3225":"s","3226":"e","3227":"l","3228":"e","3229":"c","3230":"t","3231":"T","3232":"i","3233":"m","3234":"e","3235":"Z","3236":"o","3237":"n","3238":"e","3239":" ","3240":"=","3241":" ","3242":"(","3243":"v","3244":"a","3245":"l","3246":")","3247":" ","3248":"=","3249":">","3250":" ","3251":"{","3252":"\\","3253":"r","3254":"\\","3255":"n","3256":" ","3257":" ","3258":"e","3259":"m","3260":"i","3261":"t","3262":"s","3263":"(","3264":"'","3265":"u","3266":"p","3267":"d","3268":"a","3269":"t","3270":"e","3271":":","3272":"m","3273":"o","3274":"d","3275":"e","3276":"l","3277":"V","3278":"a","3279":"l","3280":"u","3281":"e","3282":"'","3283":",","3284":" ","3285":"v","3286":"a","3287":"l","3288":")","3289":";","3290":"\\","3291":"r","3292":"\\","3293":"n","3294":" ","3295":" ","3296":"i","3297":"s","3298":"D","3299":"r","3300":"o","3301":"p","3302":"D","3303":"o","3304":"w","3305":"n","3306":"V","3307":"i","3308":"s","3309":"i","3310":"b","3311":"l","3312":"e","3313":".","3314":"v","3315":"a","3316":"l","3317":"u","3318":"e","3319":" ","3320":"=","3321":" ","3322":"f","3323":"a","3324":"l","3325":"s","3326":"e","3327":";","3328":"\\","3329":"r","3330":"\\","3331":"n","3332":"}","3333":";","3334":"\\","3335":"r","3336":"\\","3337":"n","3338":"\\","3339":"r","3340":"\\","3341":"n","3342":"c","3343":"o","3344":"n","3345":"s","3346":"t","3347":" ","3348":"i","3349":"s","3350":"V","3351":"a","3352":"l","3353":"i","3354":"d","3355":"T","3356":"I","3357":"m","3358":"e","3359":"Z","3360":"o","3361":"n","3362":"e","3363":" ","3364":"=","3365":" ","3366":"c","3367":"o","3368":"m","3369":"p","3370":"u","3371":"t","3372":"e","3373":"d","3374":"(","3375":"(","3376":")","3377":" ","3378":"=","3379":">","3380":" ","3381":"{","3382":"\\","3383":"r","3384":"\\","3385":"n","3386":" ","3387":" ","3388":"i","3389":"f","3390":" ","3391":"(","3392":"c","3393":"h","3394":"e","3395":"c","3396":"k","3397":"V","3398":"a","3399":"l","3400":"i","3401":"d","3402":"i","3403":"t","3404":"y","3405":".","3406":"v","3407":"a","3408":"l","3409":"u","3410":"e","3411":")","3412":" ","3413":"{","3414":"\\","3415":"r","3416":"\\","3417":"n","3418":" ","3419":" ","3420":" ","3421":" ","3422":"r","3423":"e","3424":"t","3425":"u","3426":"r","3427":"n","3428":" ","3429":"!","3430":"p","3431":"r","3432":"o","3433":"p","3434":"s","3435":".","3436":"d","3437":"a","3438":"t","3439":"a","3440":".","3441":"f","3442":"i","3443":"n","3444":"d","3445":"(","3446":"t","3447":"i","3448":"m","3449":"e","3450":"Z","3451":"o","3452":"n","3453":"e","3454":" ","3455":"=","3456":">","3457":" ","3458":"t","3459":"i","3460":"m","3461":"e","3462":"Z","3463":"o","3464":"n","3465":"e","3466":" ","3467":"=","3468":"=","3469":"=","3470":" ","3471":"p","3472":"r","3473":"o","3474":"p","3475":"s","3476":".","3477":"m","3478":"o","3479":"d","3480":"e","3481":"l","3482":"V","3483":"a","3484":"l","3485":"u","3486":"e","3487":")","3488":" ","3489":"?","3490":" ","3491":"'","3492":"P","3493":"l","3494":"e","3495":"a","3496":"s","3497":"e","3498":" ","3499":"s","3500":"e","3501":"l","3502":"e","3503":"c","3504":"t","3505":" ","3506":"a","3507":" ","3508":"v","3509":"a","3510":"l","3511":"i","3512":"d","3513":" ","3514":"t","3515":"i","3516":"m","3517":"e","3518":" ","3519":"z","3520":"o","3521":"n","3522":"e","3523":"!","3524":"'","3525":" ","3526":":","3527":" ","3528":"n","3529":"u","3530":"l","3531":"l","3532":";","3533":"\\","3534":"r","3535":"\\","3536":"n","3537":" ","3538":" ","3539":"}","3540":" ","3541":"e","3542":"l","3543":"s","3544":"e","3545":" ","3546":"{","3547":"\\","3548":"r","3549":"\\","3550":"n","3551":" ","3552":" ","3553":" ","3554":" ","3555":"r","3556":"e","3557":"t","3558":"u","3559":"r","3560":"n","3561":" ","3562":"n","3563":"u","3564":"l","3565":"l","3566":";","3567":"\\","3568":"r","3569":"\\","3570":"n","3571":" ","3572":" ","3573":"}","3574":"\\","3575":"r","3576":"\\","3577":"n","3578":"}","3579":")","3580":";","3581":"\\","3582":"r","3583":"\\","3584":"n","3585":"\\","3586":"r","3587":"\\","3588":"n","3589":"<","3590":"/","3591":"s","3592":"c","3593":"r","3594":"i","3595":"p","3596":"t","3597":">","3598":"\\","3599":"r","3600":"\\","3601":"n","3602":"\\","3603":"r","3604":"\\","3605":"n","3606":"<","3607":"s","3608":"t","3609":"y","3610":"l","3611":"e","3612":" ","3613":"s","3614":"c","3615":"o","3616":"p","3617":"e","3618":"d","3619":" ","3620":"l","3621":"a","3622":"n","3623":"g","3624":"=","3625":"\\","3626":"\"","3627":"s","3628":"c","3629":"s","3630":"s","3631":"\\","3632":"\"","3633":">","3634":"\\","3635":"r","3636":"\\","3637":"n","3638":"u","3639":"l","3640":" ","3641":"{","3642":"\\","3643":"r","3644":"\\","3645":"n","3646":" ","3647":" ","3648":"p","3649":"o","3650":"s","3651":"i","3652":"t","3653":"i","3654":"o","3655":"n","3656":":","3657":" ","3658":"a","3659":"b","3660":"s","3661":"o","3662":"l","3663":"u","3664":"t","3665":"e","3666":";","3667":"\\","3668":"r","3669":"\\","3670":"n","3671":" ","3672":" ","3673":"f","3674":"l","3675":"e","3676":"x","3677":"-","3678":"d","3679":"i","3680":"r","3681":"e","3682":"c","3683":"t","3684":"i","3685":"o","3686":"n","3687":":","3688":" ","3689":"c","3690":"o","3691":"l","3692":"u","3693":"m","3694":"n","3695":";","3696":"\\","3697":"r","3698":"\\","3699":"n","3700":" ","3701":" ","3702":"p","3703":"a","3704":"d","3705":"d","3706":"i","3707":"n","3708":"g","3709":":","3710":" ","3711":"0","3712":";","3713":"\\","3714":"r","3715":"\\","3716":"n","3717":" ","3718":" ","3719":"j","3720":"u","3721":"s","3722":"t","3723":"i","3724":"f","3725":"y","3726":"-","3727":"c","3728":"o","3729":"n","3730":"t","3731":"e","3732":"n","3733":"t","3734":":","3735":" ","3736":"c","3737":"e","3738":"n","3739":"t","3740":"e","3741":"r","3742":";","3743":"\\","3744":"r","3745":"\\","3746":"n","3747":" ","3748":" ","3749":"z","3750":"-","3751":"i","3752":"n","3753":"d","3754":"e","3755":"x","3756":":","3757":" ","3758":"4","3759":";","3760":"\\","3761":"r","3762":"\\","3763":"n","3764":" ","3765":" ","3766":"l","3767":"i","3768":"s","3769":"t","3770":"-","3771":"s","3772":"t","3773":"y","3774":"l","3775":"e","3776":":","3777":" ","3778":"n","3779":"o","3780":"n","3781":"e","3782":";","3783":"\\","3784":"r","3785":"\\","3786":"n","3787":" ","3788":" ","3789":"m","3790":"a","3791":"x","3792":"-","3793":"h","3794":"e","3795":"i","3796":"g","3797":"h","3798":"t","3799":":","3800":" ","3801":"3","3802":"0","3803":"0","3804":"p","3805":"x","3806":";","3807":"\\","3808":"r","3809":"\\","3810":"n","3811":" ","3812":" ","3813":"o","3814":"v","3815":"e","3816":"r","3817":"f","3818":"l","3819":"o","3820":"w","3821":"-","3822":"y","3823":":","3824":" ","3825":"a","3826":"u","3827":"t","3828":"o","3829":";","3830":"\\","3831":"r","3832":"\\","3833":"n","3834":"\\","3835":"r","3836":"\\","3837":"n","3838":" ","3839":" ","3840":"b","3841":"u","3842":"t","3843":"t","3844":"o","3845":"n","3846":" ","3847":"{","3848":"\\","3849":"r","3850":"\\","3851":"n","3852":" ","3853":" ","3854":" ","3855":" ","3856":"w","3857":"i","3858":"d","3859":"t","3860":"h","3861":":","3862":" ","3863":"1","3864":"0","3865":"0","3866":"%","3867":";","3868":"\\","3869":"r","3870":"\\","3871":"n","3872":" ","3873":" ","3874":" ","3875":" ","3876":"p","3877":"a","3878":"d","3879":"d","3880":"i","3881":"n","3882":"g","3883":":","3884":" ","3885":"1","3886":"r","3887":"e","3888":"m","3889":";","3890":"\\","3891":"r","3892":"\\","3893":"n","3894":" ","3895":" ","3896":" ","3897":" ","3898":"m","3899":"a","3900":"x","3901":"-","3902":"w","3903":"i","3904":"d","3905":"t","3906":"h","3907":":","3908":" ","3909":"2","3910":"1","3911":"2","3912":"p","3913":"x","3914":";","3915":"\\","3916":"r","3917":"\\","3918":"n","3919":" ","3920":" ","3921":" ","3922":" ","3923":"m","3924":"i","3925":"n","3926":"-","3927":"w","3928":"i","3929":"d","3930":"t","3931":"h","3932":":","3933":" ","3934":"2","3935":"1","3936":"2","3937":"p","3938":"x","3939":";","3940":"\\","3941":"r","3942":"\\","3943":"n","3944":" ","3945":" ","3946":"}","3947":"\\","3948":"r","3949":"\\","3950":"n","3951":"}","3952":"\\","3953":"r","3954":"\\","3955":"n","3956":"<","3957":"/","3958":"s","3959":"t","3960":"y","3961":"l","3962":"e","3963":">","3964":"\\","3965":"r","3966":"\\","3967":"n","3968":"\"","3969":"]","3970":"}"},"_coverageSchema":"1a1c01bbd47fc00a2c39e90264f33305004495a9","hash":"d061c957be8445f614fed328e20f0b79a39311bf"}
,"C:\\Users\\Georgi\\Desktop\\AcademyVue\\vue-highcharts-app\\src\\common-templates\\BasicInput.vue": {"path":"C:\\Users\\Georgi\\Desktop\\AcademyVue\\vue-highcharts-app\\src\\common-templates\\BasicInput.vue","statementMap":{"0":{"start":{"line":4,"column":0},"end":{"line":6,"column":3}},"1":{"start":{"line":7,"column":0},"end":{"line":7,"column":25}},"2":{"start":{"line":84,"column":0},"end":{"line":86,"column":3}},"3":{"start":{"line":87,"column":0},"end":{"line":87,"column":24}},"4":{"start":{"line":88,"column":11},"end":{"line":88,"column":25}},"5":{"start":{"line":89,"column":19},"end":{"line":89,"column":26}},"6":{"start":{"line":90,"column":19},"end":{"line":90,"column":28}},"7":{"start":{"line":91,"column":19},"end":{"line":91,"column":42}},"8":{"start":{"line":93,"column":2},"end":{"line":110,"column":186}},"9":{"start":{"line":99,"column":63},"end":{"line":99,"column":84}},"10":{"start":{"line":101,"column":4},"end":{"line":103,"column":81}},"11":{"start":{"line":108,"column":63},"end":{"line":108,"column":84}},"12":{"start":{"line":111,"column":2},"end":{"line":111,"column":49}}},"fnMap":{"0":{"name":"render","decl":{"start":{"line":92,"column":9},"end":{"line":92,"column":15}},"loc":{"start":{"line":92,"column":63},"end":{"line":111,"column":1}},"line":92},"1":{"name":"(anonymous_1)","decl":{"start":{"line":99,"column":53},"end":{"line":99,"column":54}},"loc":{"start":{"line":99,"column":63},"end":{"line":99,"column":84}},"line":99},"2":{"name":"(anonymous_2)","decl":{"start":{"line":100,"column":127},"end":{"line":100,"column":128}},"loc":{"start":{"line":100,"column":137},"end":{"line":104,"column":3}},"line":100},"3":{"name":"(anonymous_3)","decl":{"start":{"line":108,"column":53},"end":{"line":108,"column":54}},"loc":{"start":{"line":108,"column":63},"end":{"line":108,"column":84}},"line":108}},"branchMap":{"0":{"loc":{"start":{"line":96,"column":86},"end":{"line":110,"column":77}},"type":"cond-expr","locations":[{"start":{"line":96,"column":113},"end":{"line":104,"column":97}},{"start":{"line":104,"column":100},"end":{"line":110,"column":77}}],"line":96},"1":{"loc":{"start":{"line":99,"column":27},"end":{"line":99,"column":85}},"type":"binary-expr","locations":[{"start":{"line":99,"column":27},"end":{"line":99,"column":36}},{"start":{"line":99,"column":41},"end":{"line":99,"column":84}}],"line":99},"2":{"loc":{"start":{"line":108,"column":27},"end":{"line":108,"column":85}},"type":"binary-expr","locations":[{"start":{"line":108,"column":27},"end":{"line":108,"column":36}},{"start":{"line":108,"column":41},"end":{"line":108,"column":84}}],"line":108}},"s":{"0":1,"1":1,"2":1,"3":1,"4":1,"5":1,"6":1,"7":1,"8":2,"9":0,"10":3,"11":0,"12":1},"f":{"0":2,"1":0,"2":3,"3":0},"b":{"0":[1,1],"1":[1,1],"2":[1,1]},"inputSourceMap":{"0":"{","1":"\"","2":"v","3":"e","4":"r","5":"s","6":"i","7":"o","8":"n","9":"\"","10":":","11":"3","12":",","13":"\"","14":"s","15":"o","16":"u","17":"r","18":"c","19":"e","20":"s","21":"\"","22":":","23":"[","24":"\"","25":"C","26":":","27":"/","28":"U","29":"s","30":"e","31":"r","32":"s","33":"/","34":"G","35":"e","36":"o","37":"r","38":"g","39":"i","40":"/","41":"D","42":"e","43":"s","44":"k","45":"t","46":"o","47":"p","48":"/","49":"A","50":"c","51":"a","52":"d","53":"e","54":"m","55":"y","56":"V","57":"u","58":"e","59":"/","60":"v","61":"u","62":"e","63":"-","64":"h","65":"i","66":"g","67":"h","68":"c","69":"h","70":"a","71":"r","72":"t","73":"s","74":"-","75":"a","76":"p","77":"p","78":"/","79":"s","80":"r","81":"c","82":"/","83":"c","84":"o","85":"m","86":"m","87":"o","88":"n","89":"-","90":"t","91":"e","92":"m","93":"p","94":"l","95":"a","96":"t","97":"e","98":"s","99":"/","100":"B","101":"a","102":"s","103":"i","104":"c","105":"I","106":"n","107":"p","108":"u","109":"t","110":".","111":"v","112":"u","113":"e","114":"\"","115":"]","116":",","117":"\"","118":"n","119":"a","120":"m","121":"e","122":"s","123":"\"","124":":","125":"[","126":"]","127":",","128":"\"","129":"m","130":"a","131":"p","132":"p","133":"i","134":"n","135":"g","136":"s","137":"\"","138":":","139":"\"","140":";","141":";","142":";","143":";","144":";","145":";","146":";","147":"A","148":"A","149":"e","150":"A","151":";","152":"A","153":"A","154":"A","155":"A","156":";","157":"A","158":"A","159":"A","160":"A","161":";","162":"A","163":"A","164":"A","165":"w","166":"C","167":";","168":"A","169":"A","170":"E","171":"x","172":"C","173":";","174":"A","175":"A","176":"C","177":"A","178":";","179":"A","180":"A","181":"C","182":"A","183":";","184":"A","185":"A","186":"F","187":"A","188":";","189":";","190":";","191":";","192":";","193":";","194":";","195":";","196":";","197":";","198":";","199":";","200":";","201":";","202":";","203":";","204":";","205":";","206":";","207":";","208":";","209":";","210":";","211":";","212":";","213":";","214":";","215":";","216":";","217":"I","218":"A","219":"L","220":"A","221":";","222":"A","223":"A","224":"C","225":"A","226":";","227":"A","228":"A","229":"C","230":"A","231":";","232":"I","233":"A","234":"M","235":"A","236":",","237":"M","238":"A","239":"A","240":"M","241":",","242":"K","243":"A","244":"A","245":"K","246":",","247":"G","248":"A","249":"A","250":"G","251":",","252":"O","253":"A","254":"q","255":"B","256":"O","257":";","258":";","259":"I","260":"A","261":"E","262":"r","263":"B","264":";","265":"A","266":"A","267":"C","268":"A","269":";","270":"A","271":"A","272":"C","273":"A","274":";","275":"I","276":"A","277":"C","278":"A","279":",","280":"M","281":"A","282":"A","283":"M","284":";","285":"M","286":"A","287":"A","288":"E","289":",","290":"K","291":"A","292":"A","293":"K","294":";","295":"M","296":"A","297":"A","298":"E","299":";","300":"I","301":"A","302":"A","303":"a","304":",","305":"C","306":"A","307":"A","308":"C","309":";","310":"I","311":"A","312":"A","313":"G","314":";","315":"I","316":"A","317":"A","318":"A","319":";","320":"I","321":"A","322":"A","323":"A","324":";","325":"I","326":"A","327":"A","328":"A","329":";","330":"I","331":"A","332":"A","333":"A","334":";","335":"I","336":"A","337":"A","338":"A","339":",","340":"Q","341":"A","342":"A","343":"Q","344":",","345":"E","346":"A","347":"A","348":"C","349":",","350":"M","351":"A","352":"A","353":"M","354":",","355":"K","356":"A","357":"A","358":"K","359":",","360":"C","361":"A","362":"A","363":"C","364":",","365":"I","366":"A","367":"A","368":"I","369":",","370":"C","371":"A","372":"A","373":"C","374":"\"","375":",","376":"\"","377":"f","378":"i","379":"l","380":"e","381":"\"","382":":","383":"\"","384":"C","385":":","386":"\\","387":"\\","388":"U","389":"s","390":"e","391":"r","392":"s","393":"\\","394":"\\","395":"G","396":"e","397":"o","398":"r","399":"g","400":"i","401":"\\","402":"\\","403":"D","404":"e","405":"s","406":"k","407":"t","408":"o","409":"p","410":"\\","411":"\\","412":"A","413":"c","414":"a","415":"d","416":"e","417":"m","418":"y","419":"V","420":"u","421":"e","422":"\\","423":"\\","424":"v","425":"u","426":"e","427":"-","428":"h","429":"i","430":"g","431":"h","432":"c","433":"h","434":"a","435":"r","436":"t","437":"s","438":"-","439":"a","440":"p","441":"p","442":"\\","443":"\\","444":"s","445":"r","446":"c","447":"\\","448":"\\","449":"c","450":"o","451":"m","452":"m","453":"o","454":"n","455":"-","456":"t","457":"e","458":"m","459":"p","460":"l","461":"a","462":"t","463":"e","464":"s","465":"\\","466":"\\","467":"B","468":"a","469":"s","470":"i","471":"c","472":"I","473":"n","474":"p","475":"u","476":"t","477":".","478":"v","479":"u","480":"e","481":"\"","482":",","483":"\"","484":"s","485":"o","486":"u","487":"r","488":"c","489":"e","490":"s","491":"C","492":"o","493":"n","494":"t","495":"e","496":"n","497":"t","498":"\"","499":":","500":"[","501":"\"","502":"<","503":"t","504":"e","505":"m","506":"p","507":"l","508":"a","509":"t","510":"e","511":">","512":"\\","513":"r","514":"\\","515":"n","516":" ","517":" ","518":" ","519":" ","520":"<","521":"d","522":"i","523":"v","524":">","525":"\\","526":"r","527":"\\","528":"n","529":" ","530":" ","531":" ","532":" ","533":" ","534":" ","535":" ","536":" ","537":"<","538":"l","539":"a","540":"b","541":"e","542":"l","543":" ","544":"c","545":"l","546":"a","547":"s","548":"s","549":"=","550":"\\","551":"\"","552":"f","553":"o","554":"r","555":"m","556":"-","557":"c","558":"o","559":"n","560":"t","561":"r","562":"o","563":"l","564":"-","565":"l","566":"a","567":"b","568":"e","569":"l","570":"\\","571":"\"","572":" ","573":":","574":"f","575":"o","576":"r","577":"=","578":"\\","579":"\"","580":"n","581":"a","582":"m","583":"e","584":"\\","585":"\"","586":">","587":"{","588":"{","589":" ","590":"`","591":"$","592":"{","593":"l","594":"a","595":"b","596":"e","597":"l","598":"}","599":":","600":"`","601":" ","602":"}","603":"}","604":"<","605":"/","606":"l","607":"a","608":"b","609":"e","610":"l","611":">","612":"\\","613":"r","614":"\\","615":"n","616":" ","617":" ","618":" ","619":" ","620":" ","621":" ","622":" ","623":" ","624":"<","625":"s","626":"e","627":"l","628":"e","629":"c","630":"t","631":" ","632":"v","633":"-","634":"i","635":"f","636":"=","637":"\\","638":"\"","639":"t","640":"y","641":"p","642":"e","643":" ","644":"=","645":"=","646":"=","647":" ","648":"'","649":"s","650":"e","651":"l","652":"e","653":"c","654":"t","655":"'","656":"\\","657":"\"","658":" ","659":"c","660":"l","661":"a","662":"s","663":"s","664":"=","665":"\\","666":"\"","667":"f","668":"o","669":"r","670":"m","671":"-","672":"c","673":"o","674":"n","675":"t","676":"r","677":"o","678":"l","679":"\\","680":"\"","681":" ","682":"v","683":"-","684":"m","685":"o","686":"d","687":"e","688":"l","689":"=","690":"\\","691":"\"","692":"v","693":"a","694":"l","695":"u","696":"e","697":"\\","698":"\"","699":">","700":"\\","701":"r","702":"\\","703":"n","704":" ","705":" ","706":" ","707":" ","708":" ","709":" ","710":" ","711":" ","712":" ","713":" ","714":" ","715":" ","716":"<","717":"o","718":"p","719":"t","720":"i","721":"o","722":"n","723":" ","724":"v","725":"-","726":"f","727":"o","728":"r","729":"=","730":"\\","731":"\"","732":"o","733":"p","734":"t","735":"i","736":"o","737":"n","738":" ","739":"i","740":"n","741":" ","742":"s","743":"e","744":"l","745":"e","746":"c","747":"t","748":"O","749":"p","750":"t","751":"i","752":"o","753":"n","754":"s","755":"\\","756":"\"","757":" ","758":":","759":"v","760":"a","761":"l","762":"u","763":"e","764":"=","765":"\\","766":"\"","767":"o","768":"p","769":"t","770":"i","771":"o","772":"n","773":".","774":"v","775":"a","776":"l","777":"u","778":"e","779":"\\","780":"\"","781":">","782":"{","783":"{","784":" ","785":"o","786":"p","787":"t","788":"i","789":"o","790":"n","791":".","792":"l","793":"a","794":"b","795":"e","796":"l","797":" ","798":"}","799":"}","800":"<","801":"/","802":"o","803":"p","804":"t","805":"i","806":"o","807":"n","808":">","809":"\\","810":"r","811":"\\","812":"n","813":" ","814":" ","815":" ","816":" ","817":" ","818":" ","819":" ","820":" ","821":"<","822":"/","823":"s","824":"e","825":"l","826":"e","827":"c","828":"t","829":">","830":"\\","831":"r","832":"\\","833":"n","834":" ","835":" ","836":" ","837":" ","838":" ","839":" ","840":" ","841":" ","842":"<","843":"i","844":"n","845":"p","846":"u","847":"t","848":" ","849":"v","850":"-","851":"e","852":"l","853":"s","854":"e","855":" ","856":"c","857":"l","858":"a","859":"s","860":"s","861":"=","862":"\\","863":"\"","864":"f","865":"o","866":"r","867":"m","868":"-","869":"c","870":"o","871":"n","872":"t","873":"r","874":"o","875":"l","876":"\\","877":"\"","878":" ","879":":","880":"p","881":"l","882":"a","883":"c","884":"e","885":"h","886":"o","887":"l","888":"d","889":"e","890":"r","891":"=","892":"\\","893":"\"","894":"p","895":"l","896":"a","897":"c","898":"e","899":"h","900":"o","901":"l","902":"d","903":"e","904":"r","905":"\\","906":"\"","907":" ","908":"v","909":"-","910":"m","911":"o","912":"d","913":"e","914":"l","915":"=","916":"\\","917":"\"","918":"v","919":"a","920":"l","921":"u","922":"e","923":"\\","924":"\"","925":" ","926":":","927":"t","928":"y","929":"p","930":"e","931":"=","932":"\\","933":"\"","934":"t","935":"y","936":"p","937":"e","938":"\\","939":"\"","940":" ","941":"/","942":">","943":"\\","944":"r","945":"\\","946":"n","947":" ","948":" ","949":" ","950":" ","951":" ","952":" ","953":" ","954":" ","955":"<","956":"s","957":"p","958":"a","959":"n","960":">","961":"{","962":"{","963":" ","964":"e","965":"r","966":"r","967":"o","968":"r","969":"M","970":"e","971":"s","972":"s","973":"a","974":"g","975":"e","976":" ","977":"}","978":"}","979":"<","980":"/","981":"s","982":"p","983":"a","984":"n","985":">","986":"\\","987":"r","988":"\\","989":"n","990":" ","991":" ","992":" ","993":" ","994":"<","995":"/","996":"d","997":"i","998":"v","999":">","1000":"\\","1001":"r","1002":"\\","1003":"n","1004":"<","1005":"/","1006":"t","1007":"e","1008":"m","1009":"p","1010":"l","1011":"a","1012":"t","1013":"e","1014":">","1015":"\\","1016":"r","1017":"\\","1018":"n","1019":" ","1020":" ","1021":"\\","1022":"r","1023":"\\","1024":"n","1025":"<","1026":"s","1027":"c","1028":"r","1029":"i","1030":"p","1031":"t","1032":" ","1033":"s","1034":"e","1035":"t","1036":"u","1037":"p","1038":">","1039":"\\","1040":"r","1041":"\\","1042":"n","1043":"/","1044":"*","1045":"\\","1046":"r","1047":"\\","1048":"n","1049":" ","1050":" ","1051":" ","1052":"i","1053":"m","1054":"p","1055":"o","1056":"r","1057":"t","1058":"s","1059":"\\","1060":"r","1061":"\\","1062":"n","1063":"*","1064":"/","1065":"\\","1066":"r","1067":"\\","1068":"n","1069":"i","1070":"m","1071":"p","1072":"o","1073":"r","1074":"t","1075":" ","1076":"{","1077":" ","1078":"u","1079":"s","1080":"e","1081":"F","1082":"i","1083":"e","1084":"l","1085":"d","1086":" ","1087":"}","1088":" ","1089":"f","1090":"r","1091":"o","1092":"m","1093":" ","1094":"\\","1095":"\"","1096":"v","1097":"e","1098":"e","1099":"-","1100":"v","1101":"a","1102":"l","1103":"i","1104":"d","1105":"a","1106":"t","1107":"e","1108":"\\","1109":"\"","1110":";","1111":"\\","1112":"r","1113":"\\","1114":"n","1115":"\\","1116":"r","1117":"\\","1118":"n","1119":"/","1120":"*","1121":"\\","1122":"r","1123":"\\","1124":"n","1125":" ","1126":" ","1127":" ","1128":"p","1129":"r","1130":"o","1131":"p","1132":"s","1133":"\\","1134":"r","1135":"\\","1136":"n","1137":"*","1138":"/","1139":"\\","1140":"r","1141":"\\","1142":"n","1143":"c","1144":"o","1145":"n","1146":"s","1147":"t","1148":" ","1149":"p","1150":"r","1151":"o","1152":"p","1153":"s","1154":" ","1155":"=","1156":" ","1157":"d","1158":"e","1159":"f","1160":"i","1161":"n","1162":"e","1163":"P","1164":"r","1165":"o","1166":"p","1167":"s","1168":"(","1169":"{","1170":"\\","1171":"r","1172":"\\","1173":"n","1174":" ","1175":" ","1176":" ","1177":" ","1178":"n","1179":"a","1180":"m","1181":"e","1182":":","1183":" ","1184":"{","1185":"\\","1186":"r","1187":"\\","1188":"n","1189":" ","1190":" ","1191":" ","1192":" ","1193":" ","1194":" ","1195":" ","1196":" ","1197":"t","1198":"y","1199":"p","1200":"e","1201":":","1202":" ","1203":"S","1204":"t","1205":"r","1206":"i","1207":"n","1208":"g","1209":",","1210":"\\","1211":"r","1212":"\\","1213":"n","1214":" ","1215":" ","1216":" ","1217":" ","1218":" ","1219":" ","1220":" ","1221":" ","1222":"r","1223":"e","1224":"q","1225":"u","1226":"i","1227":"r","1228":"e","1229":"d","1230":":","1231":" ","1232":"t","1233":"r","1234":"u","1235":"e","1236":"\\","1237":"r","1238":"\\","1239":"n","1240":" ","1241":" ","1242":" ","1243":" ","1244":"}","1245":",","1246":"\\","1247":"r","1248":"\\","1249":"n","1250":" ","1251":" ","1252":" ","1253":" ","1254":"t","1255":"y","1256":"p","1257":"e","1258":":","1259":" ","1260":"{","1261":"\\","1262":"r","1263":"\\","1264":"n","1265":" ","1266":" ","1267":" ","1268":" ","1269":" ","1270":" ","1271":" ","1272":" ","1273":"t","1274":"y","1275":"p","1276":"e","1277":":","1278":" ","1279":"S","1280":"t","1281":"r","1282":"i","1283":"n","1284":"g","1285":",","1286":"\\","1287":"r","1288":"\\","1289":"n","1290":" ","1291":" ","1292":" ","1293":" ","1294":" ","1295":" ","1296":" ","1297":" ","1298":"r","1299":"e","1300":"q","1301":"u","1302":"i","1303":"r","1304":"e","1305":"d","1306":":","1307":" ","1308":"t","1309":"r","1310":"u","1311":"e","1312":"\\","1313":"r","1314":"\\","1315":"n","1316":" ","1317":" ","1318":" ","1319":" ","1320":"}","1321":",","1322":"\\","1323":"r","1324":"\\","1325":"n","1326":" ","1327":" ","1328":" ","1329":" ","1330":"l","1331":"a","1332":"b","1333":"e","1334":"l","1335":":","1336":" ","1337":"{","1338":"\\","1339":"r","1340":"\\","1341":"n","1342":" ","1343":" ","1344":" ","1345":" ","1346":" ","1347":" ","1348":" ","1349":" ","1350":"t","1351":"y","1352":"p","1353":"e","1354":":","1355":" ","1356":"S","1357":"t","1358":"r","1359":"i","1360":"n","1361":"g","1362":",","1363":"\\","1364":"r","1365":"\\","1366":"n","1367":" ","1368":" ","1369":" ","1370":" ","1371":" ","1372":" ","1373":" ","1374":" ","1375":"r","1376":"e","1377":"q","1378":"u","1379":"i","1380":"r","1381":"e","1382":"d","1383":":","1384":" ","1385":"t","1386":"r","1387":"u","1388":"e","1389":"\\","1390":"r","1391":"\\","1392":"n","1393":" ","1394":" ","1395":" ","1396":" ","1397":"}","1398":",","1399":"\\","1400":"r","1401":"\\","1402":"n","1403":" ","1404":" ","1405":" ","1406":" ","1407":"s","1408":"e","1409":"l","1410":"e","1411":"c","1412":"t","1413":"O","1414":"p","1415":"t","1416":"i","1417":"o","1418":"n","1419":"s","1420":":","1421":" ","1422":"{","1423":"\\","1424":"r","1425":"\\","1426":"n","1427":" ","1428":" ","1429":" ","1430":" ","1431":" ","1432":" ","1433":" ","1434":" ","1435":"t","1436":"y","1437":"p","1438":"e","1439":":","1440":" ","1441":"A","1442":"r","1443":"r","1444":"a","1445":"y","1446":",","1447":"\\","1448":"r","1449":"\\","1450":"n","1451":" ","1452":" ","1453":" ","1454":" ","1455":" ","1456":" ","1457":" ","1458":" ","1459":"r","1460":"e","1461":"q","1462":"u","1463":"i","1464":"r","1465":"e","1466":"d","1467":":","1468":" ","1469":"f","1470":"a","1471":"l","1472":"s","1473":"e","1474":"\\","1475":"r","1476":"\\","1477":"n","1478":" ","1479":" ","1480":" ","1481":" ","1482":"}","1483":",","1484":"\\","1485":"r","1486":"\\","1487":"n","1488":" ","1489":" ","1490":" ","1491":" ","1492":"p","1493":"l","1494":"a","1495":"c","1496":"e","1497":"h","1498":"o","1499":"l","1500":"d","1501":"e","1502":"r","1503":":","1504":" ","1505":"{","1506":"\\","1507":"r","1508":"\\","1509":"n","1510":" ","1511":" ","1512":" ","1513":" ","1514":" ","1515":" ","1516":" ","1517":" ","1518":"t","1519":"y","1520":"p","1521":"e","1522":":","1523":" ","1524":"S","1525":"t","1526":"r","1527":"i","1528":"n","1529":"g","1530":",","1531":"\\","1532":"r","1533":"\\","1534":"n","1535":" ","1536":" ","1537":" ","1538":" ","1539":" ","1540":" ","1541":" ","1542":" ","1543":"d","1544":"e","1545":"f","1546":"a","1547":"u","1548":"l","1549":"t","1550":":","1551":" ","1552":"'","1553":"W","1554":"r","1555":"i","1556":"t","1557":"e","1558":" ","1559":"d","1560":"o","1561":"w","1562":"n","1563":" ","1564":"h","1565":"e","1566":"r","1567":"e","1568":"'","1569":"\\","1570":"r","1571":"\\","1572":"n","1573":" ","1574":" ","1575":" ","1576":" ","1577":"}","1578":"\\","1579":"r","1580":"\\","1581":"n","1582":"}","1583":")","1584":";","1585":"\\","1586":"r","1587":"\\","1588":"n","1589":"\\","1590":"r","1591":"\\","1592":"n","1593":"/","1594":"*","1595":"\\","1596":"r","1597":"\\","1598":"n","1599":" ","1600":" ","1601":" ","1602":"h","1603":"a","1604":"n","1605":"d","1606":"l","1607":"e","1608":" ","1609":"v","1610":"a","1611":"l","1612":"u","1613":"e","1614":" ","1615":"a","1616":"n","1617":"d","1618":" ","1619":"e","1620":"r","1621":"r","1622":"o","1623":"r","1624":" ","1625":"m","1626":"e","1627":"s","1628":"s","1629":"a","1630":"g","1631":"e","1632":"\\","1633":"r","1634":"\\","1635":"n","1636":"*","1637":"/","1638":"\\","1639":"r","1640":"\\","1641":"n","1642":"c","1643":"o","1644":"n","1645":"s","1646":"t","1647":" ","1648":"{","1649":" ","1650":"v","1651":"a","1652":"l","1653":"u","1654":"e","1655":",","1656":" ","1657":"e","1658":"r","1659":"r","1660":"o","1661":"r","1662":"M","1663":"e","1664":"s","1665":"s","1666":"a","1667":"g","1668":"e","1669":" ","1670":"}","1671":" ","1672":"=","1673":" ","1674":"u","1675":"s","1676":"e","1677":"F","1678":"i","1679":"e","1680":"l","1681":"d","1682":"(","1683":"(","1684":")","1685":" ","1686":"=","1687":">","1688":" ","1689":"p","1690":"r","1691":"o","1692":"p","1693":"s","1694":".","1695":"n","1696":"a","1697":"m","1698":"e","1699":")","1700":";","1701":"\\","1702":"r","1703":"\\","1704":"n","1705":"<","1706":"/","1707":"s","1708":"c","1709":"r","1710":"i","1711":"p","1712":"t","1713":">","1714":"\\","1715":"r","1716":"\\","1717":"n","1718":" ","1719":" ","1720":"\\","1721":"r","1722":"\\","1723":"n","1724":"\\","1725":"r","1726":"\\","1727":"n","1728":"<","1729":"s","1730":"t","1731":"y","1732":"l","1733":"e","1734":" ","1735":"s","1736":"c","1737":"o","1738":"p","1739":"e","1740":"d","1741":" ","1742":"l","1743":"a","1744":"n","1745":"g","1746":"=","1747":"\\","1748":"\"","1749":"s","1750":"c","1751":"s","1752":"s","1753":"\\","1754":"\"","1755":">","1756":"\\","1757":"r","1758":"\\","1759":"n","1760":"@","1761":"i","1762":"m","1763":"p","1764":"o","1765":"r","1766":"t","1767":" ","1768":"'","1769":".","1770":".","1771":"/","1772":"s","1773":"t","1774":"y","1775":"l","1776":"e","1777":"s","1778":"/","1779":"v","1780":"a","1781":"r","1782":"i","1783":"a","1784":"b","1785":"l","1786":"e","1787":"s","1788":".","1789":"s","1790":"c","1791":"s","1792":"s","1793":"'","1794":";","1795":"\\","1796":"r","1797":"\\","1798":"n","1799":"\\","1800":"r","1801":"\\","1802":"n","1803":"s","1804":"p","1805":"a","1806":"n","1807":" ","1808":"{","1809":"\\","1810":"r","1811":"\\","1812":"n","1813":" ","1814":" ","1815":" ","1816":" ","1817":"c","1818":"o","1819":"l","1820":"o","1821":"r","1822":":","1823":" ","1824":"$","1825":"f","1826":"o","1827":"r","1828":"m","1829":"-","1830":"w","1831":"r","1832":"o","1833":"n","1834":"g","1835":"-","1836":"i","1837":"n","1838":"p","1839":"u","1840":"t","1841":";","1842":"\\","1843":"r","1844":"\\","1845":"n","1846":"}","1847":"\\","1848":"r","1849":"\\","1850":"n","1851":"<","1852":"/","1853":"s","1854":"t","1855":"y","1856":"l","1857":"e","1858":">","1859":"\"","1860":"]","1861":"}"},"_coverageSchema":"1a1c01bbd47fc00a2c39e90264f33305004495a9","hash":"016204fb32eae508081be6eea40e058b7e65ccc2"}
,"C:\\Users\\Georgi\\Desktop\\AcademyVue\\vue-highcharts-app\\src\\common-templates\\ErrorModal.vue": {"path":"C:\\Users\\Georgi\\Desktop\\AcademyVue\\vue-highcharts-app\\src\\common-templates\\ErrorModal.vue","statementMap":{"0":{"start":{"line":4,"column":0},"end":{"line":6,"column":3}},"1":{"start":{"line":7,"column":0},"end":{"line":7,"column":25}},"2":{"start":{"line":8,"column":15},"end":{"line":52,"column":1}},"3":{"start":{"line":21,"column":4},"end":{"line":21,"column":15}},"4":{"start":{"line":27,"column":18},"end":{"line":27,"column":25}},"5":{"start":{"line":33,"column":18},"end":{"line":33,"column":24}},"6":{"start":{"line":38,"column":23},"end":{"line":40,"column":5}},"7":{"start":{"line":39,"column":6},"end":{"line":39,"column":27}},"8":{"start":{"line":41,"column":25},"end":{"line":45,"column":5}},"9":{"start":{"line":46,"column":4},"end":{"line":49,"column":7}},"10":{"start":{"line":50,"column":4},"end":{"line":50,"column":24}},"11":{"start":{"line":55,"column":0},"end":{"line":57,"column":3}},"12":{"start":{"line":58,"column":0},"end":{"line":58,"column":24}},"13":{"start":{"line":59,"column":11},"end":{"line":59,"column":25}},"14":{"start":{"line":60,"column":19},"end":{"line":63,"column":1}},"15":{"start":{"line":64,"column":19},"end":{"line":66,"column":1}},"16":{"start":{"line":67,"column":19},"end":{"line":69,"column":1}},"17":{"start":{"line":70,"column":32},"end":{"line":73,"column":37}},"18":{"start":{"line":74,"column":32},"end":{"line":74,"column":97}},"19":{"start":{"line":75,"column":19},"end":{"line":75,"column":31}},"20":{"start":{"line":76,"column":19},"end":{"line":78,"column":1}},"21":{"start":{"line":80,"column":30},"end":{"line":80,"column":68}},"22":{"start":{"line":81,"column":2},"end":{"line":97,"column":33}},"23":{"start":{"line":84,"column":37},"end":{"line":95,"column":24}},"24":{"start":{"line":98,"column":2},"end":{"line":98,"column":49}}},"fnMap":{"0":{"name":"(anonymous_0)","decl":{"start":{"line":17,"column":2},"end":{"line":17,"column":3}},"loc":{"start":{"line":20,"column":5},"end":{"line":51,"column":3}},"line":20},"1":{"name":"(anonymous_1)","decl":{"start":{"line":38,"column":23},"end":{"line":38,"column":24}},"loc":{"start":{"line":38,"column":29},"end":{"line":40,"column":5}},"line":38},"2":{"name":"render","decl":{"start":{"line":79,"column":9},"end":{"line":79,"column":15}},"loc":{"start":{"line":79,"column":63},"end":{"line":98,"column":1}},"line":79},"3":{"name":"(anonymous_3)","decl":{"start":{"line":84,"column":31},"end":{"line":84,"column":32}},"loc":{"start":{"line":84,"column":37},"end":{"line":95,"column":24}},"line":84}},"branchMap":{},"s":{"0":2,"1":2,"2":2,"3":1,"4":1,"5":1,"6":1,"7":0,"8":1,"9":1,"10":1,"11":2,"12":2,"13":2,"14":2,"15":2,"16":2,"17":2,"18":2,"19":2,"20":2,"21":1,"22":1,"23":1,"24":2},"f":{"0":1,"1":0,"2":1,"3":1},"b":{},"inputSourceMap":{"0":"{","1":"\"","2":"v","3":"e","4":"r","5":"s","6":"i","7":"o","8":"n","9":"\"","10":":","11":"3","12":",","13":"\"","14":"s","15":"o","16":"u","17":"r","18":"c","19":"e","20":"s","21":"\"","22":":","23":"[","24":"\"","25":"C","26":":","27":"/","28":"U","29":"s","30":"e","31":"r","32":"s","33":"/","34":"G","35":"e","36":"o","37":"r","38":"g","39":"i","40":"/","41":"D","42":"e","43":"s","44":"k","45":"t","46":"o","47":"p","48":"/","49":"A","50":"c","51":"a","52":"d","53":"e","54":"m","55":"y","56":"V","57":"u","58":"e","59":"/","60":"v","61":"u","62":"e","63":"-","64":"h","65":"i","66":"g","67":"h","68":"c","69":"h","70":"a","71":"r","72":"t","73":"s","74":"-","75":"a","76":"p","77":"p","78":"/","79":"s","80":"r","81":"c","82":"/","83":"c","84":"o","85":"m","86":"m","87":"o","88":"n","89":"-","90":"t","91":"e","92":"m","93":"p","94":"l","95":"a","96":"t","97":"e","98":"s","99":"/","100":"E","101":"r","102":"r","103":"o","104":"r","105":"M","106":"o","107":"d","108":"a","109":"l","110":".","111":"v","112":"u","113":"e","114":"\"","115":"]","116":",","117":"\"","118":"n","119":"a","120":"m","121":"e","122":"s","123":"\"","124":":","125":"[","126":"]","127":",","128":"\"","129":"m","130":"a","131":"p","132":"p","133":"i","134":"n","135":"g","136":"s","137":"\"","138":":","139":"\"","140":";","141":";","142":";","143":";","144":";","145":";","146":";","147":";","148":";","149":";","150":";","151":";","152":";","153":";","154":";","155":";","156":";","157":";","158":";","159":";","160":";","161":";","162":"I","163":"A","164":"u","165":"B","166":"A","167":";","168":"A","169":"A","170":"C","171":"A","172":";","173":"A","174":"A","175":"C","176":"A","177":";","178":";","179":"I","180":"A","181":"E","182":"A","183":",","184":"M","185":"A","186":"A","187":"M","188":",","189":"K","190":"A","191":"A","192":"K","193":",","194":"G","195":"A","196":"A","197":"G","198":",","199":"O","200":"A","201":"K","202":"O","203":";","204":";","205":"I","206":"A","207":"E","208":"r","209":"B","210":";","211":"A","212":"A","213":"C","214":"A","215":";","216":"A","217":"A","218":"C","219":"A","220":";","221":";","222":"I","223":"A","224":"E","225":"A","226":",","227":"M","228":"A","229":"A","230":"M","231":",","232":"K","233":"A","234":"A","235":"K","236":",","237":"G","238":"A","239":"A","240":"G","241":",","242":"M","243":"A","244":"A","245":"M","246":";","247":";","248":"I","249":"A","250":"E","251":"p","252":"B","253":";","254":"A","255":"A","256":"C","257":"A","258":";","259":"A","260":"A","261":"C","262":"A","263":";","264":"I","265":"A","266":"C","267":"A","268":",","269":"M","270":"A","271":"A","272":"M","273":",","274":"U","275":"A","276":"A","277":"U","278":",","279":"G","280":"A","281":"A","282":"G","283":",","284":"M","285":"A","286":"A","287":"M","288":";","289":"M","290":"A","291":"C","292":"r","293":"B","294":",","295":"K","296":"A","297":"A","298":"K","299":",","300":"C","301":"A","302":"A","303":"C","304":",","305":"a","306":"A","307":"A","308":"a","309":",","310":"C","311":"A","312":"A","313":"C","314":";","315":"I","316":"A","317":"C","318":"x","319":"B","320":",","321":"C","322":"A","323":"A","324":"C","325":"\"","326":",","327":"\"","328":"f","329":"i","330":"l","331":"e","332":"\"","333":":","334":"\"","335":"C","336":":","337":"\\","338":"\\","339":"U","340":"s","341":"e","342":"r","343":"s","344":"\\","345":"\\","346":"G","347":"e","348":"o","349":"r","350":"g","351":"i","352":"\\","353":"\\","354":"D","355":"e","356":"s","357":"k","358":"t","359":"o","360":"p","361":"\\","362":"\\","363":"A","364":"c","365":"a","366":"d","367":"e","368":"m","369":"y","370":"V","371":"u","372":"e","373":"\\","374":"\\","375":"v","376":"u","377":"e","378":"-","379":"h","380":"i","381":"g","382":"h","383":"c","384":"h","385":"a","386":"r","387":"t","388":"s","389":"-","390":"a","391":"p","392":"p","393":"\\","394":"\\","395":"s","396":"r","397":"c","398":"\\","399":"\\","400":"c","401":"o","402":"m","403":"m","404":"o","405":"n","406":"-","407":"t","408":"e","409":"m","410":"p","411":"l","412":"a","413":"t","414":"e","415":"s","416":"\\","417":"\\","418":"E","419":"r","420":"r","421":"o","422":"r","423":"M","424":"o","425":"d","426":"a","427":"l","428":".","429":"v","430":"u","431":"e","432":"\"","433":",","434":"\"","435":"s","436":"o","437":"u","438":"r","439":"c","440":"e","441":"s","442":"C","443":"o","444":"n","445":"t","446":"e","447":"n","448":"t","449":"\"","450":":","451":"[","452":"\"","453":"<","454":"t","455":"e","456":"m","457":"p","458":"l","459":"a","460":"t","461":"e","462":">","463":"\\","464":"r","465":"\\","466":"n","467":" ","468":" ","469":" ","470":" ","471":"<","472":"T","473":"h","474":"e","475":"M","476":"o","477":"d","478":"a","479":"l","480":" ","481":"@","482":"c","483":"l","484":"i","485":"c","486":"k","487":".","488":"s","489":"e","490":"l","491":"f","492":"=","493":"\\","494":"\"","495":"c","496":"l","497":"o","498":"s","499":"e","500":"M","501":"o","502":"d","503":"a","504":"l","505":"\\","506":"\"","507":">","508":"\\","509":"r","510":"\\","511":"n","512":" ","513":" ","514":" ","515":" ","516":" ","517":" ","518":" ","519":" ","520":"<","521":"d","522":"i","523":"v","524":" ","525":"c","526":"l","527":"a","528":"s","529":"s","530":"=","531":"\\","532":"\"","533":"e","534":"r","535":"r","536":"o","537":"r","538":"-","539":"m","540":"o","541":"d","542":"a","543":"l","544":" ","545":"b","546":"g","547":"-","548":"l","549":"i","550":"g","551":"h","552":"t","553":" ","554":"p","555":"-","556":"4","557":"\\","558":"\"","559":" ","560":"i","561":"d","562":"=","563":"\\","564":"\"","565":"e","566":"x","567":"a","568":"m","569":"p","570":"l","571":"e","572":"M","573":"o","574":"d","575":"a","576":"l","577":"C","578":"e","579":"n","580":"t","581":"e","582":"r","583":"\\","584":"\"","585":">","586":"\\","587":"r","588":"\\","589":"n","590":" ","591":" ","592":" ","593":" ","594":" ","595":" ","596":" ","597":" ","598":" ","599":" ","600":" ","601":" ","602":"<","603":"d","604":"i","605":"v","606":" ","607":"c","608":"l","609":"a","610":"s","611":"s","612":"=","613":"\\","614":"\"","615":"m","616":"o","617":"d","618":"a","619":"l","620":"-","621":"d","622":"i","623":"a","624":"l","625":"o","626":"g","627":" ","628":"m","629":"o","630":"d","631":"a","632":"l","633":"-","634":"d","635":"i","636":"a","637":"l","638":"o","639":"g","640":"-","641":"c","642":"e","643":"n","644":"t","645":"e","646":"r","647":"e","648":"d","649":"\\","650":"\"","651":">","652":"\\","653":"r","654":"\\","655":"n","656":" ","657":" ","658":" ","659":" ","660":" ","661":" ","662":" ","663":" ","664":" ","665":" ","666":" ","667":" ","668":" ","669":" ","670":" ","671":" ","672":"<","673":"d","674":"i","675":"v","676":" ","677":"c","678":"l","679":"a","680":"s","681":"s","682":"=","683":"\\","684":"\"","685":"m","686":"o","687":"d","688":"a","689":"l","690":"-","691":"c","692":"o","693":"n","694":"t","695":"e","696":"n","697":"t","698":"\\","699":"\"","700":">","701":"\\","702":"r","703":"\\","704":"n","705":" ","706":" ","707":" ","708":" ","709":" ","710":" ","711":" ","712":" ","713":" ","714":" ","715":" ","716":" ","717":" ","718":" ","719":" ","720":" ","721":" ","722":" ","723":" ","724":" ","725":"<","726":"d","727":"i","728":"v","729":" ","730":"c","731":"l","732":"a","733":"s","734":"s","735":"=","736":"\\","737":"\"","738":"m","739":"o","740":"d","741":"a","742":"l","743":"-","744":"h","745":"e","746":"a","747":"d","748":"e","749":"r","750":" ","751":"m","752":"b","753":"-","754":"2","755":" ","756":"p","757":"-","758":"3","759":"\\","760":"\"","761":">","762":"\\","763":"r","764":"\\","765":"n","766":" ","767":" ","768":" ","769":" ","770":" ","771":" ","772":" ","773":" ","774":" ","775":" ","776":" ","777":" ","778":" ","779":" ","780":" ","781":" ","782":" ","783":" ","784":" ","785":" ","786":" ","787":" ","788":" ","789":" ","790":"<","791":"h","792":"5","793":" ","794":"c","795":"l","796":"a","797":"s","798":"s","799":"=","800":"\\","801":"\"","802":"m","803":"o","804":"d","805":"a","
[...]
lumn":12},"end":{"line":135,"column":15}},"49":{"start":{"line":131,"column":65},"end":{"line":134,"column":17}},"50":{"start":{"line":142,"column":12},"end":{"line":142,"column":55}},"51":{"start":{"line":146,"column":12},"end":{"line":146,"column":58}},"52":{"start":{"line":147,"column":12},"end":{"line":147,"column":32}},"53":{"start":{"line":151,"column":12},"end":{"line":151,"column":76}},"54":{"start":{"line":155,"column":12},"end":{"line":155,"column":53}},"55":{"start":{"line":159,"column":12},"end":{"line":159,"column":44}},"56":{"start":{"line":163,"column":12},"end":{"line":163,"column":48}},"57":{"start":{"line":167,"column":12},"end":{"line":176,"column":13}},"58":{"start":{"line":180,"column":12},"end":{"line":180,"column":82}},"59":{"start":{"line":184,"column":12},"end":{"line":184,"column":53}},"60":{"start":{"line":185,"column":12},"end":{"line":185,"column":52}},"61":{"start":{"line":186,"column":12},"end":{"line":186,"column":36}},"62":{"start":{"line":190,"column":12},"end":{"line":190,"column":34}},"63":{"start":{"line":194,"column":12},"end":{"line":194,"column":38}},"64":{"start":{"line":198,"column":12},"end":{"line":198,"column":37}},"65":{"start":{"line":203,"column":12},"end":{"line":203,"column":55}},"66":{"start":{"line":204,"column":12},"end":{"line":204,"column":42}},"67":{"start":{"line":209,"column":12},"end":{"line":209,"column":59}},"68":{"start":{"line":211,"column":12},"end":{"line":211,"column":42}}},"fnMap":{"0":{"name":"(anonymous_0)","decl":{"start":{"line":6,"column":11},"end":{"line":6,"column":12}},"loc":{"start":{"line":6,"column":18},"end":{"line":27,"column":5}},"line":6},"1":{"name":"(anonymous_1)","decl":{"start":{"line":30,"column":8},"end":{"line":30,"column":9}},"loc":{"start":{"line":30,"column":25},"end":{"line":38,"column":9}},"line":30},"2":{"name":"(anonymous_2)","decl":{"start":{"line":34,"column":45},"end":{"line":34,"column":46}},"loc":{"start":{"line":34,"column":54},"end":{"line":34,"column":119}},"line":34},"3":{"name":"(anonymous_3)","decl":{"start":{"line":40,"column":8},"end":{"line":40,"column":9}},"loc":{"start":{"line":40,"column":25},"end":{"line":69,"column":9}},"line":40},"4":{"name":"(anonymous_4)","decl":{"start":{"line":43,"column":38},"end":{"line":43,"column":39}},"loc":{"start":{"line":43,"column":47},"end":{"line":68,"column":13}},"line":43},"5":{"name":"(anonymous_5)","decl":{"start":{"line":73,"column":8},"end":{"line":73,"column":9}},"loc":{"start":{"line":73,"column":34},"end":{"line":77,"column":9}},"line":73},"6":{"name":"(anonymous_6)","decl":{"start":{"line":74,"column":19},"end":{"line":74,"column":20}},"loc":{"start":{"line":74,"column":34},"end":{"line":76,"column":13}},"line":74},"7":{"name":"(anonymous_7)","decl":{"start":{"line":75,"column":61},"end":{"line":75,"column":62}},"loc":{"start":{"line":75,"column":71},"end":{"line":75,"column":97}},"line":75},"8":{"name":"(anonymous_8)","decl":{"start":{"line":79,"column":8},"end":{"line":79,"column":9}},"loc":{"start":{"line":79,"column":26},"end":{"line":92,"column":9}},"line":79},"9":{"name":"(anonymous_9)","decl":{"start":{"line":80,"column":19},"end":{"line":80,"column":20}},"loc":{"start":{"line":80,"column":34},"end":{"line":91,"column":13}},"line":80},"10":{"name":"(anonymous_10)","decl":{"start":{"line":82,"column":59},"end":{"line":82,"column":60}},"loc":{"start":{"line":82,"column":68},"end":{"line":85,"column":21}},"line":82},"11":{"name":"(anonymous_11)","decl":{"start":{"line":83,"column":66},"end":{"line":83,"column":67}},"loc":{"start":{"line":83,"column":76},"end":{"line":83,"column":102}},"line":83},"12":{"name":"(anonymous_12)","decl":{"start":{"line":87,"column":42},"end":{"line":87,"column":43}},"loc":{"start":{"line":87,"column":52},"end":{"line":87,"column":127}},"line":87},"13":{"name":"(anonymous_13)","decl":{"start":{"line":94,"column":8},"end":{"line":94,"column":9}},"loc":{"start":{"line":94,"column":33},"end":{"line":106,"column":9}},"line":94},"14":{"name":"(anonymous_14)","decl":{"start":{"line":95,"column":45},"end":{"line":95,"column":46}},"loc":{"start":{"line":95,"column":64},"end":{"line":99,"column":13}},"line":95},"15":{"name":"(anonymous_15)","decl":{"start":{"line":104,"column":47},"end":{"line":104,"column":48}},"loc":{"start":{"line":104,"column":65},"end":{"line":104,"column":87}},"line":104},"16":{"name":"(anonymous_16)","decl":{"start":{"line":108,"column":8},"end":{"line":108,"column":9}},"loc":{"start":{"line":108,"column":33},"end":{"line":120,"column":9}},"line":108},"17":{"name":"(anonymous_17)","decl":{"start":{"line":109,"column":45},"end":{"line":109,"column":46}},"loc":{"start":{"line":109,"column":64},"end":{"line":113,"column":13}},"line":109},"18":{"name":"(anonymous_18)","decl":{"start":{"line":118,"column":47},"end":{"line":118,"column":48}},"loc":{"start":{"line":118,"column":65},"end":{"line":118,"column":87}},"line":118},"19":{"name":"(anonymous_19)","decl":{"start":{"line":122,"column":8},"end":{"line":122,"column":9}},"loc":{"start":{"line":122,"column":27},"end":{"line":124,"column":9}},"line":122},"20":{"name":"(anonymous_20)","decl":{"start":{"line":127,"column":8},"end":{"line":127,"column":9}},"loc":{"start":{"line":127,"column":31},"end":{"line":136,"column":9}},"line":127},"21":{"name":"(anonymous_21)","decl":{"start":{"line":131,"column":53},"end":{"line":131,"column":54}},"loc":{"start":{"line":131,"column":65},"end":{"line":134,"column":17}},"line":131},"22":{"name":"(anonymous_22)","decl":{"start":{"line":141,"column":8},"end":{"line":141,"column":9}},"loc":{"start":{"line":141,"column":29},"end":{"line":143,"column":9}},"line":141},"23":{"name":"(anonymous_23)","decl":{"start":{"line":145,"column":8},"end":{"line":145,"column":9}},"loc":{"start":{"line":145,"column":40},"end":{"line":148,"column":9}},"line":145},"24":{"name":"(anonymous_24)","decl":{"start":{"line":150,"column":8},"end":{"line":150,"column":9}},"loc":{"start":{"line":150,"column":39},"end":{"line":152,"column":9}},"line":150},"25":{"name":"(anonymous_25)","decl":{"start":{"line":154,"column":8},"end":{"line":154,"column":9}},"loc":{"start":{"line":154,"column":35},"end":{"line":156,"column":9}},"line":154},"26":{"name":"(anonymous_26)","decl":{"start":{"line":158,"column":8},"end":{"line":158,"column":9}},"loc":{"start":{"line":158,"column":22},"end":{"line":160,"column":9}},"line":158},"27":{"name":"(anonymous_27)","decl":{"start":{"line":162,"column":8},"end":{"line":162,"column":9}},"loc":{"start":{"line":162,"column":25},"end":{"line":164,"column":9}},"line":162},"28":{"name":"(anonymous_28)","decl":{"start":{"line":166,"column":8},"end":{"line":166,"column":9}},"loc":{"start":{"line":166,"column":27},"end":{"line":177,"column":9}},"line":166},"29":{"name":"(anonymous_29)","decl":{"start":{"line":179,"column":8},"end":{"line":179,"column":9}},"loc":{"start":{"line":179,"column":30},"end":{"line":181,"column":9}},"line":179},"30":{"name":"(anonymous_30)","decl":{"start":{"line":183,"column":8},"end":{"line":183,"column":9}},"loc":{"start":{"line":183,"column":35},"end":{"line":187,"column":9}},"line":183},"31":{"name":"(anonymous_31)","decl":{"start":{"line":189,"column":8},"end":{"line":189,"column":9}},"loc":{"start":{"line":189,"column":21},"end":{"line":191,"column":9}},"line":189},"32":{"name":"(anonymous_32)","decl":{"start":{"line":193,"column":8},"end":{"line":193,"column":9}},"loc":{"start":{"line":193,"column":19},"end":{"line":195,"column":9}},"line":193},"33":{"name":"(anonymous_33)","decl":{"start":{"line":197,"column":8},"end":{"line":197,"column":9}},"loc":{"start":{"line":197,"column":22},"end":{"line":199,"column":9}},"line":197},"34":{"name":"(anonymous_34)","decl":{"start":{"line":202,"column":8},"end":{"line":202,"column":9}},"loc":{"start":{"line":202,"column":43},"end":{"line":205,"column":9}},"line":202},"35":{"name":"(anonymous_35)","decl":{"start":{"line":208,"column":8},"end":{"line":208,"column":9}},"loc":{"start":{"line":208,"column":41},"end":{"line":212,"column":9}},"line":208}},"branchMap":{"0":{"loc":{"start":{"line":33,"column":12},"end":{"line":35,"column":13}},"type":"if","locations":[{"start":{"line":33,"column":12},"end":{"line":35,"column":13}},{"start":{},"end":{}}],"line":33},"1":{"loc":{"start":{"line":47,"column":16},"end":{"line":49,"column":17}},"type":"if","locations":[{"start":{"line":47,"column":16},"end":{"line":49,"column":17}},{"start":{},"end":{}}],"line":47},"2":{"loc":{"start":{"line":48,"column":36},"end":{"line":48,"column":76}},"type":"binary-expr","locations":[{"start":{"line":48,"column":36},"end":{"line":48,"column":49}},{"start":{"line":48,"column":53},"end":{"line":48,"column":76}}],"line":48},"3":{"loc":{"start":{"line":51,"column":16},"end":{"line":53,"column":17}},"type":"if","locations":[{"start":{"line":51,"column":16},"end":{"line":53,"column":17}},{"start":{},"end":{}}],"line":51},"4":{"loc":{"start":{"line":52,"column":36},"end":{"line":52,"column":74}},"type":"binary-expr","locations":[{"start":{"line":52,"column":36},"end":{"line":52,"column":49}},{"start":{"line":52,"column":53},"end":{"line":52,"column":74}}],"line":52},"5":{"loc":{"start":{"line":55,"column":16},"end":{"line":57,"column":17}},"type":"if","locations":[{"start":{"line":55,"column":16},"end":{"line":57,"column":17}},{"start":{},"end":{}}],"line":55},"6":{"loc":{"start":{"line":56,"column":36},"end":{"line":56,"column":113}},"type":"binary-expr","locations":[{"start":{"line":56,"column":36},"end":{"line":56,"column":49}},{"start":{"line":56,"column":53},"end":{"line":56,"column":113}}],"line":56},"7":{"loc":{"start":{"line":59,"column":16},"end":{"line":65,"column":17}},"type":"if","locations":[{"start":{"line":59,"column":16},"end":{"line":65,"column":17}},{"start":{},"end":{}}],"line":59},"8":{"loc":{"start":{"line":60,"column":20},"end":{"line":64,"column":21}},"type":"if","locations":[{"start":{"line":60,"column":20},"end":{"line":64,"column":21}},{"start":{"line":62,"column":27},"end":{"line":64,"column":21}}],"line":60},"9":{"loc":{"start":{"line":61,"column":40},"end":{"line":61,"column":70}},"type":"binary-expr","locations":[{"start":{"line":61,"column":40},"end":{"line":61,"column":53}},{"start":{"line":61,"column":57},"end":{"line":61,"column":70}}],"line":61},"10":{"loc":{"start":{"line":62,"column":27},"end":{"line":64,"column":21}},"type":"if","locations":[{"start":{"line":62,"column":27},"end":{"line":64,"column":21}},{"start":{},"end":{}}],"line":62},"11":{"loc":{"start":{"line":63,"column":40},"end":{"line":63,"column":69}},"type":"binary-expr","locations":[{"start":{"line":63,"column":40},"end":{"line":63,"column":53}},{"start":{"line":63,"column":57},"end":{"line":63,"column":69}}],"line":63},"12":{"loc":{"start":{"line":81,"column":16},"end":{"line":88,"column":17}},"type":"if","locations":[{"start":{"line":81,"column":16},"end":{"line":88,"column":17}},{"start":{},"end":{}}],"line":81},"13":{"loc":{"start":{"line":97,"column":36},"end":{"line":97,"column":57}},"type":"binary-expr","locations":[{"start":{"line":97,"column":36},"end":{"line":97,"column":52}},{"start":{"line":97,"column":56},"end":{"line":97,"column":57}}],"line":97},"14":{"loc":{"start":{"line":111,"column":36},"end":{"line":111,"column":57}},"type":"binary-expr","locations":[{"start":{"line":111,"column":36},"end":{"line":111,"column":52}},{"start":{"line":111,"column":56},"end":{"line":111,"column":57}}],"line":111}},"s":{"0":1,"1":2,"2":0,"3":0,"4":0,"5":0,"6":0,"7":0,"8":0,"9":0,"10":0,"11":0,"12":0,"13":0,"14":0,"15":0,"16":0,"17":0,"18":0,"19":0,"20":0,"21":0,"22":0,"23":0,"24":0,"25":0,"26":0,"27":0,"28":0,"29":0,"30":0,"31":0,"32":0,"33":0,"34":0,"35":0,"36":0,"37":0,"38":0,"39":0,"40":0,"41":0,"42":0,"43":0,"44":0,"45":0,"46":0,"47":0,"48":0,"49":0,"50":0,"51":0,"52":0,"53":0,"54":0,"55":0,"56":0,"57":0,"58":0,"59":0,"60":0,"61":0,"62":0,"63":0,"64":0,"65":0,"66":0,"67":0,"68":0},"f":{"0":2,"1":0,"2":0,"3":0,"4":0,"5":0,"6":0,"7":0,"8":0,"9":0,"10":0,"11":0,"12":0,"13":0,"14":0,"15":0,"16":0,"17":0,"18":0,"19":0,"20":0,"21":0,"22":0,"23":0,"24":0,"25":0,"26":0,"27":0,"28":0,"29":0,"30":0,"31":0,"32":0,"33":0,"34":0,"35":0},"b":{"0":[0,0],"1":[0,0],"2":[0,0],"3":[0,0],"4":[0,0],"5":[0,0],"6":[0,0],"7":[0,0],"8":[0,0],"9":[0,0],"10":[0,0],"11":[0,0],"12":[0,0],"13":[0,0],"14":[0,0]},"_coverageSchema":"1a1c01bbd47fc00a2c39e90264f33305004495a9","hash":"a491ac5a9a12feb35d0c026396271478dfb37aac"}
,"C:\\Users\\Georgi\\Desktop\\AcademyVue\\vue-highcharts-app\\src\\utils\\classes.js": {"path":"C:\\Users\\Georgi\\Desktop\\AcademyVue\\vue-highcharts-app\\src\\utils\\classes.js","statementMap":{"0":{"start":{"line":3,"column":8},"end":{"line":3,"column":25}},"1":{"start":{"line":4,"column":8},"end":{"line":4,"column":21}},"2":{"start":{"line":5,"column":8},"end":{"line":5,"column":29}},"3":{"start":{"line":6,"column":8},"end":{"line":6,"column":33}},"4":{"start":{"line":7,"column":8},"end":{"line":7,"column":25}},"5":{"start":{"line":8,"column":8},"end":{"line":8,"column":27}},"6":{"start":{"line":9,"column":8},"end":{"line":9,"column":25}},"7":{"start":{"line":10,"column":8},"end":{"line":10,"column":29}},"8":{"start":{"line":11,"column":8},"end":{"line":11,"column":29}},"9":{"start":{"line":12,"column":8},"end":{"line":12,"column":32}},"10":{"start":{"line":13,"column":8},"end":{"line":13,"column":31}},"11":{"start":{"line":14,"column":8},"end":{"line":14,"column":43}},"12":{"start":{"line":15,"column":8},"end":{"line":15,"column":33}},"13":{"start":{"line":16,"column":8},"end":{"line":16,"column":29}}},"fnMap":{"0":{"name":"(anonymous_0)","decl":{"start":{"line":2,"column":4},"end":{"line":2,"column":5}},"loc":{"start":{"line":2,"column":130},"end":{"line":17,"column":5}},"line":2}},"branchMap":{},"s":{"0":0,"1":0,"2":0,"3":0,"4":0,"5":0,"6":0,"7":0,"8":0,"9":0,"10":0,"11":0,"12":0,"13":0},"f":{"0":0},"b":{},"_coverageSchema":"1a1c01bbd47fc00a2c39e90264f33305004495a9","hash":"84c7176e51d0837a788872ce8a679b9299db4083"}
,"C:\\Users\\Georgi\\Desktop\\AcademyVue\\vue-highcharts-app\\src\\utils\\countryFromCoordinates.js": {"path":"C:\\Users\\Georgi\\Desktop\\AcademyVue\\vue-highcharts-app\\src\\utils\\countryFromCoordinates.js","statementMap":{"0":{"start":{"line":1,"column":36},"end":{"line":19,"column":1}},"1":{"start":{"line":2,"column":4},"end":{"line":17,"column":5}},"2":{"start":{"line":3,"column":23},"end":{"line":3,"column":114}},"3":{"start":{"line":5,"column":25},"end":{"line":5,"column":44}},"4":{"start":{"line":7,"column":8},"end":{"line":14,"column":9}},"5":{"start":{"line":8,"column":25},"end":{"line":8,"column":46}},"6":{"start":{"line":10,"column":12},"end":{"line":13,"column":13}},"7":{"start":{"line":11,"column":28},"end":{"line":11,"column":54}},"8":{"start":{"line":12,"column":16},"end":{"line":12,"column":27}},"9":{"start":{"line":16,"column":8},"end":{"line":16,"column":37}},"10":{"start":{"line":18,"column":4},"end":{"line":18,"column":21}}},"fnMap":{"0":{"name":"(anonymous_0)","decl":{"start":{"line":1,"column":36},"end":{"line":1,"column":37}},"loc":{"start":{"line":1,"column":54},"end":{"line":19,"column":1}},"line":1}},"branchMap":{"0":{"loc":{"start":{"line":7,"column":8},"end":{"line":14,"column":9}},"type":"if","locations":[{"start":{"line":7,"column":8},"end":{"line":14,"column":9}},{"start":{},"end":{}}],"line":7},"1":{"loc":{"start":{"line":10,"column":12},"end":{"line":13,"column":13}},"type":"if","locations":[{"start":{"line":10,"column":12},"end":{"line":13,"column":13}},{"start":{},"end":{}}],"line":10},"2":{"loc":{"start":{"line":10,"column":16},"end":{"line":10,"column":52}},"type":"binary-expr","locations":[{"start":{"line":10,"column":16},"end":{"line":10,"column":28}},{"start":{"line":10,"column":32},"end":{"line":10,"column":52}}],"line":10}},"s":{"0":1,"1":0,"2":0,"3":0,"4":0,"5":0,"6":0,"7":0,"8":0,"9":0,"10":0},"f":{"0":0},"b":{"0":[0,0],"1":[0,0],"2":[0,0]},"_coverageSchema":"1a1c01bbd47fc00a2c39e90264f33305004495a9","hash":"9bcbf04383a9df398ef8d5ec3ac2d513bb9f0d91"}
,"C:\\Users\\Georgi\\Desktop\\AcademyVue\\vue-highcharts-app\\src\\utils\\emailSender.js": {"path":"C:\\Users\\Georgi\\Desktop\\AcademyVue\\vue-highcharts-app\\src\\utils\\emailSender.js","statementMap":{"0":{"start":{"line":3,"column":19},"end":{"line":3,"column":37}},"1":{"start":{"line":4,"column":15},"end":{"line":4,"column":34}},"2":{"start":{"line":7,"column":19},"end":{"line":11,"column":5}},"3":{"start":{"line":13,"column":4},"end":{"line":19,"column":11}},"4":{"start":{"line":15,"column":12},"end":{"line":15,"column":49}},"5":{"start":{"line":18,"column":12},"end":{"line":18,"column":52}}},"fnMap":{"0":{"name":"sendCustomEmail","decl":{"start":{"line":6,"column":9},"end":{"line":6,"column":24}},"loc":{"start":{"line":6,"column":55},"end":{"line":20,"column":1}},"line":6},"1":{"name":"(anonymous_1)","decl":{"start":{"line":14,"column":14},"end":{"line":14,"column":15}},"loc":{"start":{"line":14,"column":34},"end":{"line":16,"column":9}},"line":14},"2":{"name":"(anonymous_2)","decl":{"start":{"line":17,"column":15},"end":{"line":17,"column":16}},"loc":{"start":{"line":17,"column":32},"end":{"line":19,"column":9}},"line":17}},"branchMap":{},"s":{"0":5,"1":5,"2":0,"3":0,"4":0,"5":0},"f":{"0":0,"1":0,"2":0},"b":{},"_coverageSchema":"1a1c01bbd47fc00a2c39e90264f33305004495a9","hash":"bd11e62c876b13dae983d07d21d6f0dcb4cfee46"}
,"C:\\Users\\Georgi\\Desktop\\AcademyVue\\vue-highcharts-app\\src\\utils\\imageConvertor.js": {"path":"C:\\Users\\Georgi\\Desktop\\AcademyVue\\vue-highcharts-app\\src\\utils\\imageConvertor.js","statementMap":{"0":{"start":{"line":5,"column":4},"end":{"line":27,"column":7}},"1":{"start":{"line":7,"column":27},"end":{"line":7,"column":51}},"2":{"start":{"line":8,"column":30},"end":{"line":8,"column":84}},"3":{"start":{"line":10,"column":8},"end":{"line":13,"column":9}},"4":{"start":{"line":11,"column":12},"end":{"line":11,"column":52}},"5":{"start":{"line":12,"column":12},"end":{"line":12,"column":19}},"6":{"start":{"line":15,"column":25},"end":{"line":15,"column":55}},"7":{"start":{"line":17,"column":8},"end":{"line":26,"column":11}},"8":{"start":{"line":18,"column":12},"end":{"line":18,"column":56}},"9":{"start":{"line":19,"column":12},"end":{"line":23,"column":15}},"10":{"start":{"line":20,"column":16},"end":{"line":20,"column":37}},"11":{"start":{"line":22,"column":16},"end":{"line":22,"column":22}},"12":{"start":{"line":25,"column":12},"end":{"line":25,"column":18}}},"fnMap":{"0":{"name":"uploadImage","decl":{"start":{"line":4,"column":9},"end":{"line":4,"column":20}},"loc":{"start":{"line":4,"column":27},"end":{"line":28,"column":1}},"line":4},"1":{"name":"(anonymous_1)","decl":{"start":{"line":5,"column":23},"end":{"line":5,"column":24}},"loc":{"start":{"line":5,"column":44},"end":{"line":27,"column":5}},"line":5},"2":{"name":"(anonymous_2)","decl":{"start":{"line":17,"column":32},"end":{"line":17,"column":33}},"loc":{"start":{"line":17,"column":44},"end":{"line":24,"column":9}},"line":17},"3":{"name":"(anonymous_3)","decl":{"start":{"line":19,"column":47},"end":{"line":19,"column":48}},"loc":{"start":{"line":19,"column":62},"end":{"line":21,"column":13}},"line":19},"4":{"name":"(anonymous_4)","decl":{"start":{"line":21,"column":21},"end":{"line":21,"column":22}},"loc":{"start":{"line":21,"column":26},"end":{"line":23,"column":13}},"line":21},"5":{"name":"(anonymous_5)","decl":{"start":{"line":24,"column":17},"end":{"line":24,"column":18}},"loc":{"start":{"line":24,"column":22},"end":{"line":26,"column":9}},"line":24}},"branchMap":{"0":{"loc":{"start":{"line":10,"column":8},"end":{"line":13,"column":9}},"type":"if","locations":[{"start":{"line":10,"column":8},"end":{"line":13,"column":9}},{"start":{},"end":{}}],"line":10}},"s":{"0":0,"1":0,"2":0,"3":0,"4":0,"5":0,"6":0,"7":0,"8":0,"9":0,"10":0,"11":0,"12":0},"f":{"0":0,"1":0,"2":0,"3":0,"4":0,"5":0},"b":{"0":[0,0]},"_coverageSchema":"1a1c01bbd47fc00a2c39e90264f33305004495a9","hash":"5bda5410404677e97dcbda0ecc7fd0610efcc7bf"}
}
