{"C:\\Users\\Georgi\\Desktop\\AcademyVue\\vue-highcharts-app\\src\\components\\Events\\EmptyEvents.vue": {"path":"C:\\Users\\Georgi\\Desktop\\AcademyVue\\vue-highcharts-app\\src\\components\\Events\\EmptyEvents.vue","statementMap":{"0":{"start":{"line":3,"column":0},"end":{"line":5,"column":3}},"1":{"start":{"line":6,"column":0},"end":{"line":6,"column":24}},"2":{"start":{"line":7,"column":11},"end":{"line":7,"column":25}},"3":{"start":{"line":8,"column":17},"end":{"line":10,"column":1}},"4":{"start":{"line":11,"column":17},"end":{"line":13,"column":1}},"5":{"start":{"line":14,"column":30},"end":{"line":16,"column":40}},"6":{"start":{"line":17,"column":30},"end":{"line":19,"column":48}},"7":{"start":{"line":22,"column":31},"end":{"line":22,"column":72}},"8":{"start":{"line":23,"column":2},"end":{"line":33,"column":9}},"9":{"start":{"line":30,"column":6},"end":{"line":30,"column":55}},"10":{"start":{"line":34,"column":2},"end":{"line":34,"column":49}}},"fnMap":{"0":{"name":"render","decl":{"start":{"line":21,"column":9},"end":{"line":21,"column":15}},"loc":{"start":{"line":21,"column":30},"end":{"line":34,"column":1}},"line":21},"1":{"name":"(anonymous_1)","decl":{"start":{"line":29,"column":33},"end":{"line":29,"column":34}},"loc":{"start":{"line":29,"column":45},"end":{"line":31,"column":5}},"line":29}},"branchMap":{},"s":{"0":1,"1":1,"2":1,"3":1,"4":1,"5":1,"6":1,"7":1,"8":1,"9":0,"10":1},"f":{"0":1,"1":0},"b":{},"inputSourceMap":{"0":"{","1":"\"","2":"v","3":"e","4":"r","5":"s","6":"i","7":"o","8":"n","9":"\"","10":":","11":"3","12":",","13":"\"","14":"s","15":"o","16":"u","17":"r","18":"c","19":"e","20":"s","21":"\"","22":":","23":"[","24":"]","25":",","26":"\"","27":"n","28":"a","29":"m","30":"e","31":"s","32":"\"","33":":","34":"[","35":"]","36":",","37":"\"","38":"m","39":"a","40":"p","41":"p","42":"i","43":"n","44":"g","45":"s","46":"\"","47":":","48":"\"","49":"\"","50":",","51":"\"","52":"f","53":"i","54":"l","55":"e","56":"\"","57":":","58":"\"","59":"C","60":":","61":"\\","62":"\\","63":"U","64":"s","65":"e","66":"r","67":"s","68":"\\","69":"\\","70":"G","71":"e","72":"o","73":"r","74":"g","75":"i","76":"\\","77":"\\","78":"D","79":"e","80":"s","81":"k","82":"t","83":"o","84":"p","85":"\\","86":"\\","87":"A","88":"c","89":"a","90":"d","91":"e","92":"m","93":"y","94":"V","95":"u","96":"e","97":"\\","98":"\\","99":"v","100":"u","101":"e","102":"-","103":"h","104":"i","105":"g","106":"h","107":"c","108":"h","109":"a","110":"r","111":"t","112":"s","113":"-","114":"a","115":"p","116":"p","117":"\\","118":"\\","119":"s","120":"r","121":"c","122":"\\","123":"\\","124":"c","125":"o","126":"m","127":"p","128":"o","129":"n","130":"e","131":"n","132":"t","133":"s","134":"\\","135":"\\","136":"E","137":"v","138":"e","139":"n","140":"t","141":"s","142":"\\","143":"\\","144":"E","145":"m","146":"p","147":"t","148":"y","149":"E","150":"v","151":"e","152":"n","153":"t","154":"s","155":".","156":"v","157":"u","158":"e","159":"\"","160":"}"},"_coverageSchema":"1a1c01bbd47fc00a2c39e90264f33305004495a9","hash":"c128a0c24edd8b5b28f3bdf912f3db03e2439633"}
,"C:\\Users\\Georgi\\Desktop\\AcademyVue\\vue-highcharts-app\\src\\components\\Events\\EventCard.vue": {"path":"C:\\Users\\Georgi\\Desktop\\AcademyVue\\vue-highcharts-app\\src\\components\\Events\\EventCard.vue","statementMap":{"0":{"start":{"line":4,"column":0},"end":{"line":6,"column":3}},"1":{"start":{"line":7,"column":0},"end":{"line":7,"column":28}},"2":{"start":{"line":8,"column":15},"end":{"line":36,"column":1}},"3":{"start":{"line":20,"column":4},"end":{"line":20,"column":15}},"4":{"start":{"line":26,"column":16},"end":{"line":26,"column":23}},"5":{"start":{"line":27,"column":23},"end":{"line":29,"column":5}},"6":{"start":{"line":30,"column":4},"end":{"line":33,"column":7}},"7":{"start":{"line":34,"column":4},"end":{"line":34,"column":24}},"8":{"start":{"line":39,"column":0},"end":{"line":41,"column":3}},"9":{"start":{"line":42,"column":0},"end":{"line":42,"column":24}},"10":{"start":{"line":43,"column":11},"end":{"line":43,"column":25}},"11":{"start":{"line":44,"column":17},"end":{"line":46,"column":1}},"12":{"start":{"line":47,"column":17},"end":{"line":49,"column":1}},"13":{"start":{"line":50,"column":17},"end":{"line":50,"column":31}},"14":{"start":{"line":51,"column":17},"end":{"line":53,"column":1}},"15":{"start":{"line":54,"column":17},"end":{"line":56,"column":1}},"16":{"start":{"line":57,"column":17},"end":{"line":59,"column":1}},"17":{"start":{"line":60,"column":17},"end":{"line":60,"column":29}},"18":{"start":{"line":61,"column":30},"end":{"line":63,"column":26}},"19":{"start":{"line":64,"column":30},"end":{"line":66,"column":397}},"20":{"start":{"line":67,"column":18},"end":{"line":69,"column":1}},"21":{"start":{"line":70,"column":18},"end":{"line":72,"column":1}},"22":{"start":{"line":73,"column":18},"end":{"line":76,"column":1}},"23":{"start":{"line":77,"column":18},"end":{"line":80,"column":1}},"24":{"start":{"line":81,"column":18},"end":{"line":84,"column":1}},"25":{"start":{"line":85,"column":18},"end":{"line":87,"column":1}},"26":{"start":{"line":89,"column":31},"end":{"line":89,"column":72}},"27":{"start":{"line":90,"column":2},"end":{"line":109,"column":36}},"28":{"start":{"line":106,"column":6},"end":{"line":106,"column":56}},"29":{"start":{"line":110,"column":2},"end":{"line":110,"column":49}}},"fnMap":{"0":{"name":"setup","decl":{"start":{"line":17,"column":18},"end":{"line":17,"column":23}},"loc":{"start":{"line":17,"column":39},"end":{"line":35,"column":3}},"line":17},"1":{"name":"render","decl":{"start":{"line":88,"column":9},"end":{"line":88,"column":15}},"loc":{"start":{"line":88,"column":63},"end":{"line":110,"column":1}},"line":88},"2":{"name":"(anonymous_2)","decl":{"start":{"line":105,"column":33},"end":{"line":105,"column":34}},"loc":{"start":{"line":105,"column":45},"end":{"line":107,"column":5}},"line":105}},"branchMap":{"0":{"loc":{"start":{"line":96,"column":407},"end":{"line":96,"column":640}},"type":"cond-expr","locations":[{"start":{"line":96,"column":434},"end":{"line":96,"column":594}},{"start":{"line":96,"column":598},"end":{"line":96,"column":640}}],"line":96},"1":{"loc":{"start":{"line":96,"column":642},"end":{"line":96,"column":868}},"type":"cond-expr","locations":[{"start":{"line":96,"column":669},"end":{"line":96,"column":822}},{"start":{"line":96,"column":826},"end":{"line":96,"column":868}}],"line":96},"2":{"loc":{"start":{"line":96,"column":870},"end":{"line":96,"column":1027}},"type":"cond-expr","locations":[{"start":{"line":96,"column":898},"end":{"line":96,"column":981}},{"start":{"line":96,"column":985},"end":{"line":96,"column":1027}}],"line":96}},"s":{"0":1,"1":1,"2":1,"3":2,"4":2,"5":2,"6":2,"7":2,"8":1,"9":1,"10":1,"11":1,"12":1,"13":1,"14":1,"15":1,"16":1,"17":1,"18":1,"19":1,"20":1,"21":1,"22":1,"23":1,"24":1,"25":1,"26":4,"27":4,"28":0,"29":1},"f":{"0":2,"1":4,"2":0},"b":{"0":[2,2],"1":[2,2],"2":[2,2]},"inputSourceMap":{"0":"{","1":"\"","2":"v","3":"e","4":"r","5":"s","6":"i","7":"o","8":"n","9":"\"","10":":","11":"3","12":",","13":"\"","14":"s","15":"o","16":"u","17":"r","18":"c","19":"e","20":"s","21":"\"","22":":","23":"[","24":"\"","25":"C","26":":","27":"/","28":"U","29":"s","30":"e","31":"r","32":"s","33":"/","34":"G","35":"e","36":"o","37":"r","38":"g","39":"i","40":"/","41":"D","42":"e","43":"s","44":"k","45":"t","46":"o","47":"p","48":"/","49":"A","50":"c","51":"a","52":"d","53":"e","54":"m","55":"y","56":"V","57":"u","58":"e","59":"/","60":"v","61":"u","62":"e","63":"-","64":"h","65":"i","66":"g","67":"h","68":"c","69":"h","70":"a","71":"r","72":"t","73":"s","74":"-","75":"a","76":"p","77":"p","78":"/","79":"s","80":"r","81":"c","82":"/","83":"c","84":"o","85":"m","86":"p","87":"o","88":"n","89":"e","90":"n","91":"t","92":"s","93":"/","94":"E","95":"v","96":"e","97":"n","98":"t","99":"s","100":"/","101":"E","102":"v","103":"e","104":"n","105":"t","106":"C","107":"a","108":"r","109":"d","110":".","111":"v","112":"u","113":"e","114":"\"","115":"]","116":",","117":"\"","118":"n","119":"a","120":"m","121":"e","122":"s","123":"\"","124":":","125":"[","126":"]","127":",","128":"\"","129":"m","130":"a","131":"p","132":"p","133":"i","134":"n","135":"g","136":"s","137":"\"","138":":","139":"\"","140":";","141":";","142":";","143":";","144":";","145":";","146":";","147":";","148":";","149":";","150":";","151":";","152":";","153":";","154":";","155":";","156":";","157":";","158":";","159":";","160":";","161":"I","162":"A","163":"k","164":"C","165":"A","166":";","167":"A","168":"A","169":"C","170":"A","171":";","172":"A","173":"A","174":"C","175":"A","176":";","177":";","178":"I","179":"A","180":"E","181":"A","182":",","183":"I","184":"A","185":"A","186":"M","187":",","188":"K","189":"A","190":"A","191":"K","192":",","193":"G","194":"A","195":"A","196":"G","197":",","198":"O","199":"A","200":"K","201":"O","202":"\"","203":",","204":"\"","205":"f","206":"i","207":"l","208":"e","209":"\"","210":":","211":"\"","212":"C","213":":","214":"\\","215":"\\","216":"U","217":"s","218":"e","219":"r","220":"s","221":"\\","222":"\\","223":"G","224":"e","225":"o","226":"r","227":"g","228":"i","229":"\\","230":"\\","231":"D","232":"e","233":"s","234":"k","235":"t","236":"o","237":"p","238":"\\","239":"\\","240":"A","241":"c","242":"a","243":"d","244":"e","245":"m","246":"y","247":"V","248":"u","249":"e","250":"\\","251":"\\","252":"v","253":"u","254":"e","255":"-","256":"h","257":"i","258":"g","259":"h","260":"c","261":"h","262":"a","263":"r","264":"t","265":"s","266":"-","267":"a","268":"p","269":"p","270":"\\","271":"\\","272":"s","273":"r","274":"c","275":"\\","276":"\\","277":"c","278":"o","279":"m","280":"p","281":"o","282":"n","283":"e","284":"n","285":"t","286":"s","287":"\\","288":"\\","289":"E","290":"v","291":"e","292":"n","293":"t","294":"s","295":"\\","296":"\\","297":"E","298":"v","299":"e","300":"n","301":"t","302":"C","303":"a","304":"r","305":"d","306":".","307":"v","308":"u","309":"e","310":"\"","311":",","312":"\"","313":"s","314":"o","315":"u","316":"r","317":"c","318":"e","319":"s","320":"C","321":"o","322":"n","323":"t","324":"e","325":"n","326":"t","327":"\"","328":":","329":"[","330":"\"","331":"<","332":"t","333":"e","334":"m","335":"p","336":"l","337":"a","338":"t","339":"e","340":">","341":"\\","342":"r","343":"\\","344":"n","345":" ","346":" ","347":" ","348":" ","349":"<","350":"a","351":"r","352":"t","353":"i","354":"c","355":"l","356":"e","357":" ","358":"c","359":"l","360":"a","361":"s","362":"s","363":"=","364":"\\","365":"\"","366":"p","367":"o","368":"s","369":"t","370":"c","371":"a","372":"r","373":"d","374":" ","375":"l","376":"i","377":"g","378":"h","379":"t","380":" ","381":"r","382":"e","383":"d","384":"\\","385":"\"","386":">","387":"\\","388":"r","389":"\\","390":"n","391":" ","392":" ","393":" ","394":" ","395":" ","396":" ","397":" ","398":" ","399":"<","400":"d","401":"i","402":"v","403":" ","404":"c","405":"l","406":"a","407":"s","408":"s","409":"=","410":"\\","411":"\"","412":"p","413":"o","414":"s","415":"t","416":"c","417":"a","418":"r","419":"d","420":"_","421":"_","422":"i","423":"m","424":"g","425":"_","426":"l","427":"i","428":"n","429":"k","430":"\\","431":"\"","432":">","433":"\\","434":"r","435":"\\","436":"n","437":" ","438":" ","439":" ","440":" ","441":" ","442":" ","443":" ","444":" ","445":" ","446":" ","447":" ","448":" ","449":"<","450":"i","451":"m","452":"g","453":" ","454":"c","455":"l","456":"a","457":"s","458":"s","459":"=","460":"\\","461":"\"","462":"p","463":"o","464":"s","465":"t","466":"c","467":"a","468":"r","469":"d","470":"_","471":"_","472":"i","473":"m","474":"g","475":"\\","476":"\"","477":" ","478":":","479":"s","480":"r","481":"c","482":"=","483":"\\","484":"\"","485":"e","486":"v","487":"e","488":"n","489":"t","490":"D","491":"a","492":"t","493":"a","494":".","495":"i","496":"m","497":"g","498":"S","499":"r","500":"c","501":"\\","502":"\"","503":" ","504":":","505":"a","506":"l","507":"t","508":"=","509":"\\","510":"\"","511":"e","512":"v","513":"e","514":"n","515":"t","516":"D","517":"a","518":"t","519":"a","520":".","521":"n","522":"a","523":"m","524":"e","525":"\\","526":"\"","527":" ","528":"/","529":">","530":"\\","531":"r","532":"\\","533":"n","534":" ","535":" ","536":" ","537":" ","538":" ","539":" ","540":" ","541":" ","542":"<","543":"/","544":"d","545":"i","546":"v","547":">","548":"\\","549":"r","550":"\\","551":"n","552":" ","553":" ","554":" ","555":" ","556":" ","557":" ","558":" ","559":" ","560":"<","561":"d","562":"i","563":"v","564":" ","565":"c","566":"l","567":"a","568":"s","569":"s","570":"=","571":"\\","572":"\"","573":"p","574":"o","575":"s","576":"t","577":"c","578":"a","579":"r","580":"d","581":"_","582":"_","583":"t","584":"e","585":"x","586":"t","587":" ","588":"t","589":"-","590":"d","591":"a","592":"r","593":"k","594":"\\","595":"\"","596":">","597":"\\","598":"r","599":"\\","600":"n","601":" ","602":" ","603":" ","604":" ","605":" ","606":" ","607":" ","608":" ","609":" ","610":" ","611":" ","612":" ","613":"<","614":"h","615":"1","616":" ","617":"c","618":"l","619":"a","620":"s","621":"s","622":"=","623":"\\","624":"\"","625":"p","626":"o","627":"s","628":"t","629":"c","630":"a","631":"r","632":"d","633":"_","634":"_","635":"t","636":"i","637":"t","638":"l","639":"e","640":" ","641":"r","642":"e","643":"d","644":"\\","645":"\"","646":">","647":"{","648":"{","649":" ","650":"e","651":"v","652":"e","653":"n","654":"t","655":"D","656":"a","657":"t","658":"a","659":".","660":"n","661":"a","662":"m","663":"e","664":" ","665":"}","666":"}","667":"<","668":"/","669":"h","670":"1","671":">","672":"\\","673":"r","674":"\\","675":"n","676":" ","677":" ","678":" ","679":" ","680":" ","681":" ","682":" ","683":" ","684":" ","685":" ","686":" ","687":" ","688":"<","689":"d","690":"i","691":"v","692":" ","693":"c","694":"l","695":"a","696":"s","697":"s","698":"=","699":"\\","700":"\"","701":"p","702":"o","703":"s","704":"t","705":"c","706":"a","707":"r","708":"d","709":"_","710":"_","711":"s","712":"u","713":"b","714":"t","715":"i","716":"t","717":"l","718":"e","719":" ","720":"s","721":"m","722":"a","723":"l","724":"l","725":"\\","726":"\"","727":">","728":"\\","729":"r","730":"\\","731":"n","732":" ","733":" ","734":" ","735":" ","736":" ","737":" ","738":" ","739":" ","740":" ","741":" ","742":" ","743":" ","744":" ","745":" ","746":" ","747":" ","748":"<","749":"t","750":"i","751":"m","752":"e","753":" ","754":":","755":"d","756":"a","757":"t","758":"e","759":"t","760":"i","761":"m","762":"e","763":"=","764":"\\","765":"\"","766":"$","767":"f","768":"o","769":"r","770":"m","771":"a","772":"t","773":"D","774":"a","775":"t","776":"e","777":"I","778":"n","779":"T","780":"i","781":"m","782":"e","783":"Z","784":"o","785":"n","786":"e","787":"(","788":"e","789":"v","790":"e","791":"n","792":"t","793":"D","794":"a","795":"t","796":"a","797":".","798":"l","799":"o","800":"c","801":"a","802":"t","803":"i","804":"o","805":"n","806":",","807":" ","808":"e","809":"v","810":"e","811":"n","812":"t","813":"D","814":"a","815":"t","816":"a","817":".","818":"d","819":"a","820":"t","821":"e","822":"T","823":"i","824":"m","825":"e","826":")","827":"\\","828":"\"","829":">","830":"\\","831":"r","832":"\\","833":"n","834":" ","835":" ","836":" ","837":" ","838":" ","839":" ","840":" ","841":" ","842":" ","843":" ","844":" ","845":" ","846":" ","847":" ","848":" ","849":" ","850":" ","851":" ","852":" ","853":" ","854":"<","855":"s","856":"p","857":"a","858":"n","859":">","860":"{","861":"{","862":" ","863":"$","864":"f","865":"o","866":"r","867":"m","868":"a","869":"t","870":"D","871":"a","872":"t","873":"e","874":"I","875":"n","876":"T","877":"i","878":"m","879":"e","880":"Z","881":"o","882":"n","883":"e","884":"(","885":"e","886":"v","887":"e","888":"n","889":"t","890":"D","891":"a","892":"t","893":"a","894":".","895":"l","896":"o","897":"c","898":"a","899":"t","900":"i","901":"o","902":"n","903":",","904":" ","905":"e","906":"v","907":"e","908":"n","909":"t","910":"D","911":"a","912":"t","913":"a","914":".","915":"d","916":"a","917":"t","918":"e","919":"T","920":"i","921":"m","922":"e","923":")","924":" ","925":"}","926":"}","927":"<","928":"/","929":"s","930":"p","931":"a","932":"n","933":">","934":"\\","935":"r","936":"\\","937":"n","938":" ","939":" ","940":" ","941":" ","942":" ","943":" ","944":" ","945":" ","946":" ","947":" ","948":" ","949":" ","950":" ","951":" ","952":" ","953":" ","954":"<","955":"/","956":"t","957":"i","958":"m","959":"e","960":">","961":"\\","962":"r","963":"\\","964":"n","965":" ","966":" ","967":" ","968":" ","969":" ","970":" ","971":" ","972":" ","973":" ","974":" ","975":" ","976":" ","977":"<","978":"/","979":"d","980":"i","981":"v","982":">","983":"\\","984":"r","985":"\\","986":"n","987":" ","988":" ","989":" ","990":" ","991":" ","992":" ","993":" ","994":" ","995":" ","996":" ","997":" ","998":" ","999":"<","1000":"d","1001":"i","1002":"v","1003":" ","1004":"c","1005":"l","1006":"a","1007":"s","1008":"s","1009":"=","1010":"\\","1011":"\"","1012":"p","1013":"o","1014":"s","1015":"t","1016":"c","1017":"a","1018":"r","1019":"d","1020":"_","1021":"_","1022":"b","1023":"a","1024":"r","1025":"\\","1026":"\"","1027":">","1028":"<","1029":"/","1030":"d","1031":"i","1032":"v","1033":">","1034":"\\","1035":"r","1036":"\\","1037":"n","1038":" ","1039":" ","1040":" ","1041":" ","1042":" ","1043":" ","1044":" ","1045":" ","1046":" ","1047":" ","1048":" ","1049":" ","1050":"<","1051":"d","1052":"i","1053":"v","1054":" ","1055":"c","1056":"l","1057":"a","1058":"s","1059":"s","1060":"=","1061":"\\","1062":"\"","1063":"p","1064":"o","1065":"s","1066":"t","1067":"c","1068":"a","1069":"r","1070":"d","1071":"_","1072":"_","1073":"p","1074":"r","1075":"e","1076":"v","1077":"i","1078":"e","1079":"w","1080":"-","1081":"t","1082":"x","1083":"t","1084":"\\","1085":"\"","1086":">","1087":"L","1088":"o","1089":"r","1090":"e","1091":"m","1092":" ","1093":"i","1094":"p","1095":"s","1096":"u","1097":"m","1098":" ","1099":"d","1100":"o","1101":"l","1102":"o","1103":"r","1104":" ","1105":"s","1106":"i","1107":"t","1108":" ","1109":"a","1110":"m","1111":"e","1112":"t","1113":" ","1114":"c","1115":"o","1116":"n","1117":"s","1118":"e","1119":"c","1120":"t","1121":"e","1122":"t","1123":"u","1124":"r","1125":" ","1126":"a","1127":"d","1128":"i","1129":"p","1130":"i","1131":"s","1132":"i","1133":"c","1134":"i","1135":"n","1136":"g","1137":" ","1138":"e","1139":"l","1140":"i","1141":"t","1142":".","1143":" ","1144":"E","1145":"l","1146":"i","1147":"g","1148":"e","1149":"n","1150":"d","1151":"i","1152":",","1153":"\\","1154":"r","1155":"\\","1156":"n","1157":" ","1158":" ","1159":" ","1160":" ","1161":" ","1162":" ","1163":" ","1164":" ","1165":" ","1166":" ","1167":" ","1168":" ","1169":" ","1170":" ","1171":" ","1172":" ","1173":"f","1174":"u","1175":"g","1176":"i","1177":"a","1178":"t","1179":" ","1180":"a","1181":"s","1182":"p","1183":"e","1184":"r","1185":"i","1186":"o","1187":"r","1188":"e","1189":"s","1190":" ","1191":"i","1192":"n","1193":"v","1194":"e","1195":"n","1196":"t","1197":"o","1198":"r","1199":"e","1200":" ","1201":"b","1202":"e","1203":"a","1204":"t","1205":"a","1206":"e","1207":" ","1208":"a","1209":"c","1210":"c","1211":"u","1212":"s","1213":"a","1214":"m","1215":"u","1216":"s","1217":" ","1218":"o","1219":"d","1220":"i","1221":"t","1222":" ","1223":"m","1224":"i","1225":"n","1226":"i","1227":"m","1228":"a","1229":" ","1230":"e","1231":"n","1232":"i","1233":"m","1234":",","1235":" ","1236":"c","1237":"o","1238":"m","1239":"m","1240":"o","1241":"d","1242":"i","1243":" ","1244":"q","1245":"u","1246":"i","1247":"a","1248":",","1249":" ","1250":"d","1251":"o","1252":"l","1253":"o","1254":"r","1255":"i","1256":"b","1257":"u","1258":"s","1259":" ","1260":"e","1261":"i","1262":"u","1263":"s","1264":"!","1265":" ","1266":"D","1267":"u","1268":"c","1269":"i","1270":"m","1271":"u","1272":"s","1273":"\\","1274":"r","1275":"\\","1276":"n","1277":" ","1278":" ","1279":" ","1280":" ","1281":" ","1282":" ","1283":" ","1284":" ","1285":" ","1286":" ","1287":" ","1288":" ","1289":" ","1290":" ","1291":" ","1292":" ","1293":"n","1294":"e","1295":"m","1296":"o","1297":" ","1298":"a","1299":"c","1300":"c","1301":"u","1302":"s","1303":"a","1304":"n","1305":"t","1306":"i","1307":"u","1308":"m","1309":" ","1310":"m","1311":"a","1312":"i","1313":"o","1314":"r","1315":"e","1316":"s","1317":" ","1318":"v","1319":"e","1320":"l","1321":"i","1322":"t","1323":" ","1324":"c","1325":"o","1326":"r","1327":"r","1328":"u","1329":"p","1330":"t","1331":"i","1332":" ","1333":"t","1334":"e","1335":"m","1336":"p","1337":"o","1338":"r","1339":"a","1340":" ","1341":"r","1342":"e","1343":"i","1344":"c","1345":"i","1346":"e","1347":"n","1348":"d","1349":"i","1350":"s","1351":" ","1352":"m","1353":"o","1354":"l","1355":"e","1356":"s","1357":"t","1358":"i","1359":"a","1360":"e","1361":" ","1362":"r","1363":"e","1364":"p","1365":"e","1366":"l","1367":"l","1368":"a","1369":"t","1370":" ","1371":"v","1372":"e","1373":"r","1374":"o","1375":".","1376":" ","1377":"E","1378":"v","1379":"e","1380":"n","1381":"i","1382":"e","1383":"t","1384":" ","1385":"i","1386":"p","1387":"s","1388":"a","1389":"m","1390":"\\","1391":"r","1392":"\\","1393":"n","1394":" ","1395":" ","1396":" ","1397":" ","1398":" ","1399":" ","1400":" ","1401":" ","1402":" ","1403":" ","1404":" ","1405":" ","1406":" ","1407":" ","1408":" ","1409":" ","1410":"a","1411":"d","1412":"i","1413":"p","1414":"i","1415":"s","1416":"c","1417":"i","1418":" ","1419":"i","1420":"l","1421":"l","1422":"o","1423":" ","1424":"i","1425":"u","1426":"s","1427":"t","1428":"o","1429":" ","1430":"q","1431":"u","1432":"i","1433":"b","1434":"u","1435":"s","1436":"d","1437":"a","1438":"m","1439":",","1440":" ","1441":"s","1442":"u","1443":"n","1444":"t","1445":" ","1446":"n","1447":"e","1448":"q","1449":"u","1450":"e","1451":" ","1452":"n","1453":"u","1454":"l","1455":"l","1456":"a","1457":" ","1458":"u","1459":"n","1460":"d","1461":"e","1462":" ","1463":"i","1464":"p","1465":"s","1466":"u","1467":"m","1468":" ","1469":"d","1470":"o","1471":"l","1472":"o","1473":"r","1474":"e","1475":"s","1476":" ","1477":"n","1478":"o","1479":"b","1480":"i","1481":"s","1482":" ","1483":"e","1484":"n","1485":"i","1486":"m","1487":" ","1488":"q","1489":"u","1490":"i","1491":"d","1492":"e","1493":"m","1494":" ","1495":"e","1496":"x","1497":"c","1498":"e","1499":"p","1500":"t","1501":"u","1502":"r","1503":"i","1504":",","1505":"\\","1506":"r","1507":"\\","1508":"n","1509":" ","1510":" ","1511":" ","1512":" ","1513":" ","1514":" ","1515":" ","1516":" ","1517":" ","1518":" ","1519":" ","1520":" ","1521":" ","1522":" ","1523":" ","1524":" ","1525":"i","1526":"l","1527":"l","1528":"u","1529":"m","1530":" ","1531":"q","1532":"u","1533":"o","1534":"s","1535":"!","1536":"<","1537":"/","1538":"d","1539":"i","1540":"v","1541":">","1542":"\\","1543":"r","1544":"\\","1545":"n","1546":" ","1547":" ","1548":" ","1549":" ","1550":" ","1551":" ","1552":" ","1553":" ","1554":" ","1555":" ","1556":" ","1557":" ","1558":"<","1559":"u","1560":"l","1561":" ","1562":"c","1563":"l","1564":"a","1565":"s","1566":"s","1567":"=","1568":"\\","1569":"\"","1570":"p","1571":"o","1572":"s","1573":"t","1574":"c","1575":"a","1576":"r","1577":"d","1578":"_","1579":"_","1580":"t","1581":"a","1582":"g","1583":"b","1584":"o","1585":"x","1586":"\\","1587":"\"","1588":">","1589":"\\","1590":"r","1591":"\\","1592":"n","1593":" ","1594":" ","1595":" ","1596":" ","1597":" ","1598":" ","1599":" ","1600":" ","1601":" ","1602":" ","1603":" ","1604":" ","1605":" ","1606":" ","1607":" ","1608":" ","1609":"<","1610":"l","1611":"i","1612":" ","1613":"c","1614":"l","1615":"a","1616":"s","1617":"s","1618":"=","1619":"\\","1620":"\"","1621":"t","1622":"a","1623":"g","1624":"_","1625":"_","1626":"i","1627":"t","1628":"e","1629":"m","1630":"\\","1631":"\"","1632":">","1633":"C","1634":"o","1635":"u","1636":"n","1637":"t","1638":"r","1639":"y","1640":":","1641":" ","1642":"{","1643":"{","1644":" ","1645":"e","1646":"v","1647":"e","1648":"n","1649":"t","1650":"D","1651":"a","1652":"t","1653":"a","1654":".","1655":"c","1656":"o","1657":"u","1658":"n","1659":"t","1660":"r","1661":"y","1662":" ","1663":"}","1664":"}","1665":"<","1666":"/","1667":"l","1668":"i","1669":">","1670":"\\","1671":"r","1672":"\\","1673":"n","1674":" ","1675":" ","1676":" ","1677":" ","1678":" ","1679":" ","1680":" ","1681":" ","1682":" ","1683":" ","1684":" ","1685":" ","1686":" ","1687":" ","1688":" ","1689":" ","1690":"<","1691":"l","1692":"i","1693":" ","1694":"v","1695":"-","1696":"i","1697":"f","1698":"=","1699":"\\","1700":"\"","1701":"e","1702":"v","1703":"e","1704":"n","1705":"t","1706":"D","1707":"a","1708":"t","1709":"a","1710":".","1711":"t","1712":"i","1713":"c","1714":"k","1715":"e","1716":"t","1717":"\\","1718":"\"","1719":" ","1720":"c","1721":"l","1722":"a","1723":"s","1724":"s","1725":"=","1726":"\\","1727":"\"","1728":"t","1729":"a","1730":"g","1731":"_","1732":"_","1733":"i","1734":"t","1735":"e","1736":"m","1737":"\\","1738":"\"","1739":">","1740":"T","1741":"i","1742":"c","1743":"l","1744":"e","1745":"t","1746":"s","1747":" ","1748":"a","1749":"v","1750":"a","1751":"i","1752":"l","1753":"a","1754":"b","1755":"l","1756":"e","1757":":","1758":" ","1759":"{","1760":"{","1761":" ","1762":"e","1763":"v","1764":"e","1765":"n","1766":"t","1767":"D","1768":"a","1769":"t","1770":"a","1771":".","1772":"t","1773":"i","1774":"c","1775":"k","1776":"e","1777":"t","1778":" ","1779":"}","1780":"}","1781":"<","1782":"/","1783":"l","1784":"i","1785":">","1786":"\\","1787":"r","1788":"\\","1789":"n","1790":" ","1791":" ","1792":" ","1793":" ","1794":" ","1795":" ","1796":" ","1797":" ","1798":" ","1799":" ","1800":" ","1801":" ","1802":" ","1803":" ","1804":" ","1805":" ","1806":"<","1807":"l","1808":"i","1809":" ","1810":"v","1811":"-","1812":"i","1813":"f","1814":"=","1815":"\\","1816":"\"","1817":"e","1818":"v","1819":"e","1820":"n","1821":"t","1822":"D","1823":"a","1824":"t","1825":"a","1826":".","1827":"t","1828":"i","1829":"c","1830":"k","1831":"e","1832":"t","1833":"\\","1834":"\"","1835":" ","1836":"c","1837":"l","1838":"a","1839":"s","1840":"s","1841":"=","1842":"\\","1843":"\"","1844":"t","1845":"a","1846":"g","1847":"_","1848":"_","1849":"i","1850":"t","1851":"e","1852":"m","1853":"\\","1854":"\"","1855":">","1856":"P","1857":"r","1858":"i","1859":"c","1860":"e","1861":":","1862":" ","1863":"{","1864":"{","1865":" ","1866":"e","1867":"v","1868":"e","1869":"n","1870":"t","1871":"D","1872":"a","1873":"t","1874":"a","1875":".","1876":"p","1877":"r","1878":"i","1879":"c","1880":"e","1881":" ","1882":"}","1883":"}","1884":"$","1885":"<","1886":"/","1887":"l","1888":"i","1889":">","1890":"\\","1891":"r","1892":"\\","1893":"n","1894":" ","1895":" ","1896":" ","1897":" ","1898":" ","1899":" ","1900":" ","1901":" ","1902":" ","1903":" ","1904":" ","1905":" ","1906":" ","1907":" ","1908":" ","1909":" ","1910":"<","1911":"l","1912":"i","1913":" ","1914":"v","1915":"-","1916":"i","1917":"f","1918":"=","1919":"\\","1920":"\"","1921":"!","1922":"e","1923":"v","1924":"e","1925":"n","1926":"t","1927":"D","1928":"a","1929":"t","1930":"a","1931":".","1932":"t","1933":"i","1934":"c","1935":"k","1936":"e","1937":"t","1938":"\\","1939":"\"","1940":" ","1941":"c","1942":"l","1943":"a","1944":"s","1945":"s","1946":"=","1947":"\\","1948":"\"","1949":"t","1950":"a","1951":"g","1952":"_","1953":"_","1954":"i","1955":"t","1956":"e","1957":"m","1958":" ","1959":"f","1960":"w","1961":"-","1962":"b","1963":"o","1964":"l","1965":"d","1966":" ","1967":"t","1968":"e","1969":"x","1970":"t","1971":"-","1972":"d","1973":"a","1974":"n","1975":"g","1976":"e","1977":"r","1978":"\\","1979":"\"","1980":">","1981":"S","1982":"O","1983":"L","1984":"D","1985":" ","1986":"O","1987":"U","1988":"T","1989":"!","1990":"<","1991":"/","1992":"l","1993":"i","1994":">","1995":"\\","1996":"r","1997":"\\","1998":"n","1999":" ","2000":" ","2001":" ","2002":" ","2003":" ","2004":" ","2005":" ","2006":" ","2007":" ","2008":" ","2009":" ","2010":" ","2011":" ","2012":" ","2013":" ","2014":" ","2015":"<","2016":"l","2017":"i","2018":" ","2019":"c","2020":"l","2021":"a","2022":"s","2023":"s","2024":"=","2025":"\\","2026":"\"","2027":"t","2028":"a","2029":"g","2030":"_","2031":"_","2032":"i","2033":"t","2034":"e","2035":"m","2036":"\\","2037":"\"","2038":">","2039":"\\","2040":"r","2041":"\\","2042":"n","2043":" ","2044":" ","2045":" ","2046":" ","2047":" ","2048":" ","2049":" ","2050":" ","2051":" ","2052":" ","2053":" ","2054":" ","2055":" ","2056":" ","2057":" ","2058":" ","2059":" ","2060":" ","2061":" ","2062":" ","2063":"<","2064":"r","2065":"o","2066":"u","2067":"t","2068":"e","2069":"r","2070":"-","2071":"l","2072":"i","2073":"n","2074":"k","2075":" ","2076":":","2077":"t","2078":"o","2079":"=","2080":"\\","2081":"\"","2082":"{","2083":" ","2084":"n","2085":"a","2086":"m","2087":"e","2088":":","2089":" ","2090":"'","2091":"S","2092":"i","2093":"n","2094":"g","2095":"l","2096":"e","2097":"-","2098":"E","2099":"v","2100":"e","2101":"n","2102":"t","2103":"'","2104":",","2105":" ","2106":"p","2107":"a","2108":"r","2109":"a","2110":"m","2111":"s","2112":":","2113":" ","2114":"{","2115":" ","2116":"i","2117":"d","2118":":","2119":" ","2120":"e","2121":"v","2122":"e","2123":"n","2124":"t","2125":"D","2126":"a","2127":"t","2128":"a","2129":".","2130":"i","2131":"d","2132":" ","2133":"}","2134":" ","2135":"}","2136":"\\","2137":"\"","2138":"\\","2139":"r","2140":"\\","2141":"n","2142":" ","2143":" ","2144":" ","2145":" ","2146":" ","2147":" ","2148":" ","2149":" ","2150":" ","2151":" ","2152":" ","2153":" ","2154":" ","2155":" ","2156":" ","2157":" ","2158":" ","2159":" ","2160":" ","2161":" ","2162":" ","2163":" ","2164":" ","2165":" ","2166":"c","2167":"l","2168":"a","2169":"s","2170":"s","2171":"=","2172":"\\","2173":"\"","2174":"b","2175":"t","2176":"n","2177":" ","2178":"b","2179":"t","2180":"n","2181":"-","2182":"o","2183":"u","2184":"t","2185":"l","2186":"i","2187":"n","2188":"e","2189":"-","2190":"p","2191":"r","2192":"i","2193":"m","2194":"a","2195":"r","2196":"y","2197":"\\","2198":"\"","2199":">","2200":"S","2201":"e","2202":"e","2203":" ","2204":"d","2205":"e","2206":"t","2207":"a","2208":"i","2209":"l","2210":"s","2211":"<","2212":"/","2213":"r","2214":"o","2215":"u","2216":"t","2217":"e","2218":"r","2219":"-","2220":"l","2221":"i","2222":"n","2223":"k","2224":">","2225":"\\","2226":"r","2227":"\\","2228":"n","2229":" ","2230":" ","2231":" ","2232":" ","2233":" ","2234":" ","2235":" ","2236":" ","2237":" ","2238":" ","2239":" ","2240":" ","2241":" ","2242":" ","2243":" ","2244":" ","2245":"<","2246":"/","2247":"l","2248":"i","2249":">","2250":"\\","2251":"r","2252":"\\","2253":"n","2254":" ","2255":" ","2256":" ","2257":" ","2258":" ","2259":" ","2260":" ","2261":" ","2262":" ","2263":" ","2264":" ","2265":" ","2266":"<","2267":"/","2268":"u","2269":"l","2270":">","2271":"\\","2272":"r","2273":"\\","2274":"n","2275":" ","2276":" ","2277":" ","2278":" ","2279":" ","2280":" ","2281":" ","2282":" ","2283":"<","2284":"/","2285":"d","2286":"i","2287":"v","2288":">","2289":"\\","2290":"r","2291":"\\","2292":"n","2293":" ","2294":" ","2295":" ","2296":" ","2297":"<","2298":"/","2299":"a","2300":"r","2301":"t","2302":"i","2303":"c","2304":"l","2305":"e","2306":">","2307":"\\","2308":"r","2309":"\\","2310":"n","2311":"<","2312":"/","2313":"t","2314":"e","2315":"m","2316":"p","2317":"l","2318":"a","2319":"t","2320":"e","2321":">","2322":"\\","2323":"r","2324":"\\","2325":"n","2326":"\\","2327":"r","2328":"\\","2329":"n","2330":"\\","2331":"r","2332":"\\","2333":"n","2334":"<","2335":"s","2336":"c","2337":"r","2338":"i","2339":"p","2340":"t","2341":" ","2342":"s","2343":"e","2344":"t","2345":"u","2346":"p","2347":">","2348":"\\","2349":"r","2350":"\\","2351":"n","2352":"/","2353":"*","2354":"\\","2355":"r","2356":"\\","2357":"n","2358":" ","2359":" ","2360":" ","2361":"p","2362":"r","2363":"o","2364":"p","2365":"s","2366":"\\","2367":"r","2368":"\\","2369":"n","2370":"*","2371":"/","2372":"\\","2373":"r","2374":"\\","2375":"n","2376":"\\","2377":"r","2378":"\\","2379":"n","2380":"c","2381":"o","2382":"n","2383":"s","2384":"t","2385":" ","2386":"p","2387":"r","2388":"o","2389":"p","2390":"s","2391":" ","2392":"=","2393":" ","2394":"d","2395":"e","2396":"f","2397":"i","2398":"n","2399":"e","2400":"P","2401":"r","2402":"o","2403":"p","2404":"s","2405":"(","2406":"{","2407":"\\","2408":"r","2409":"\\","2410":"n","2411":" ","2412":" ","2413":" ","2414":" ","2415":"e","2416":"v","2417":"e","2418":"n","2419":"t","2420":"D","2421":"a","2422":"t","2423":"a","2424":":","2425":" ","2426":"{","2427":"\\","2428":"r","2429":"\\","2430":"n","2431":" ","2432":" ","2433":" ","2434":" ","2435":" ","2436":" ","2437":" ","2438":" ","2439":"t","2440":"y","2441":"p","2442":"e","2443":":","2444":" ","2445":"O","2446":"b","2447":"j","2448":"e","2449":"c","2450":"t","2451":",","2452":"\\","2453":"r","2454":"\\","2455":"n","2456":" ","2457":" ","2458":" ","2459":" ","2460":" ","2461":" ","2462":" ","2463":" ","2464":"r","2465":"e","2466":"q","2467":"u","2468":"i","2469":"r","2470":"e","2471":"d","2472":":","2473":" ","2474":"t","2475":"r","2476":"u","2477":"e","2478":"\\","2479":"r","2480":"\\","2481":"n","2482":" ","2483":" ","2484":" ","2485":" ","2486":"}","2487":"\\","2488":"r","2489":"\\","2490":"n","2491":"}","2492":")","2493":";","2494":"\\","2495":"r","2496":"\\","2497":"n","2498":"\\","2499":"r","2500":"\\","2501":"n","2502":"\\","2503":"r","2504":"\\","2505":"n","2506":"<","2507":"/","2508":"s","2509":"c","2510":"r","2511":"i","2512":"p","2513":"t","2514":">","2515":"\\","2516":"r","2517":"\\","2518":"n","2519":"\\","2520":"r","2521":"\\","2522":"n","2523":"\\","2524":"r","2525":"\\","2526":"n","2527":"<","2528":"s","2529":"t","2530":"y","2531":"l","2532":"e","2533":" ","2534":"s","2535":"c","2536":"o","2537":"p","2538":"e","2539":"d","2540":" ","2541":"l","2542":"a","2543":"n","2544":"g","2545":"=","2546":"\\","2547":"\"","2548":"s","2549":"c","2550":"s","2551":"s","2552":"\\","2553":"\"","2554":">","2555":"\\","2556":"r","2557":"\\","2558":"n","2559":"@","2560":"i","2561":"m","2562":"p","2563":"o","2564":"r","2565":"t","2566":" ","2567":"'","2568":".","2569":".","2570":"/","2571":".","2572":".","2573":"/","2574":"s","2575":"t","2576":"y","2577":"l","2578":"e","2579":"s","2580":"/","2581":"v","2582":"a","2583":"r","2584":"i","2585":"a","2586":"b","2587":"l","2588":"e","2589":"s","2590":".","2591":"s","2592":"c","2593":"s","2594":"s","2595":"'","2596":";","2597":"\\","2598":"r","2599":"\\","2600":"n","2601":"\\","2602":"r","2603":"\\","2604":"n","2605":".","2606":"p","2607":"o","2608":"s","2609":"t","2610":"c","2611":"a","2612":"r","2613":"d","2614":" ","2615":"{","2616":"\\","2617":"r","2618":"\\","2619":"n","2620":" ","2621":" ","2622":" ","2623":" ","2624":"f","2625":"l","2626":"e","2627":"x","2628":"-","2629":"w","2630":"r","2631":"a","2632":"p","2633":":","2634":" ","2635":"w","2636":"r","2637":"a","2638":"p","2639":";","2640":"\\","2641":"r","2642":"\\","2643":"n","2644":" ","2645":" ","2646":" ","2647":" ","2648":"d","2649":"i","2650":"s","2651":"p","2652":"l","2653":"a","2654":"y","2655":":","2656":" ","2657":"f","2658":"l","2659":"e","2660":"x","2661":";","2662":"\\","2663":"r","2664":"\\","2665":"n","2666":"\\","2667":"r","2668":"\\","2669":"n","2670":" ","2671":" ","2672":" ","2673":" ","2674":"b","2675":"o","2676":"x","2677":"-","2678":"s","2679":"h","2680":"a","2681":"d","2682":"o","2683":"w","2684":":","2685":" ","2686":"0","2687":" ","2688":"4","2689":"p","2690":"x","2691":" ","2692":"2","2693":"1","2694":"p","2695":"x","2696":" ","2697":"-","2698":"1","2699":"2","2700":"p","2701":"x","2702":" ","2703":"r","2704":"g","2705":"b","2706":"a","2707":"(","2708":"0","2709":",","2710":" ","2711":"0","2712":",","2713":" ","2714":"0","2715":",","2716":" ","2717":"0","2718":".","2719":"6","2720":"6","2721":")","2722":";","2723":"\\","2724":"r","2725":"\\","2726":"n","2727":" ","2728":" ","2729":" ","2730":" ","2731":"b","2732":"o","2733":"r","2734":"d","2735":"e","2736":"r","2737":"-","2738":"r","2739":"a","2740":"d","2741":"i","2742":"u","2743":"s","2744":":","2745":" ","2746":"1","2747":"0","2748":"p","2749":"x","2750":";","2751":"\\","2752":"r","2753":"\\","2754":"n","2755":" ","2756":" ","2757":" ","2758":" ","2759":"m","2760":"a","2761":"r","2762":"g","2763":"i","2764":"n","2765":":","2766":" ","2767":"0","2768":" ","2769":"0","2770":" ","2771":"2","2772":"r","2773":"e","2774":"m","2775":" ","2776":"0","2777":";","2778":"\\","2779":"r","2780":"\\","2781":"n","2782":" ","2783":" ","2784":" ","2785":" ","2786":"o","2787":"v","2788":"e","2789":"r","2790":"f","2791":"l","2792":"o","2793":"w","2794":":","2795":" ","2796":"h","2797":"i","2798":"d","2799":"d","2800":"e","2801":"n","2802":";","2803":"\\","2804":"r","2805":"\\","2806":"n","2807":" ","2808":" ","2809":" ","2810":" ","2811":"p","2812":"o","2813":"s","2814":"i","2815":"t","2816":"i","2817":"o","2818":"n","2819":":","2820":" ","2821":"r","2822":"e","2823":"l","2824":"a","2825":"t","2826":"i","2827":"v","2828":"e","2829":";","2830":"\\","2831":"r","2832":"\\","2833":"n","2834":" ","2835":" ","2836":" ","2837":" ","2838":"c","2839":"o","2840":"l","2841":"o","2842":"r","2843":":","2844":" ","2845":"b","2846":"l","2847":"a","2848":"c","2849":"k","2850":";","2851":"\\","2852":"r","2853":"\\","2854":"n","2855":" ","2856":" ","2857":" ","2858":" ","2859":"h","2860":"e","2861":"i","2862":"g","2863":"h","2864":"t","2865":":","2866":" ","2867":"2","2868":"3","2869":"r","2870":"e","2871":"m","2872":";","2873":"\\","2874":"r","2875":"\\","2876":"n","2877":"\\","2878":"r","2879":"\\","2880":"n","2881":" ","2882":" ","2883":" ","2884":" ","2885":"&","2886":".","2887":"l","2888":"i","2889":"g","2890":"h","2891":"t","2892":" ","2893":"{","2894":"\\","2895":"r","2896":"\\","2897":"n","2898":" ","2899":" ","2900":" ","2901":" ","2902":" ","2903":" ","2904":" ","2905":" ","2906":"b","2907":"a","2908":"c","2909":"k","2910":"g","2911":"r","2912":"o","2913":"u","2914":"n","2915":"d","2916":"-","2917":"c","2918":"o","2919":"l","2920":"o","2921":"r","2922":":","2923":" ","2924":"#","2925":"e","2926":"1","2927":"e","2928":"5","2929":"e","2930":"a","2931":";","2932":"\\","2933":"r","2934":"\\","2935":"n","2936":" ","2937":" ","2938":" ","2939":" ","2940":"}","2941":"\\","2942":"r","2943":"\\","2944":"n","2945":"\\","2946":"r","2947":"\\","2948":"n","2949":" ","2950":" ","2951":" ","2952":" ","2953":"h","2954":"1","2955":",","2956":"\\","2957":"r","2958":"\\","2959":"n","2960":" ","2961":" ","2962":" ","2963":" ","2964":".","2965":"h","2966":"1","2967":" ","2968":"{","2969":"\\","2970":"r","2971":"\\","2972":"n","2973":" ","2974":" ","2975":" ","2976":" ","2977":" ","2978":" ","2979":" ","2980":" ","2981":"m","2982":"a","2983":"r","2984":"g","2985":"i","2986":"n","2987":"-","2988":"b","2989":"o","2990":"t","2991":"t","2992":"o","2993":"m","2994":":","2995":" ","2996":"0","2997":".","2998":"5","2999":"r","3000":"e","3001":"m","3002":";","3003":"\\","3004":"r","3005":"\\","3006":"n","3007":" ","3008":" ","3009":" ","3010":" ","3011":" ","3012":" ","3013":" ","3014":" ","3015":"f","3016":"o","3017":"n","3018":"t","3019":"-","3020":"w","3021":"e","3022":"i","3023":"g","3024":"h","3025":"t","3026":":","3027":" ","3028":"5","3029":"0","3030":"0","3031":";","3032":"\\","3033":"r","3034":"\\","3035":"n","3036":" ","3037":" ","3038":" ","3039":" ","3040":" ","3041":" ","3042":" ","3043":" ","3044":"l","3045":"i","3046":"n","3047":"e","3048":"-","3049":"h","3050":"e","3051":"i","3052":"g","3053":"h","3054":"t","3055":":","3056":" ","3057":"1","3058":".","3059":"2","3060":";","3061":"\\","3062":"r","3063":"\\","3064":"n","3065":" ","3066":" ","3067":" ","3068":" ","3069":"}","3070":"\\","3071":"r","3072":"\\","3073":"n","3074":"\\","3075":"r","3076":"\\","3077":"n","3078":" ","3079":" ","3080":" ","3081":" ","3082":".","3083":"s","3084":"m","3085":"a","3086":"l","3087":"l","3088":" ","3089":"{","3090":"\\","3091":"r","3092":"\\","3093":"n","3094":" ","3095":" ","3096":" ","3097":" ","3098":" ","3099":" ","3100":" ","3101":" ","3102":"f","3103":"o","3104":"n","3105":"t","3106":"-","3107":"s","3108":"i","3109":"z","3110":"e","3111":":","3112":" ","3113":"8","3114":"0","3115":"%","3116":";","3117":"\\","3118":"r","3119":"\\","3120":"n","3121":" ","3122":" ","3123":" ","3124":" ","3125":"}","3126":"\\","3127":"r","3128":"\\","3129":"n","3130":"\\","3131":"r","3132":"\\","3133":"n","3134":" ","3135":" ","3136":" ","3137":" ","3138":".","3139":"p","3140":"o","3141":"s","3142":"t","3143":"c","3144":"a","3145":"r","3146":"d","3147":"_","3148":"_","3149":"t","3150":"i","3151":"t","3152":"l","3153":"e","3154":" ","3155":"{","3156":"\\","3157":"r","3158":"\\","3159":"n","3160":" ","3161":" ","3162":" ","3163":" ","3164":" ","3165":" ","3166":" ","3167":" ","3168":"f","3169":"o","3170":"n","3171":"t","3172":"-","3173":"s","3174":"i","3175":"z","3176":"e","3177":":","3178":" ","3179":"1","3180":".","3181":"7","3182":"5","3183":"r","3184":"e","3185":"m","3186":";","3187":"\\","3188":"r","3189":"\\","3190":"n","3191":" ","3192":" ","3193":" ","3194":" ","3195":"}","3196":"\\","3197":"r","3198":"\\","3199":"n","3200":"\\","3201":"r","3202":"\\","3203":"n","3204":" ","3205":" ","3206":" ","3207":" ","3208":".","3209":"p","3210":"o","3211":"s","3212":"t","3213":"c","3214":"a","3215":"r","3216":"d","3217":"_","3218":"_","3219":"i","3220":"m","3221":"g","3222":" ","3223":"{","3224":"\\","3225":"r","3226":"\\","3227":"n","3228":" ","3229":" ","3230":" ","3231":" ","3232":" ","3233":" ","3234":" ","3235":" ","3236":"m","3237":"a","3238":"x","3239":"-","3240":"h","3241":"e","3242":"i","3243":"g","3244":"h","3245":"t","3246":":","3247":" ","3248":"1","3249":"8","3250":"0","3251":"p","3252":"x","3253":";","3254":"\\","3255":"r","3256":"\\","3257":"n","3258":" ","3259":" ","3260":" ","3261":" ","3262":" ","3263":" ","3264":" ","3265":" ","3266":"w","3267":"i","3268":"d","3269":"t","3270":"h","3271":":","3272":" ","3273":"1","3274":"0","3275":"0","3276":"%","3277":";","3278":"\\","3279":"r","3280":"\\","3281":"n","3282":" ","3283":" ","3284":" ","3285":" ","3286":" ","3287":" ","3288":" ","3289":" ","3290":"o","3291":"b","3292":"j","3293":"e","3294":"c","3295":"t","3296":"-","3297":"f","3298":"i","3299":"t","3300":":","3301":" ","3302":"c","3303":"o","3304":"v","3305":"e","3306":"r","3307":";","3308":"\\","3309":"r","3310":"\\","3311":"n","3312":" ","3313":" ","3314":" ","3315":" ","3316":" ","3317":" ","3318":" ","3319":" ","3320":"p","3321":"o","3322":"s","3323":"i","3324":"t","3325":"i","3326":"o","3327":"n","3328":":","3329":" ","3330":"r","3331":"e","3332":"l","3333":"a","3334":"t","3335":"i","3336":"v","3337":"e","3338":";","3339":"\\","3340":"r","3341":"\\","3342":"n","3343":" ","3344":" ","3345":" ","3346":" ","3347":"}","3348":"\\","3349":"r","3350":"\\","3351":"n","3352":"\\","3353":"r","3354":"\\","3355":"n","3356":" ","3357":" ","3358":" ","3359":" ","3360":".","3361":"p","3362":"o","3363":"s","3364":"t","3365":"c","3366":"a","3367":"r","3368":"d","3369":"_","3370":"_","3371":"i","3372":"m","3373":"g","3374":"_","3375":"l","3376":"i","3377":"n","3378":"k","3379":" ","3380":"{","3381":"\\","3382":"r","3383":"\\","3384":"n","3385":" ","3386":" ","3387":" ","3388":" ","3389":" ","3390":" ","3391":" ","3392":" ","3393":"d","3394":"i","3395":"s","3396":"p","3397":"l","3398":"a","3399":"y","3400":":","3401":" ","3402":"c","3403":"o","3404":"n","3405":"t","3406":"e","3407":"n","3408":"t","3409":"s","3410":";","3411":"\\","3412":"r","3413":"\\","3414":"n","3415":" ","3416":" ","3417":" ","3418":" ","3419":"}","3420":"\\","3421":"r","3422":"\\","3423":"n","3424":"\\","3425":"r","3426":"\\","3427":"n","3428":" ","3429":" ","3430":" ","3431":" ","3432":".","3433":"p","3434":"o","3435":"s","3436":"t","3437":"c","3438":"a","3439":"r","3440":"d","3441":"_","3442":"_","3443":"b","3444":"a","3445":"r","3446":" ","3447":"{","3448":"\\","3449":"r","3450":"\\","3451":"n","3452":" ","3453":" ","3454":" ","3455":" ","3456":" ","3457":" ","3458":" ","3459":" ","3460":"w","3461":"i","3462":"d","3463":"t","3464":"h","3465":":","3466":" ","3467":"5","3468":"0","3469":"p","3470":"x","3471":";","3472":"\\","3473":"r","3474":"\\","3475":"n","3476":" ","3477":" ","3478":" ","3479":" ","3480":" ","3481":" ","3482":" ","3483":" ","3484":"h","3485":"e","3486":"i","3487":"g","3488":"h","3489":"t","3490":":","3491":" ","3492":"1","3493":"0","3494":"p","3495":"x","3496":";","3497":"\\","3498":"r","3499":"\\","3500":"n","3501":" ","3502":" ","3503":" ","3504":" ","3505":" ","3506":" ","3507":" ","3508":" ","3509":"m","3510":"a","3511":"r","3512":"g","3513":"i","3514":"n","3515":":","3516":" ","3517":"1","3518":"0","3519":"p","3520":"x","3521":" ","3522":"0","3523":";","3524":"\\","3525":"r","3526":"\\","3527":"n","3528":" ","3529":" ","3530":" ","3531":" ","3532":" ","3533":" ","3534":" ","3535":" ","3536":"b","3537":"o","3538":"r","3539":"d","3540":"e","3541":"r","3542":"-","3543":"r","3544":"a","3545":"d","3546":"i","3547":"u","3548":"s","3549":":","3550":" ","3551":"5","3552":"p","3553":"x","3554":";","3555":"\\","3556":"r","3557":"\\","3558":"n","3559":" ","3560":" ","3561":" ","3562":" ","3563":" ","3564":" ","3565":" ","3566":" ","3567":"b","3568":"a","3569":"c","3570":"k","3571":"g","3572":"r","3573":"o","3574":"u","3575":"n","3576":"d","3577":"-","3578":"c","3579":"o","3580":"l","3581":"o","3582":"r","3583":":","3584":" ","3585":"#","3586":"4","3587":"2","3588":"4","3589":"2","3590":"4","3591":"2","3592":";","3593":"\\","3594":"r","3595":"\\","3596":"n","3597":" ","3598":" ","3599":" ","3600":" ","3601":" ","3602":" ","3603":" ","3604":" ","3605":"t","3606":"r","3607":"a","3608":"n","3609":"s","3610":"i","3611":"t","3612":"i","3613":"o","3614":"n","3615":":","3616":" ","3617":"w","3618":"i","3619":"d","3620":"t","3621":"h","3622":" ","3623":"0","3624":".","3625":"2","3626":"s","3627":" ","3628":"e","3629":"a","3630":"s","3631":"e","3632":";","3633":"\\","3634":"r","3635":"\\","3636":"n","3637":" ","3638":" ","3639":" ","3640":" ","3641":"}","3642":"\\","3643":"r","3644":"\\","3645":"n","3646":"\\","3647":"r","3648":"\\","3649":"n","3650":" ","3651":" ","3652":" ","3653":" ","3654":".","3655":"p","3656":"o","3657":"s","3658":"t","3659":"c","3660":"a","3661":"r","3662":"d","3663":"_","3664":"_","3665":"t","3666":"e","3667":"x","3668":"t","3669":" ","3670":"{","3671":"\\","3672":"r","3673":"\\","3674":"n","3675":" ","3676":" ","3677":" ","3678":" ","3679":" ","3680":" ","3681":" ","3682":" ","3683":"p","3684":"a","3685":"d","3686":"d","3687":"i","3688":"n","3689":"g","3690":":","3691":" ","3692":"1","3693":".","3694":"5","3695":"r","3696":"e","3697":"m","3698":";","3699":"\\","3700":"r","3701":"\\","3702":"n","3703":" ","3704":" ","3705":" ","3706":" ","3707":" ","3708":" ","3709":" ","3710":" ","3711":"p","3712":"o","3713":"s","3714":"i","3715":"t","3716":"i","3717":"o","3718":"n","3719":":","3720":" ","3721":"r","3722":"e","3723":"l","3724":"a","3725":"t","3726":"i","3727":"v","3728":"e","3729":";","3730":"\\","3731":"r","3732":"\\","3733":"n","3734":" ","3735":" ","3736":" ","3737":" ","3738":" ","3739":" ","3740":" ","3741":" ","3742":"d","3743":"i","3744":"s","3745":"p","3746":"l","3747":"a","3748":"y","3749":":","3750":" ","3751":"f","3752":"l","3753":"e","3754":"x","3755":";","3756":"\\","3757":"r","3758":"\\","3759":"n","3760":" ","3761":" ","3762":" ","3763":" ","3764":" ","3765":" ","3766":" ","3767":" ","3768":"f","3769":"l","3770":"e","3771":"x","3772":"-","3773":"d","3774":"i","3775":"r","3776":"e","3777":"c","3778":"t","3779":"i","3780":"o","3781":"n","3782":":","3783":" ","3784":"c","3785":"o","3786":"l","3787":"u","3788":"m","3789":"n","3790":";","3791":"\\","3792":"r","3793":"\\","3794":"n","3795":" ","3796":" ","3797":" ","3798":" ","3799":"}","3800":"\\","3801":"r","3802":"\\","3803":"n","3804":"\\","3805":"r","3806":"\\","3807":"n","3808":" ","3809":" ","3810":" ","3811":" ","3812":".","3813":"p","3814":"o","3815":"s","3816":"t","3817":"c","3818":"a","3819":"r","3820":"d","3821":"_","3822":"_","3823":"p","3824":"r","3825":"e","3826":"v","3827":"i","3828":"e","3829":"w","3830":"-","3831":"t","3832":"x","3833":"t","3834":" ","3835":"{","3836":"\\","3837":"r","3838":"\\","3839":"n","3840":" ","3841":" ","3842":" ","3843":" ","3844":" ","3845":" ","3846":" ","3847":" ","3848":"o","3849":"v","3850":"e","3851":"r","3852":"f","3853":"l","3854":"o","3855":"w","3856":":","3857":" ","3858":"h","3859":"i","3860":"d","3861":"d","3862":"e","3863":"n","3864":";","3865":"\\","3866":"r","3867":"\\","3868":"n","3869":" ","3870":" ","3871":" ","3872":" ","3873":" ","3874":" ","3875":" ","3876":" ","3877":"t","3878":"e","3879":"x","3880":"t","3881":"-","3882":"o","3883":"v","3884":"e","3885":"r","3886":"f","3887":"l","3888":"o","3889":"w","3890":":","3891":" ","3892":"e","3893":"l","3894":"l","3895":"i","3896":"p","3897":"s","3898":"i","3899":"s","3900":";","3901":"\\","3902":"r","3903":"\\","3904":"n","3905":" ","3906":" ","3907":" ","3908":" ","3909":" ","3910":" ","3911":" ","3912":" ","3913":"t","3914":"e","3915":"x","3916":"t","3917":"-","3918":"a","3919":"l","3920":"i","3921":"g","3922":"n","3923":":","3924":" ","3925":"j","3926":"u","3927":"s","3928":"t","3929":"i","3930":"f","3931":"y","3932":";","3933":"\\","3934":"r","3935":"\\","3936":"n","3937":" ","3938":" ","3939":" ","3940":" ","3941":" ","3942":" ","3943":" ","3944":" ","3945":"h","3946":"e","3947":"i","3948":"g","3949":"h","3950":"t","3951":":","3952":" ","3953":"1","3954":"0","3955":"0","3956":"%","3957":";","3958":"\\","3959":"r","3960":"\\","3961":"n","3962":" ","3963":" ","3964":" ","3965":" ","3966":"}","3967":"\\","3968":"r","3969":"\\","3970":"n","3971":"\\","3972":"r","3973":"\\","3974":"n","3975":" ","3976":" ","3977":" ","3978":" ","3979":".","3980":"p","3981":"o","3982":"s","3983":"t","3984":"c","3985":"a","3986":"r","3987":"d","3988":"_","3989":"_","3990":"t","3991":"a","3992":"g","3993":"b","3994":"o","3995":"x","3996":" ","3997":"{","3998":"\\","3999":"r","4000":"\\","4001":"n","4002":" ","4003":" ","4004":" ","4005":" ","4006":" ","4007":" ","4008":" ","4009":" ","4010":"d","4011":"i","4012":"s","4013":"p","4014":"l","4015":"a","4016":"y","4017":":","4018":" ","4019":"f","4020":"l","4021":"e","4022":"x","4023":";","4024":"\\","4025":"r","4026":"\\","4027":"n","4028":" ","4029":" ","4030":" ","4031":" ","4032":" ","4033":" ","4034":" ","4035":" ","4036":"f","4037":"l","4038":"e","4039":"x","4040":"-","4041":"f","4042":"l","4043":"o","4044":"w","4045":":","4046":" ","4047":"r","4048":"o","4049":"w","4050":" ","4051":"w","4052":"r","4053":"a","4054":"p","4055":";","4056":"\\","4057":"r","4058":"\\","4059":"n","4060":" ","4061":" ","4062":" ","4063":" ","4064":" ","4065":" ","4066":" ","4067":" ","4068":"f","4069":"o","4070":"n","4071":"t","4072":"-","4073":"s","4074":"i","4075":"z","4076":"e","4077":":","4078":" ","4079":"1","4080":"4","4081":"p","4082":"x","4083":";","4084":"\\","4085":"r","4086":"\\","4087":"n","4088":" ","4089":" ","4090":" ","4091":" ","4092":" ","4093":" ","4094":" ","4095":" ","4096":"m","4097":"a","4098":"r","4099":"g","4100":"i","4101":"n","4102":":","4103":" ","4104":"2","4105":"0","4106":"p","4107":"x","4108":" ","4109":"0","4110":" ","4111":"0","4112":" ","4113":"0","4114":";","4115":"\\","4116":"r","4117":"\\","4118":"n","4119":" ","4120":" ","4121":" ","4122":" ","4123":" ","4124":" ","4125":" ","4126":" ","4127":"p","4128":"a","4129":"d","4130":"d","4131":"i","4132":"n","4133":"g","4134":":","4135":" ","4136":"0","4137":";","4138":"\\","4139":"r","4140":"\\","4141":"n","4142":" ","4143":" ","4144":" ","4145":" ","4146":" ","4147":" ","4148":" ","4149":" ","4150":"j","4151":"u","4152":"s","4153":"t","4154":"i","4155":"f","4156":"y","4157":"-","4158":"c","4159":"o","4160":"n","4161":"t","4162":"e","4163":"n","4164":"t","4165":":","4166":" ","4167":"c","4168":"e","4169":"n","4170":"t","4171":"e","4172":"r","4173":";","4174":"\\","4175":"r","4176":"\\","4177":"n","4178":" ","4179":" ","4180":" ","4181":" ","4182":" ","4183":" ","4184":" ","4185":" ","4186":"v","4187":"e","4188":"r","4189":"t","4190":"i","4191":"c","4192":"a","4193":"l","4194":"-","4195":"a","4196":"l","4197":"i","4198":"g","4199":"n","4200":":","4201":" ","4202":"m","4203":"i","4204":"d","4205":"d","4206":"l","4207":"e","4208":";","4209":"\\","4210":"r","4211":"\\","4212":"n","4213":"\\","4214":"r","4215":"\\","4216":"n","4217":" ","4218":" ","4219":" ","4220":" ","4221":" ","4222":" ","4223":" ","4224":" ","4225":".","4226":"t","4227":"a","4228":"g","4229":"_","4230":"_","4231":"i","4232":"t","4233":"e","4234":"m","4235":" ","4236":"{","4237":"\\","4238":"r","4239":"\\","4240":"n","4241":" ","4242":" ","4243":" ","4244":" ","4245":" ","4246":" ","4247":" ","4248":" ","4249":" ","4250":" ","4251":" ","4252":" ","4253":"d","4254":"i","4255":"s","4256":"p","4257":"l","4258":"a","4259":"y","4260":":","4261":" ","4262":"i","4263":"n","4264":"l","4265":"i","4266":"n","4267":"e","4268":"-","4269":"b","4270":"l","4271":"o","4272":"c","4273":"k","4274":";","4275":"\\","4276":"r","4277":"\\","4278":"n","4279":" ","4280":" ","4281":" ","4282":" ","4283":" ","4284":" ","4285":" ","4286":" ","4287":" ","4288":" ","4289":" ","4290":" ","4291":"b","4292":"o","4293":"r","4294":"d","4295":"e","4296":"r","4297":"-","4298":"r","4299":"a","4300":"d","4301":"i","4302":"u","4303":"s","4304":":","4305":" ","4306":"3","4307":"p","4308":"x","4309":";","4310":"\\","4311":"r","4312":"\\","4313":"n","4314":" ","4315":" ","4316":" ","4317":" ","4318":" ","4319":" ","4320":" ","4321":" ","4322":" ","4323":" ","4324":" ","4325":" ","4326":"p","4327":"a","4328":"d","4329":"d","4330":"i","4331":"n","4332":"g","4333":":","4334":" ","4335":"2","4336":".","4337":"5","4338":"p","4339":"x","4340":" ","4341":"1","4342":"0","4343":"p","4344":"x","4345":";","4346":"\\","4347":"r","4348":"\\","4349":"n","4350":" ","4351":" ","4352":" ","4353":" ","4354":" ","4355":" ","4356":" ","4357":" ","4358":" ","4359":" ","4360":" ","4361":" ","4362":"m","4363":"a","4364":"r","4365":"g","4366":"i","4367":"n","4368":":","4369":" ","4370":"0","4371":" ","4372":"5","4373":"p","4374":"x","4375":" ","4376":"5","4377":"p","4378":"x","4379":" ","4380":"0","4381":";","4382":"\\","4383":"r","4384":"\\","4385":"n","4386":" ","4387":" ","4388":" ","4389":" ","4390":" ","4391":" ","4392":" ","4393":" ","4394":" ","4395":" ","4396":" ","4397":" ","4398":"c","4399":"u","4400":"r","4401":"s","4402":"o","4403":"r","4404":":","4405":" ","4406":"d","4407":"e","4408":"f","4409":"a","4410":"u","4411":"l","4412":"t","4413":";","4414":"\\","4415":"r","4416":"\\","4417":"n","4418":" ","4419":" ","4420":" ","4421":" ","4422":" ","4423":" ","4424":" ","4425":" ","4426":" ","4427":" ","4428":" ","4429":" ","4430":"u","4431":"s","4432":"e","4433":"r","4434":"-","4435":"s","4436":"e","4437":"l","4438":"e","4439":"c","4440":"t","4441":":","4442":" ","4443":"n","4444":"o","4445":"n","4446":"e","4447":";","4448":"\\","4449":"r","4450":"\\","4451":"n","4452":" ","4453":" ","4454":" ","4455":" ","4456":" ","4457":" ","4458":" ","4459":" ","4460":" ","4461":" ","4462":" ","4463":" ","4464":"t","4465":"r","4466":"a","4467":"n","4468":"s","4469":"i","4470":"t","4471":"i","4472":"o","4473":"n","4474":":","4475":" ","4476":"a","4477":"l","4478":"l","4479":" ","4480":"0","4481":".","4482":"3","4483":"s","4484":";","4485":"\\","4486":"r","4487":"\\","4488":"n","4489":"\\","4490":"r","4491":"\\","4492":"n","4493":" ","4494":" ","4495":" ","4496":" ","4497":" ","4498":" ","4499":" ","4500":" ","4501":" ","4502":" ","4503":" ","4504":" ","4505":"&","4506":":","4507":"h","4508":"o","4509":"v","4510":"e","4511":"r","4512":" ","4513":"{","4514":"\\","4515":"r","4516":"\\","4517":"n","4518":" ","4519":" ","4520":" ","4521":" ","4522":" ","4523":" ","4524":" ","4525":" ","4526":" ","4527":" ","4528":" ","4529":" ","4530":" ","4531":" ","4532":" ","4533":" ","4534":"t","4535":"r","4536":"a","4537":"n","4538":"s","4539":"f","4540":"o","4541":"r","4542":"m","4543":":","4544":" ","4545":"t","4546":"r","4547":"a","4548":"n","4549":"s","4550":"l","4551":"a","4552":"t","4553":"e","4554":"Y","4555":"(","4556":"-","4557":"5","4558":"p","4559":"x","4560":")","4561":";","4562":"\\","4563":"r","4564":"\\","4565":"n","4566":" ","4567":" ","4568":" ","4569":" ","4570":" ","4571":" ","4572":" ","4573":" ","4574":" ","4575":" ","4576":" ","4577":" ","4578":"}","4579":"\\","4580":"r","4581":"\\","4582":"n","4583":" ","4584":" ","4585":" ","4586":" ","4587":" ","4588":" ","4589":" ","4590":" ","4591":"}","4592":"\\","4593":"r","4594":"\\","4595":"n","4596":" ","4597":" ","4598":" ","4599":" ","4600":"}","4601":"\\","4602":"r","4603":"\\","4604":"n","4605":"\\","4606":"r","4607":"\\","4608":"n","4609":" ","4610":" ","4611":" ","4612":" ","4613":"&","4614":":","4615":"b","4616":"e","4617":"f","4618":"o","4619":"r","4620":"e","4621":" ","4622":"{","4623":"\\","4624":"r","4625":"\\","4626":"n","4627":" ","4628":" ","4629":" ","4630":" ","4631":" ","4632":" ","4633":" ","4634":" ","4635":"c","4636":"o","4637":"n","4638":"t","4639":"e","4640":"n","4641":"t","4642":":","4643":" ","4644":"\\","4645":"\"","4646":"\\","4647":"\"","4648":";","4649":"\\","4650":"r","4651":"\\","4652":"n","4653":" ","4654":" ","4655":" ","4656":" ","4657":" ","4658":" ","4659":" ","4660":" ","4661":"p","4662":"o","4663":"s","4664":"i","4665":"t","4666":"i","4667":"o","4668":"n","4669":":","4670":" ","4671":"a","4672":"b","4673":"s","4674":"o","4675":"l","4676":"u","4677":"t","4678":"e","4679":";","4680":"\\","4681":"r","4682":"\\","4683":"n","4684":" ","4685":" ","4686":" ","4687":" ","4688":" ","4689":" ","4690":" ","4691":" ","4692":"t","4693":"o","4694":"p","4695":":","4696":" ","4697":"0","4698":";","4699":"\\","4700":"r","4701":"\\","4702":"n","4703":" ","4704":" ","4705":" ","4706":" ","4707":" ","4708":" ","4709":" ","4710":" ","4711":"r","4712":"i","4713":"g","4714":"h","4715":"t","4716":":","4717":" ","4718":"0","4719":";","4720":"\\","4721":"r","4722":"\\","4723":"n","4724":" ","4725":" ","4726":" ","4727":" ","4728":" ","4729":" ","4730":" ","4731":" ","4732":"b","4733":"o","4734":"t","4735":"t","4736":"o","4737":"m","4738":":","4739":" ","4740":"0","4741":";","4742":"\\","4743":"r","4744":"\\","4745":"n","4746":" ","4747":" ","4748":" ","4749":" ","4750":" ","4751":" ","4752":" ","4753":" ","4754":"l","4755":"e","4756":"f","4757":"t","4758":":","4759":" ","4760":"0","4761":";","4762":"\\","4763":"r","4764":"\\","4765":"n","4766":" ","4767":" ","4768":" ","4769":" ","4770":" ","4771":" ","4772":" ","4773":" ","4774":"b","4775":"a","4776":"c","4777":"k","4778":"g","4779":"r","4780":"o","4781":"u","4782":"n","4783":"d","4784":"-","4785":"i","4786":"m","4787":"a","4788":"g","4789":"e","4790":":","4791":" ","4792":"l","4793":"i","4794":"n","4795":"e","4796":"a","4797":"r","4798":"-","4799":"g","4800":"r","4801":"a","4802":"d","4803":"i","4804":"e","4805":"n","4806":"t","4807":"(","4808":"-","4809":"7","4810":"0","4811":"d","4812":"e","4813":"g","4814":",","4815":" ","4816":"#","4817":"4","4818":"2","4819":"4","4820":"2","4821":"4","4822":"2","4823":",","4824":" ","4825":"t","4826":"r","4827":"a","4828":"n","4829":"s","4830":"p","4831":"a","4832":"r","4833":"e","4834":"n","4835":"t","4836":" ","4837":"5","4838":"0","4839":"%","4840":")","4841":";","4842":"\\","4843":"r","4844":"\\","4845":"n","4846":" ","4847":" ","4848":" ","4849":" ","4850":" ","4851":" ","4852":" ","4853":" ","4854":"o","4855":"p","4856":"a","4857":"c","4858":"i","4859":"t","4860":"y","4861":":","4862":" ","4863":"1","4864":";","4865":"\\","4866":"r","4867":"\\","4868":"n","4869":" ","4870":" ","4871":" ","4872":" ","4873":" ","4874":" ","4875":" ","4876":" ","4877":"b","4878":"o","4879":"r","4880":"d","4881":"e","4882":"r","4883":"-","4884":"r","4885":"a","4886":"d","4887":"i","4888":"u","4889":"s","4890":":","4891":" ","4892":"1","4893":"0","4894":"p","4895":"x","4896":";","4897":"\\","4898":"r","4899":"\\","4900":"n","4901":" ","4902":" ","4903":" ","4904":" ","4905":"}","4906":"\\","4907":"r","4908":"\\","4909":"n","4910":"\\","4911":"r","4912":"\\","4913":"n","4914":" ","4915":" ","4916":" ","4917":" ","4918":"&","4919":":","4920":"h","4921":"o","4922":"v","4923":"e","4924":"r","4925":" ","4926":".","4927":"p","4928":"o","4929":"s","4930":"t","4931":"c","4932":"a","4933":"r","4934":"d","4935":"_","4936":"_","4937":"b","4938":"a","4939":"r","4940":" ","4941":"{","4942":"\\","4943":"r","4944":"\\","4945":"n","4946":" ","4947":" ","4948":" ","4949":" ","4950":" ","4951":" ","4952":" ","4953":" ","4954":"w","4955":"i","4956":"d","4957":"t","4958":"h","4959":":","4960":" ","4961":"1","4962":"0","4963":"0","4964":"p","4965":"x","4966":";","4967":"\\","4968":"r","4969":"\\","4970":"n","4971":" ","4972":" ","4973":" ","4974":" ","4975":"}","4976":"\\","4977":"r","4978":"\\","4979":"n","4980":"}","4981":"\\","4982":"r","4983":"\\","4984":"n","4985":"\\","4986":"r","4987":"\\","4988":"n","4989":"@","4990":"m","4991":"e","4992":"d","4993":"i","4994":"a","4995":" ","4996":"s","4997":"c","4998":"r","4999":"e","5000":"e","5001":"n","5002":" ","5003":"a","5004":"n","5005":"d","5006":" ","5007":"(","5008":"m","5009":"i","5010":"n","5011":"-","5012":"w","5013":"i","5014":"d","5015":"t","5016":"h","5017":":","5018":" ","5019":"7","5020":"6","5021":"9","5022":"p","5023":"x","5024":")","5025":" ","5026":"{","5027":"\\","5028":"r","5029":"\\","5030":"n","5031":" ","5032":" ","5033":" ","5034":" ","5035":".","5036":"p","5037":"o","5038":"s","5039":"t","5040":"c","5041":"a","5042":"r","5043":"d","5044":" ","5045":"{","5046":"\\","5047":"r","5048":"\\","5049":"n","5050":" ","5051":" ","5052":" ","5053":" ","5054":" ","5055":" ","5056":" ","5057":" ","5058":"f","5059":"l","5060":"e","5061":"x","5062":"-","5063":"w","5064":"r","5065":"a","5066":"p","5067":":","5068":" ","5069":"i","5070":"n","5071":"h","5072":"e","5073":"r","5074":"i","5075":"t","5076":";","5077":"\\","5078":"r","5079":"\\","5080":"n","5081":"\\","5082":"r","5083":"\\","5084":"n","5085":" ","5086":" ","5087":" ","5088":" ","5089":" ","5090":" ","5091":" ","5092":" ","5093":".","5094":"p","5095":"o","5096":"s","5097":"t","5098":"c","5099":"a","5100":"r","5101":"d","5102":"_","5103":"_","5104":"t","5105":"i","5106":"t","5107":"l","5108":"e","5109":" ","5110":"{","5111":"\\","5112":"r","5113":"\\","5114":"n","5115":" ","5116":" ","5117":" ","5118":" ","5119":" ","5120":" ","5121":" ","5122":" ","5123":" ","5124":" ","5125":" ","5126":" ","5127":"f","5128":"o","5129":"n","5130":"t","5131":"-","5132":"s","5133":"i","5134":"z","5135":"e","5136":":","5137":" ","5138":"2","5139":"r","5140":"e","5141":"m","5142":";","5143":"\\","5144":"r","5145":"\\","5146":"n","5147":" ","5148":" ","5149":" ","5150":" ","5151":" ","5152":" ","5153":" ","5154":" ","5155":"}","5156":"\\","5157":"r","5158":"\\","5159":"n","5160":"\\","5161":"r","5162":"\\","5163":"n","5164":" ","5165":" ","5166":" ","5167":" ","5168":" ","5169":" ","5170":" ","5171":" ","5172":".","5173":"p","5174":"o","5175":"s","5176":"t","5177":"c","5178":"a","5179":"r","5180":"d","5181":"_","5182":"_","5183":"t","5184":"a","5185":"g","5186":"b","5187":"o","5188":"x","5189":" ","5190":"{","5191":"\\","5192":"r","5193":"\\","5194":"n","5195":" ","5196":" ","5197":" ","5198":" ","5199":" ","5200":" ","5201":" ","5202":" ","5203":" ","5204":" ","5205":" ","5206":" ","5207":"j","5208":"u","5209":"s","5210":"t","5211":"i","5212":"f","5213":"y","5214":"-","5215":"c","5216":"o","5217":"n","5218":"t","5219":"e","5220":"n","5221":"t","5222":":","5223":" ","5224":"s","5225":"t","5226":"a","5227":"r","5228":"t","5229":";","5230":"\\","5231":"r","5232":"\\","5233":"n","5234":" ","5235":" ","5236":" ","5237":" ","5238":" ","5239":" ","5240":" ","5241":" ","5242":"}","5243":"\\","5244":"r","5245":"\\","5246":"n","5247":"\\","5248":"r","5249":"\\","5250":"n","5251":" ","5252":" ","5253":" ","5254":" ","5255":" ","5256":" ","5257":" ","5258":" ","5259":".","5260":"p","5261":"o","5262":"s","5263":"t","5264":"c","5265":"a","5266":"r","5267":"d","5268":"_","5269":"_","5270":"i","5271":"m","5272":"g","5273":" ","5274":"{","5275":"\\","5276":"r","5277":"\\","5278":"n","5279":" ","5280":" ","5281":" ","5282":" ","5283":" ","5284":" ","5285":" ","5286":" ","5287":" ","5288":" ","5289":" ","5290":" ","5291":"m","5292":"a","5293":"x","5294":"-","5295":"w","5296":"i","5297":"d","5298":"t","5299":"h","5300":":","5301":" ","5302":"3","5303":"0","5304":"0","5305":"p","5306":"x","5307":";","5308":"\\","5309":"r","5310":"\\","5311":"n","5312":" ","5313":" ","5314":" ","5315":" ","5316":" ","5317":" ","5318":" ","5319":" ","5320":" ","5321":" ","5322":" ","5323":" ","5324":"m","5325":"a","5326":"x","5327":"-","5328":"h","5329":"e","5330":"i","5331":"g","5332":"h","5333":"t","5334":":","5335":" ","5336":"1","5337":"0","5338":"0","5339":"%","5340":";","5341":"\\","5342":"r","5343":"\\","5344":"n","5345":" ","5346":" ","5347":" ","5348":" ","5349":" ","5350":" ","5351":" ","5352":" ","5353":" ","5354":" ","5355":" ","5356":" ","5357":"t","5358":"r","5359":"a","5360":"n","5361":"s","5362":"i","5363":"t","5364":"i","5365":"o","5366":"n","5367":":","5368":" ","5369":"t","5370":"r","5371":"a","5372":"n","5373":"s","5374":"f","5375":"o","5376":"r","5377":"m","5378":" ","5379":"0","5380":".","5381":"3","5382":"s","5383":" ","5384":"e","5385":"a","5386":"s","5387":"e","5388":";","5389":"\\","5390":"r","5391":"\\","5392":"n","5393":" ","5394":" ","5395":" ","5396":" ","5397":" ","5398":" ","5399":" ","5400":" ","5401":"}","5402":"\\","5403":"r","5404":"\\","5405":"n","5406":"\\","5407":"r","5408":"\\","5409":"n","5410":" ","5411":" ","5412":" ","5413":" ","5414":" ","5415":" ","5416":" ","5417":" ","5418":".","5419":"p","5420":"o","5421":"s","5422":"t","5423":"c","5424":"a","5425":"r","5426":"d","5427":"_","5428":"_","5429":"t","5430":"e","5431":"x","5432":"t","5433":" ","5434":"{","5435":"\\","5436":"r","5437":"\\","5438":"n","5439":" ","5440":" ","5441":" ","5442":" ","5443":" ","5444":" ","5445":" ","5446":" ","5447":" ","5448":" ","5449":" ","5450":" ","5451":"p","5452":"a","5453":"d","5454":"d","5455":"i","5456":"n","5457":"g","5458":":","5459":" ","5460":"3","5461":"r","5462":"e","5463":"m","5464":";","5465":"\\","5466":"r","5467":"\\","5468":"n","5469":" ","5470":" ","5471":" ","5472":" ","5473":" ","5474":" ","5475":" ","5476":" ","5477":" ","5478":" ","5479":" ","5480":" ","5481":"w","5482":"i","5483":"d","5484":"t","5485":"h","5486":":","5487":" ","5488":"1","5489":"0","5490":"0","5491":"%","5492":";","5493":"\\","5494":"r","5495":"\\","5496":"n","5497":" ","5498":" ","5499":" ","5500":" ","5501":" ","5502":" ","5503":" ","5504":" ","5505":"}","5506":"\\","5507":"r","5508":"\\","5509":"n","5510":"\\","5511":"r","5512":"\\","5513":"n","5514":" ","5515":" ","5516":" ","5517":" ","5518":" ","5519":" ","5520":" ","5521":" ","5522":".","5523":"m","5524":"e","5525":"d","5526":"i","5527":"a","5528":".","5529":"p","5530":"o","5531":"s","5532":"t","5533":"c","5534":"a","5535":"r","5536":"d","5537":"_","5538":"_","5539":"t","5540":"e","5541":"x","5542":"t","5543":":","5544":"b","5545":"e","5546":"f","5547":"o","5548":"r","5549":"e","5550":" ","5551":"{","5552":"\\","5553":"r","5554":"\\","5555":"n","5556":" ","5557":" ","5558":" ","5559":" ","5560":" ","5561":" ","5562":" ","5563":" ","5564":" ","5565":" ","5566":" ","5567":" ","5568":"c","5569":"o","5570":"n","5571":"t","5572":"e","5573":"n","5574":"t","5575":":","5576":" ","5577":"\\","5578":"\"","5579":"\\","5580":"\"","5581":";","5582":"\\","5583":"r","5584":"\\","5585":"n","5586":" ","5587":" ","5588":" ","5589":" ","5590":" ","5591":" ","5592":" ","5593":" ","5594":" ","5595":" ","5596":" ","5597":" ","5598":"p","5599":"o","5600":"s","5601":"i","5602":"t","5603":"i","5604":"o","5605":"n","5606":":","5607":" ","5608":"a","5609":"b","5610":"s","5611":"o","5612":"l","5613":"u","5614":"t","5615":"e","5616":";","5617":"\\","5618":"r","5619":"\\","5620":"n","5621":" ","5622":" ","5623":" ","5624":" ","5625":" ","5626":" ","5627":" ","5628":" ","5629":" ","5630":" ","5631":" ","5632":" ","5633":"d","5634":"i","5635":"s","5636":"p","5637":"l","5638":"a","5639":"y","5640":":","5641":" ","5642":"b","5643":"l","5644":"o","5645":"c","5646":"k","5647":";","5648":"\\","5649":"r","5650":"\\","5651":"n","5652":" ","5653":" ","5654":" ","5655":" ","5656":" ","5657":" ","5658":" ","5659":" ","5660":" ","5661":" ","5662":" ","5663":" ","5664":"b","5665":"a","5666":"c","5667":"k","5668":"g","5669":"r","5670":"o","5671":"u","5672":"n","5673":"d","5674":":","5675":" ","5676":"#","5677":"1","5678":"8","5679":"1","5680":"5","5681":"1","5682":"f","5683":";","5684":"\\","5685":"r","5686":"\\","5687":"n","5688":" ","5689":" ","5690":" ","5691":" ","5692":" ","5693":" ","5694":" ","5695":" ","5696":" ","5697":" ","5698":" ","5699":" ","5700":"t","5701":"o","5702":"p","5703":":","5704":" ","5705":"-","5706":"2","5707":"0","5708":"%","5709":";","5710":"\\","5711":"r","5712":"\\","5713":"n","5714":" ","5715":" ","5716":" ","5717":" ","5718":" ","5719":" ","5720":" ","5721":" ","5722":" ","5723":" ","5724":" ","5725":" ","5726":"h","5727":"e","5728":"i","5729":"g","5730":"h","5731":"t","5732":":","5733":" ","5734":"1","5735":"3","5736":"0","5737":"%","5738":";","5739":"\\","5740":"r","5741":"\\","5742":"n","5743":" ","5744":" ","5745":" ","5746":" ","5747":" ","5748":" ","5749":" ","5750":" ","5751":" ","5752":" ","5753":" ","5754":" ","5755":"w","5756":"i","5757":"d","5758":"t","5759":"h","5760":":","5761":" ","5762":"5","5763":"5","5764":"p","5765":"x","5766":";","5767":"\\","5768":"r","5769":"\\","5770":"n","5771":" ","5772":" ","5773":" ","5774":" ","5775":" ","5776":" ","5777":" ","5778":" ","5779":"}","5780":"\\","5781":"r","5782":"\\","5783":"n","5784":"\\","5785":"r","5786":"\\","5787":"n","5788":" ","5789":" ","5790":" ","5791":" ","5792":" ","5793":" ","5794":" ","5795":" ","5796":"&","5797":":","5798":"h","5799":"o","5800":"v","5801":"e","5802":"r","5803":" ","5804":".","5805":"p","5806":"o","5807":"s","5808":"t","5809":"c","5810":"a","5811":"r","5812":"d","5813":"_","5814":"_","5815":"i","5816":"m","5817":"g","5818":" ","5819":"{","5820":"\\","5821":"r","5822":"\\","5823":"n","5824":" ","5825":" ","5826":" ","5827":" ","5828":" ","5829":" ","5830":" ","5831":" ","5832":" ","5833":" ","5834":" ","5835":" ","5836":"t","5837":"r","5838":"a","5839":"n","5840":"s","5841":"f","5842":"o","5843":"r","5844":"m","5845":":","5846":" ","5847":"s","5848":"c","5849":"a","5850":"l","5851":"e","5852":"(","5853":"1","5854":".","5855":"1","5856":")","5857":";","5858":"\\","5859":"r","5860":"\\","5861":"n","5862":" ","5863":" ","5864":" ","5865":" ","5866":" ","5867":" ","5868":" ","5869":" ","5870":"}","5871":"\\","5872":"r","5873":"\\","5874":"n","5875":"\\","5876":"r","5877":"\\","5878":"n","5879":" ","5880":" ","5881":" ","5882":" ","5883":" ","5884":" ","5885":" ","5886":" ","5887":"&","5888":":","5889":"n","5890":"t","5891":"h","5892":"-","5893":"c","5894":"h","5895":"i","5896":"l","5897":"d","5898":"(","5899":"2","5900":"n","5901":"+","5902":"1","5903":")","5904":" ","5905":"{","5906":"\\","5907":"r","5908":"\\","5909":"n","5910":" ","5911":" ","5912":" ","5913":" ","5914":" ","5915":" ","5916":" ","5917":" ","5918":" ","5919":" ","5920":" ","5921":" ","5922":"f","5923":"l","5924":"e","5925":"x","5926":"-","5927":"d","5928":"i","5929":"r","5930":"e","5931":"c","5932":"t","5933":"i","5934":"o","5935":"n","5936":":","5937":" ","5938":"r","5939":"o","5940":"w","5941":";","5942":"\\","5943":"r","5944":"\\","5945":"n","5946":" ","5947":" ","5948":" ","5949":" ","5950":" ","5951":" ","5952":" ","5953":" ","5954":"}","5955":"\\","5956":"r","5957":"\\","5958":"n","5959":"\\","5960":"r","5961":"\\","5962":"n","5963":" ","5964":" ","5965":" ","5966":" ","5967":" ","5968":" ","5969":" ","5970":" ","5971":"&","5972":":","5973":"n","5974":"t","5975":"h","5976":"-","5977":"c","5978":"h","5979":"i","5980":"l","5981":"d","5982":"(","5983":"2","5984":"n","5985":"+","5986":"0","5987":")","5988":" ","5989":"{","5990":"\\","5991":"r","5992":"\\","5993":"n","5994":" ","5995":" ","5996":" ","5997":" ","5998":" ","5999":" ","6000":" ","6001":" ","6002":" ","6003":" ","6004":" ","6005":" ","6006":"f","6007":"l","6008":"e","6009":"x","6010":"-","6011":"d","6012":"i","6013":"r","6014":"e","6015":"c","6016":"t","6017":"i","6018":"o","6019":"n","6020":":","6021":" ","6022":"r","6023":"o","6024":"w","6025":"-","6026":"r","6027":"e","6028":"v","6029":"e","6030":"r","6031":"s","6032":"e","6033":";","6034":"\\","6035":"r","6036":"\\","6037":"n","6038":" ","6039":" ","6040":" ","6041":" ","6042":" ","6043":" ","6044":" ","6045":" ","6046":"}","6047":"\\","6048":"r","6049":"\\","6050":"n","6051":"\\","6052":"r","6053":"\\","6054":"n","6055":" ","6056":" ","6057":" ","6058":" ","6059":" ","6060":" ","6061":" ","6062":" ","6063":"&","6064":":","6065":"n","6066":"t","6067":"h","6068":"-","6069":"c","6070":"h","6071":"i","6072":"l","6073":"d","6074":"(","6075":"2","6076":"n","6077":"+","6078":"1","6079":")","6080":" ","6081":".","6082":"p","6083":"o","6084":"s","6085":"t","6086":"c","6087":"a","6088":"r","6089":"d","6090":"_","6091":"_","6092":"t","6093":"e","6094":"x","6095":"t","6096":":","6097":":","6098":"b","6099":"e","6100":"f","6101":"o","6102":"r","6103":"e","6104":" ","6105":"{","6106":"\\","6107":"r","6108":"\\","6109":"n","6110":" ","6111":" ","6112":" ","6113":" ","6114":" ","6115":" ","6116":" ","6117":" ","6118":" ","6119":" ","6120":" ","6121":" ","6122":"l","6123":"e","6124":"f","6125":"t","6126":":","6127":" ","6128":"-","6129":"1","6130":"2","6131":"p","6132":"x","6133":" ","6134":"!","6135":"i","6136":"m","6137":"p","6138":"o","6139":"r","6140":"t","6141":"a","6142":"n","6143":"t","6144":";","6145":"\\","6146":"r","6147":"\\","6148":"n","6149":" ","6150":" ","6151":" ","6152":" ","6153":" ","6154":" ","6155":" ","6156":" ","6157":" ","6158":" ","6159":" ","6160":" ","6161":"t","6162":"r","6163":"a","6164":"n","6165":"s","6166":"f","6167":"o","6168":"r","6169":"m","6170":":","6171":" ","6172":"r","6173":"o","6174":"t","6175":"a","6176":"t","6177":"e","6178":"(","6179":"4","6180":"d","6181":"e","6182":"g","6183":")","6184":";","6185":"\\","6186":"r","6187":"\\","6188":"n","6189":" ","6190":" ","6191":" ","6192":" ","6193":" ","6194":" ","6195":" ","6196":" ","6197":"}","6198":"\\","6199":"r","6200":"\\","6201":"n","6202":"\\","6203":"r","6204":"\\","6205":"n","6206":" ","6207":" ","6208":" ","6209":" ","6210":" ","6211":" ","6212":" ","6213":" ","6214":"&","6215":":","6216":"n","6217":"t","6218":"h","6219":"-","6220":"c","6221":"h","6222":"i","6223":"l","6224":"d","6225":"(","6226":"2","6227":"n","6228":"+","6229":"0","6230":")","6231":" ","6232":".","6233":"p","6234":"o","6235":"s","6236":"t","6237":"c","6238":"a","6239":"r","6240":"d","6241":"_","6242":"_","6243":"t","6244":"e","6245":"x","6246":"t","6247":":","6248":":","6249":"b","6250":"e","6251":"f","6252":"o","6253":"r","6254":"e","6255":" ","6256":"{","6257":"\\","6258":"r","6259":"\\","6260":"n","6261":" ","6262":" ","6263":" ","6264":" ","6265":" ","6266":" ","6267":" ","6268":" ","6269":" ","6270":" ","6271":" ","6272":" ","6273":"r","6274":"i","6275":"g","6276":"h","6277":"t","6278":":","6279":" ","6280":"-","6281":"1","6282":"2","6283":"p","6284":"x","6285":" ","6286":"!","6287":"i","6288":"m","6289":"p","6290":"o","6291":"r","6292":"t","6293":"a","6294":"n","6295":"t","6296":";","6297":"\\","6298":"r","6299":"\\","6300":"n","6301":" ","6302":" ","6303":" ","6304":" ","6305":" ","6306":" ","6307":" ","6308":" ","6309":" ","6310":" ","6311":" ","6312":" ","6313":"t","6314":"r","6315":"a","6316":"n","6317":"s","6318":"f","6319":"o","6320":"r","6321":"m","6322":":","6323":" ","6324":"r","6325":"o","6326":"t","6327":"a","6328":"t","6329":"e","6330":"(","6331":"-","6332":"4","6333":"d","6334":"e","6335":"g","6336":")","6337":";","6338":"\\","6339":"r","6340":"\\","6341":"n","6342":" ","6343":" ","6344":" ","6345":" ","6346":" ","6347":" ","6348":" ","6349":" ","6350":"}","6351":"\\","6352":"r","6353":"\\","6354":"n","6355":" ","6356":" ","6357":" ","6358":" ","6359":"}","6360":"\\","6361":"r","6362":"\\","6363":"n","6364":"}","6365":"\\","6366":"r","6367":"\\","6368":"n","6369":"\\","6370":"r","6371":"\\","6372":"n","6373":"@","6374":"m","6375":"e","6376":"d","6377":"i","6378":"a","6379":" ","6380":"s","6381":"c","6382":"r","6383":"e","6384":"e","6385":"n","6386":" ","6387":"a","6388":"n","6389":"d","6390":" ","6391":"(","6392":"m","6393":"i","6394":"n","6395":"-","6396":"w","6397":"i","6398":"d","6399":"t","6400":"h","6401":":","6402":" ","6403":"1","6404":"0","6405":"2","6406":"4","6407":"p","6408":"x","6409":")","6410":" ","6411":"{","6412":"\\","6413":"r","6414":"\\","6415":"n","6416":" ","6417":" ","6418":" ","6419":" ","6420":".","6421":"p","6422":"o","6423":"s","6424":"t","6425":"c","6426":"a","6427":"r","6428":"d","6429":"_","6430":"_","6431":"t","6432":"e","6433":"x","6434":"t","6435":" ","6436":"{","6437":"\\","6438":"r","6439":"\\","6440":"n","6441":" ","6442":" ","6443":" ","6444":" ","6445":" ","6446":" ","6447":" ","6448":" ","6449":"p","6450":"a","6451":"d","6452":"d","6453":"i","6454":"n","6455":"g","6456":":","6457":" ","6458":"2","6459":"r","6460":"e","6461":"m","6462":" ","6463":"3","6464":".","6465":"5","6466":"r","6467":"e","6468":"m","6469":";","6470":"\\","6471":"r","6472":"\\","6473":"n","6474":" ","6475":" ","6476":" ","6477":" ","6478":"}","6479":"\\","6480":"r","6481":"\\","6482":"n","6483":"\\","6484":"r","6485":"\\","6486":"n","6487":" ","6488":" ","6489":" ","6490":" ","6491":".","6492":"p","6493":"o","6494":"s","6495":"t","6496":"c","6497":"a","6498":"r","6499":"d","6500":"_","6501":"_","6502":"t","6503":"e","6504":"x","6505":"t","6506":":","6507":"b","6508":"e","6509":"f","6510":"o","6511":"r","6512":"e","6513":" ","6514":"{","6515":"\\","6516":"r","6517":"\\","6518":"n","6519":" ","6520":" ","6521":" ","6522":" ","6523":" ","6524":" ","6525":" ","6526":" ","6527":"c","6528":"o","6529":"n","6530":"t","6531":"e","6532":"n","6533":"t","6534":":","6535":" ","6536":"\\","6537":"\"","6538":"\\","6539":"\"","6540":";","6541":"\\","6542":"r","6543":"\\","6544":"n","6545":" ","6546":" ","6547":" ","6548":" ","6549":" ","6550":" ","6551":" ","6552":" ","6553":"p","6554":"o","6555":"s","6556":"i","6557":"t","6558":"i","6559":"o","6560":"n","6561":":","6562":" ","6563":"a","6564":"b","6565":"s","6566":"o","6567":"l","6568":"u","6569":"t","6570":"e","6571":";","6572":"\\","6573":"r","6574":"\\","6575":"n","6576":" ","6577":" ","6578":" ","6579":" ","6580":" ","6581":" ","6582":" ","6583":" ","6584":"d","6585":"i","6586":"s","6587":"p","6588":"l","6589":"a","6590":"y","6591":":","6592":" ","6593":"b","6594":"l","6595":"o","6596":"c","6597":"k","6598":";","6599":"\\","6600":"r","6601":"\\","6602":"n","6603":"\\","6604":"r","6605":"\\","6606":"n","6607":" ","6608":" ","6609":" ","6610":" ","6611":" ","6612":" ","6613":" ","6614":" ","6615":"t","6616":"o","6617":"p","6618":":","6619":" ","6620":"-","6621":"2","6622":"0","6623":"%","6624":";","6625":"\\","6626":"r","6627":"\\","6628":"n","6629":" ","6630":" ","6631":" ","6632":" ","6633":" ","6634":" ","6635":" ","6636":" ","6637":"h","6638":"e","6639":"i","6640":"g","6641":"h","6642":"t","6643":":","6644":" ","6645":"1","6646":"3","6647":"0","6648":"%","6649":";","6650":"\\","6651":"r","6652":"\\","6653":"n","6654":" ","6655":" ","6656":" ","6657":" ","6658":" ","6659":" ","6660":" ","6661":" ","6662":"w","6663":"i","6664":"d","6665":"t","6666":"h","6667":":","6668":" ","6669":"5","6670":"5","6671":"p","6672":"x","6673":";","6674":"\\","6675":"r","6676":"\\","6677":"n","6678":" ","6679":" ","6680":" ","6681":" ","6682":"}","6683":"\\","6684":"r","6685":"\\","66
[...]
"538":"m","539":"o","540":"d","541":"e","542":"l","543":"V","544":"a","545":"l","546":"u","547":"e","548":"\\","549":"\"","550":" ","551":"@","552":"i","553":"n","554":"p","555":"u","556":"t","557":"=","558":"\\","559":"\"","560":"$","561":"e","562":"m","563":"i","564":"t","565":"(","566":"'","567":"u","568":"p","569":"d","570":"a","571":"t","572":"e","573":":","574":"m","575":"o","576":"d","577":"e","578":"l","579":"V","580":"a","581":"l","582":"u","583":"e","584":"'","585":",","586":" ","587":"$","588":"e","589":"v","590":"e","591":"n","592":"t","593":".","594":"t","595":"a","596":"r","597":"g","598":"e","599":"t","600":".","601":"v","602":"a","603":"l","604":"u","605":"e","606":")","607":"\\","608":"\"","609":"/","610":">","611":"\\","612":"r","613":"\\","614":"n","615":" ","616":" ","617":" ","618":" ","619":" ","620":" ","621":" ","622":" ","623":"<","624":"/","625":"d","626":"i","627":"v","628":">","629":"\\","630":"r","631":"\\","632":"n","633":" ","634":" ","635":" ","636":" ","637":" ","638":" ","639":" ","640":" ","641":"<","642":"b","643":"u","644":"t","645":"t","646":"o","647":"n","648":" ","649":"t","650":"y","651":"p","652":"e","653":"=","654":"\\","655":"\"","656":"b","657":"u","658":"t","659":"t","660":"o","661":"n","662":"\\","663":"\"","664":" ","665":"c","666":"l","667":"a","668":"s","669":"s","670":"=","671":"\\","672":"\"","673":"b","674":"t","675":"n","676":" ","677":"b","678":"t","679":"n","680":"-","681":"p","682":"r","683":"i","684":"m","685":"a","686":"r","687":"y","688":"\\","689":"\"","690":">","691":"\\","692":"r","693":"\\","694":"n","695":" ","696":" ","697":" ","698":" ","699":" ","700":" ","701":" ","702":" ","703":" ","704":" ","705":" ","706":" ","707":"<","708":"i","709":" ","710":"c","711":"l","712":"a","713":"s","714":"s","715":"=","716":"\\","717":"\"","718":"b","719":"i","720":" ","721":"b","722":"i","723":"-","724":"s","725":"e","726":"a","727":"r","728":"c","729":"h","730":"\\","731":"\"","732":">","733":"<","734":"/","735":"i","736":">","737":"\\","738":"r","739":"\\","740":"n","741":" ","742":" ","743":" ","744":" ","745":" ","746":" ","747":" ","748":" ","749":"<","750":"/","751":"b","752":"u","753":"t","754":"t","755":"o","756":"n","757":">","758":"\\","759":"r","760":"\\","761":"n","762":" ","763":" ","764":" ","765":" ","766":"<","767":"/","768":"d","769":"i","770":"v","771":">","772":"\\","773":"r","774":"\\","775":"n","776":"<","777":"/","778":"t","779":"e","780":"m","781":"p","782":"l","783":"a","784":"t","785":"e","786":">","787":"\\","788":"r","789":"\\","790":"n","791":"\\","792":"r","793":"\\","794":"n","795":"\\","796":"r","797":"\\","798":"n","799":"<","800":"s","801":"c","802":"r","803":"i","804":"p","805":"t","806":" ","807":"s","808":"e","809":"t","810":"u","811":"p","812":">","813":"\\","814":"r","815":"\\","816":"n","817":"/","818":"*","819":"\\","820":"r","821":"\\","822":"n","823":" ","824":" ","825":" ","826":"p","827":"r","828":"o","829":"p","830":"s","831":"\\","832":"r","833":"\\","834":"n","835":"*","836":"/","837":"\\","838":"r","839":"\\","840":"n","841":"\\","842":"r","843":"\\","844":"n","845":"c","846":"o","847":"n","848":"s","849":"t","850":" ","851":"p","852":"r","853":"o","854":"p","855":"s","856":" ","857":"=","858":" ","859":"d","860":"e","861":"f","862":"i","863":"n","864":"e","865":"P","866":"r","867":"o","868":"p","869":"s","870":"(","871":"{","872":"\\","873":"r","874":"\\","875":"n","876":" ","877":" ","878":" ","879":" ","880":"m","881":"o","882":"d","883":"e","884":"l","885":"V","886":"a","887":"l","888":"u","889":"e","890":":","891":" ","892":"{","893":"\\","894":"r","895":"\\","896":"n","897":" ","898":" ","899":" ","900":" ","901":" ","902":" ","903":" ","904":" ","905":"t","906":"y","907":"p","908":"e","909":":","910":"S","911":"t","912":"r","913":"i","914":"n","915":"g","916":",","917":"\\","918":"r","919":"\\","920":"n","921":" ","922":" ","923":" ","924":" ","925":" ","926":" ","927":" ","928":" ","929":"r","930":"e","931":"q","932":"u","933":"i","934":"r","935":"e","936":"d","937":":","938":"t","939":"r","940":"u","941":"e","942":"\\","943":"r","944":"\\","945":"n","946":" ","947":" ","948":" ","949":" ","950":"}","951":"\\","952":"r","953":"\\","954":"n","955":"}","956":")","957":";","958":"\\","959":"r","960":"\\","961":"n","962":"\\","963":"r","964":"\\","965":"n","966":"<","967":"/","968":"s","969":"c","970":"r","971":"i","972":"p","973":"t","974":">","975":"\"","976":"]","977":"}"},"_coverageSchema":"1a1c01bbd47fc00a2c39e90264f33305004495a9","hash":"c643046dadf7e92df1e45700b86ed561391a5770"}
,"C:\\Users\\Georgi\\Desktop\\AcademyVue\\vue-highcharts-app\\src\\firebase\\firebase-config.js": {"path":"C:\\Users\\Georgi\\Desktop\\AcademyVue\\vue-highcharts-app\\src\\firebase\\firebase-config.js","statementMap":{"0":{"start":{"line":6,"column":23},"end":{"line":14,"column":1}},"1":{"start":{"line":16,"column":0},"end":{"line":16,"column":39}},"2":{"start":{"line":18,"column":18},"end":{"line":18,"column":38}},"3":{"start":{"line":19,"column":17},"end":{"line":19,"column":32}},"4":{"start":{"line":22,"column":21},"end":{"line":25,"column":1}}},"fnMap":{},"branchMap":{},"s":{"0":1,"1":1,"2":1,"3":1,"4":1},"f":{},"b":{},"_coverageSchema":"1a1c01bbd47fc00a2c39e90264f33305004495a9","hash":"f817512a854fce56457f34c763f1c76882ccc0cb"}
,"C:\\Users\\Georgi\\Desktop\\AcademyVue\\vue-highcharts-app\\src\\plugins\\TimeConvertor.js": {"path":"C:\\Users\\Georgi\\Desktop\\AcademyVue\\vue-highcharts-app\\src\\plugins\\TimeConvertor.js","statementMap":{"0":{"start":{"line":7,"column":4},"end":{"line":20,"column":6}},"1":{"start":{"line":8,"column":28},"end":{"line":8,"column":62}},"2":{"start":{"line":9,"column":27},"end":{"line":9,"column":62}},"3":{"start":{"line":11,"column":20},"end":{"line":11,"column":31}},"4":{"start":{"line":13,"column":6},"end":{"line":17,"column":7}},"5":{"start":{"line":14,"column":27},"end":{"line":14,"column":110}},"6":{"start":{"line":16,"column":8},"end":{"line":16,"column":25}},"7":{"start":{"line":19,"column":6},"end":{"line":19,"column":69}}},"fnMap":{"0":{"name":"(anonymous_0)","decl":{"start":{"line":6,"column":11},"end":{"line":6,"column":12}},"loc":{"start":{"line":6,"column":20},"end":{"line":21,"column":3}},"line":6},"1":{"name":"(anonymous_1)","decl":{"start":{"line":7,"column":56},"end":{"line":7,"column":57}},"loc":{"start":{"line":7,"column":76},"end":{"line":20,"column":5}},"line":7}},"branchMap":{"0":{"loc":{"start":{"line":13,"column":6},"end":{"line":17,"column":7}},"type":"if","locations":[{"start":{"line":13,"column":6},"end":{"line":17,"column":7}},{"start":{},"end":{}}],"line":13},"1":{"loc":{"start":{"line":13,"column":10},"end":{"line":13,"column":57}},"type":"binary-expr","locations":[{"start":{"line":13,"column":10},"end":{"line":13,"column":27}},{"start":{"line":13,"column":31},"end":{"line":13,"column":57}}],"line":13}},"s":{"0":3,"1":8,"2":8,"3":8,"4":8,"5":0,"6":0,"7":8},"f":{"0":3,"1":8},"b":{"0":[0,8],"1":[8,0]},"_coverageSchema":"1a1c01bbd47fc00a2c39e90264f33305004495a9","hash":"dd668a3a02a11362464a2d7a982849f14d5f74dd"}
,"C:\\Users\\Georgi\\Desktop\\AcademyVue\\vue-highcharts-app\\src\\services\\authServices\\authServices.js": {"path":"C:\\Users\\Georgi\\Desktop\\AcademyVue\\vue-highcharts-app\\src\\services\\authServices\\authServices.js","statementMap":{"0":{"start":{"line":7,"column":8},"end":{"line":27,"column":9}},"1":{"start":{"line":8,"column":36},"end":{"line":11,"column":13}},"2":{"start":{"line":13,"column":12},"end":{"line":24,"column":13}},"3":{"start":{"line":14,"column":16},"end":{"line":23,"column":23}},"4":{"start":{"line":26,"column":10},"end":{"line":26,"column":70}},"5":{"start":{"line":31,"column":8},"end":{"line":35,"column":9}},"6":{"start":{"line":32,"column":12},"end":{"line":32,"column":84}},"7":{"start":{"line":34,"column":12},"end":{"line":34,"column":56}},"8":{"start":{"line":39,"column":8},"end":{"line":66,"column":9}},"9":{"start":{"line":40,"column":29},"end":{"line":40,"column":53}},"10":{"start":{"line":41,"column":12},"end":{"line":41,"column":71}},"11":{"start":{"line":43,"column":25},"end":{"line":43,"column":34}},"12":{"start":{"line":44,"column":27},"end":{"line":44,"column":64}},"13":{"start":{"line":46,"column":26},"end":{"line":46,"column":43}},"14":{"start":{"line":48,"column":31},"end":{"line":51,"column":22}},"15":{"start":{"line":53,"column":12},"end":{"line":62,"column":13}},"16":{"start":{"line":54,"column":16},"end":{"line":61,"column":19}},"17":{"start":{"line":65,"column":12},"end":{"line":65,"column":85}},"18":{"start":{"line":71,"column":8},"end":{"line":81,"column":9}},"19":{"start":{"line":72,"column":28},"end":{"line":72,"column":110}},"20":{"start":{"line":74,"column":26},"end":{"line":74,"column":38}},"21":{"start":{"line":76,"column":12},"end":{"line":76,"column":30}},"22":{"start":{"line":79,"column":12},"end":{"line":79,"column":64}},"23":{"start":{"line":80,"column":12},"end":{"line":80,"column":24}},"24":{"start":{"line":86,"column":8},"end":{"line":104,"column":9}},"25":{"start":{"line":87,"column":30},"end":{"line":87,"column":56}},"26":{"start":{"line":88,"column":21},"end":{"line":88,"column":30}},"27":{"start":{"line":91,"column":23},"end":{"line":91,"column":60}},"28":{"start":{"line":94,"column":8},"end":{"line":101,"column":10}},"29":{"start":{"line":103,"column":11},"end":{"line":103,"column":85}},"30":{"start":{"line":109,"column":8},"end":{"line":120,"column":9}},"31":{"start":{"line":110,"column":34},"end":{"line":110,"column":88}},"32":{"start":{"line":112,"column":12},"end":{"line":116,"column":15}},"33":{"start":{"line":113,"column":44},"end":{"line":113,"column":54}},"34":{"start":{"line":115,"column":16},"end":{"line":115,"column":57}},"35":{"start":{"line":119,"column":12},"end":{"line":119,"column":58}},"36":{"start":{"line":124,"column":8},"end":{"line":129,"column":9}},"37":{"start":{"line":125,"column":12},"end":{"line":125,"column":50}},"38":{"start":{"line":128,"column":12},"end":{"line":128,"column":72}},"39":{"start":{"line":133,"column":8},"end":{"line":144,"column":9}},"40":{"start":{"line":134,"column":34},"end":{"line":134,"column":121}},"41":{"start":{"line":136,"column":26},"end":{"line":136,"column":44}},"42":{"start":{"line":138,"column":12},"end":{"line":141,"column":14}},"43":{"start":{"line":143,"column":12},"end":{"line":143,"column":78}},"44":{"start":{"line":148,"column":8},"end":{"line":163,"column":9}},"45":{"start":{"line":149,"column":25},"end":{"line":149,"column":58}},"46":{"start":{"line":151,"column":12},"end":{"line":160,"column":13}},"47":{"start":{"line":152,"column":35},"end":{"line":152,"column":87}},"48":{"start":{"line":153,"column":16},"end":{"line":153,"column":69}},"49":{"start":{"line":155,"column":16},"end":{"line":155,"column":56}},"50":{"start":{"line":157,"column":16},"end":{"line":157,"column":35}},"51":{"start":{"line":159,"column":16},"end":{"line":159,"column":71}},"52":{"start":{"line":162,"column":11},"end":{"line":162,"column":78}},"53":{"start":{"line":168,"column":8},"end":{"line":182,"column":9}},"54":{"start":{"line":169,"column":34},"end":{"line":169,"column":121}},"55":{"start":{"line":171,"column":26},"end":{"line":171,"column":44}},"56":{"start":{"line":173,"column":28},"end":{"line":173,"column":50}},"57":{"start":{"line":174,"column":26},"end":{"line":174,"column":56}},"58":{"start":{"line":176,"column":12},"end":{"line":179,"column":14}},"59":{"start":{"line":181,"column":12},"end":{"line":181,"column":78}}},"fnMap":{"0":{"name":"(anonymous_0)","decl":{"start":{"line":6,"column":4},"end":{"line":6,"column":5}},"loc":{"start":{"line":6,"column":23},"end":{"line":28,"column":5}},"line":6},"1":{"name":"(anonymous_1)","decl":{"start":{"line":30,"column":4},"end":{"line":30,"column":5}},"loc":{"start":{"line":30,"column":34},"end":{"line":36,"column":5}},"line":30},"2":{"name":"(anonymous_2)","decl":{"start":{"line":38,"column":4},"end":{"line":38,"column":5}},"loc":{"start":{"line":38,"column":29},"end":{"line":67,"column":5}},"line":38},"3":{"name":"(anonymous_3)","decl":{"start":{"line":70,"column":4},"end":{"line":70,"column":5}},"loc":{"start":{"line":70,"column":29},"end":{"line":82,"column":5}},"line":70},"4":{"name":"(anonymous_4)","decl":{"start":{"line":85,"column":4},"end":{"line":85,"column":5}},"loc":{"start":{"line":85,"column":31},"end":{"line":105,"column":5}},"line":85},"5":{"name":"(anonymous_5)","decl":{"start":{"line":108,"column":4},"end":{"line":108,"column":5}},"loc":{"start":{"line":108,"column":37},"end":{"line":121,"column":5}},"line":108},"6":{"name":"(anonymous_6)","decl":{"start":{"line":112,"column":34},"end":{"line":112,"column":35}},"loc":{"start":{"line":112,"column":49},"end":{"line":116,"column":13}},"line":112},"7":{"name":"(anonymous_7)","decl":{"start":{"line":123,"column":4},"end":{"line":123,"column":5}},"loc":{"start":{"line":123,"column":19},"end":{"line":130,"column":5}},"line":123},"8":{"name":"(anonymous_8)","decl":{"start":{"line":132,"column":4},"end":{"line":132,"column":5}},"loc":{"start":{"line":132,"column":35},"end":{"line":145,"column":5}},"line":132},"9":{"name":"(anonymous_9)","decl":{"start":{"line":147,"column":4},"end":{"line":147,"column":5}},"loc":{"start":{"line":147,"column":62},"end":{"line":164,"column":5}},"line":147},"10":{"name":"(anonymous_10)","decl":{"start":{"line":167,"column":4},"end":{"line":167,"column":5}},"loc":{"start":{"line":167,"column":44},"end":{"line":183,"column":5}},"line":167}},"branchMap":{"0":{"loc":{"start":{"line":13,"column":12},"end":{"line":24,"column":13}},"type":"if","locations":[{"start":{"line":13,"column":12},"end":{"line":24,"column":13}},{"start":{},"end":{}}],"line":13},"1":{"loc":{"start":{"line":13,"column":16},"end":{"line":13,"column":55}},"type":"binary-expr","locations":[{"start":{"line":13,"column":16},"end":{"line":13,"column":31}},{"start":{"line":13,"column":35},"end":{"line":13,"column":55}}],"line":13},"2":{"loc":{"start":{"line":53,"column":12},"end":{"line":62,"column":13}},"type":"if","locations":[{"start":{"line":53,"column":12},"end":{"line":62,"column":13}},{"start":{},"end":{}}],"line":53},"3":{"loc":{"start":{"line":151,"column":12},"end":{"line":160,"column":13}},"type":"if","locations":[{"start":{"line":151,"column":12},"end":{"line":160,"column":13}},{"start":{"line":158,"column":19},"end":{"line":160,"column":13}}],"line":151}},"s":{"0":0,"1":0,"2":0,"3":0,"4":0,"5":0,"6":0,"7":0,"8":0,"9":0,"10":0,"11":0,"12":0,"13":0,"14":0,"15":0,"16":0,"17":0,"18":0,"19":0,"20":0,"21":0,"22":0,"23":0,"24":0,"25":0,"26":0,"27":0,"28":0,"29":0,"30":0,"31":0,"32":0,"33":0,"34":0,"35":0,"36":0,"37":0,"38":0,"39":0,"40":0,"41":0,"42":0,"43":0,"44":0,"45":0,"46":0,"47":0,"48":0,"49":0,"50":0,"51":0,"52":0,"53":0,"54":0,"55":0,"56":0,"57":0,"58":0,"59":0},"f":{"0":0,"1":0,"2":0,"3":0,"4":0,"5":0,"6":0,"7":0,"8":0,"9":0,"10":0},"b":{"0":[0,0],"1":[0,0],"2":[0,0],"3":[0,0]},"_coverageSchema":"1a1c01bbd47fc00a2c39e90264f33305004495a9","hash":"eb5394ca755cedd956434e84c6eeab57e7e5651b"}
,"C:\\Users\\Georgi\\Desktop\\AcademyVue\\vue-highcharts-app\\src\\store\\auth\\authStore.js": {"path":"C:\\Users\\Georgi\\Desktop\\AcademyVue\\vue-highcharts-app\\src\\store\\auth\\authStore.js","statementMap":{"0":{"start":{"line":4,"column":25},"end":{"line":55,"column":2}},"1":{"start":{"line":5,"column":18},"end":{"line":9,"column":5}},"2":{"start":{"line":13,"column":12},"end":{"line":13,"column":45}},"3":{"start":{"line":17,"column":12},"end":{"line":17,"column":81}},"4":{"start":{"line":23,"column":12},"end":{"line":23,"column":36}},"5":{"start":{"line":27,"column":12},"end":{"line":27,"column":47}},"6":{"start":{"line":31,"column":12},"end":{"line":31,"column":54}},"7":{"start":{"line":35,"column":12},"end":{"line":35,"column":50}},"8":{"start":{"line":39,"column":12},"end":{"line":39,"column":51}},"9":{"start":{"line":43,"column":12},"end":{"line":43,"column":40}},"10":{"start":{"line":47,"column":12},"end":{"line":47,"column":56}},"11":{"start":{"line":48,"column":12},"end":{"line":48,"column":76}},"12":{"start":{"line":52,"column":12},"end":{"line":52,"column":83}}},"fnMap":{"0":{"name":"(anonymous_0)","decl":{"start":{"line":5,"column":11},"end":{"line":5,"column":12}},"loc":{"start":{"line":5,"column":18},"end":{"line":9,"column":5}},"line":5},"1":{"name":"(anonymous_1)","decl":{"start":{"line":12,"column":8},"end":{"line":12,"column":9}},"loc":{"start":{"line":12,"column":34},"end":{"line":14,"column":9}},"line":12},"2":{"name":"(anonymous_2)","decl":{"start":{"line":16,"column":8},"end":{"line":16,"column":9}},"loc":{"start":{"line":16,"column":34},"end":{"line":18,"column":9}},"line":16},"3":{"name":"(anonymous_3)","decl":{"start":{"line":22,"column":8},"end":{"line":22,"column":9}},"loc":{"start":{"line":22,"column":29},"end":{"line":24,"column":9}},"line":22},"4":{"name":"(anonymous_4)","decl":{"start":{"line":26,"column":8},"end":{"line":26,"column":9}},"loc":{"start":{"line":26,"column":31},"end":{"line":28,"column":9}},"line":26},"5":{"name":"(anonymous_5)","decl":{"start":{"line":30,"column":8},"end":{"line":30,"column":9}},"loc":{"start":{"line":30,"column":38},"end":{"line":32,"column":9}},"line":30},"6":{"name":"(anonymous_6)","decl":{"start":{"line":34,"column":8},"end":{"line":34,"column":9}},"loc":{"start":{"line":34,"column":33},"end":{"line":36,"column":9}},"line":34},"7":{"name":"(anonymous_7)","decl":{"start":{"line":38,"column":8},"end":{"line":38,"column":9}},"loc":{"start":{"line":38,"column":35},"end":{"line":40,"column":9}},"line":38},"8":{"name":"(anonymous_8)","decl":{"start":{"line":42,"column":8},"end":{"line":42,"column":9}},"loc":{"start":{"line":42,"column":23},"end":{"line":44,"column":9}},"line":42},"9":{"name":"(anonymous_9)","decl":{"start":{"line":46,"column":8},"end":{"line":46,"column":9}},"loc":{"start":{"line":46,"column":32},"end":{"line":49,"column":9}},"line":46},"10":{"name":"(anonymous_10)","decl":{"start":{"line":51,"column":8},"end":{"line":51,"column":9}},"loc":{"start":{"line":51,"column":66},"end":{"line":53,"column":9}},"line":51}},"branchMap":{"0":{"loc":{"start":{"line":17,"column":19},"end":{"line":17,"column":81}},"type":"cond-expr","locations":[{"start":{"line":17,"column":48},"end":{"line":17,"column":73}},{"start":{"line":17,"column":76},"end":{"line":17,"column":81}}],"line":17}},"s":{"0":1,"1":3,"2":1,"3":1,"4":0,"5":0,"6":0,"7":0,"8":0,"9":0,"10":0,"11":0,"12":0},"f":{"0":3,"1":1,"2":1,"3":0,"4":0,"5":0,"6":0,"7":0,"8":0,"9":0,"10":0},"b":{"0":[0,1]},"_coverageSchema":"1a1c01bbd47fc00a2c39e90264f33305004495a9","hash":"a149f28ead43417722bab644e07659abf01cf3b4"}
,"C:\\Users\\Georgi\\Desktop\\AcademyVue\\vue-highcharts-app\\src\\utils\\emailSender.js": {"path":"C:\\Users\\Georgi\\Desktop\\AcademyVue\\vue-highcharts-app\\src\\utils\\emailSender.js","statementMap":{"0":{"start":{"line":3,"column":19},"end":{"line":3,"column":37}},"1":{"start":{"line":4,"column":15},"end":{"line":4,"column":34}},"2":{"start":{"line":7,"column":19},"end":{"line":11,"column":5}},"3":{"start":{"line":13,"column":4},"end":{"line":19,"column":11}},"4":{"start":{"line":15,"column":12},"end":{"line":15,"column":49}},"5":{"start":{"line":18,"column":12},"end":{"line":18,"column":52}}},"fnMap":{"0":{"name":"sendCustomEmail","decl":{"start":{"line":6,"column":9},"end":{"line":6,"column":24}},"loc":{"start":{"line":6,"column":55},"end":{"line":20,"column":1}},"line":6},"1":{"name":"(anonymous_1)","decl":{"start":{"line":14,"column":14},"end":{"line":14,"column":15}},"loc":{"start":{"line":14,"column":34},"end":{"line":16,"column":9}},"line":14},"2":{"name":"(anonymous_2)","decl":{"start":{"line":17,"column":15},"end":{"line":17,"column":16}},"loc":{"start":{"line":17,"column":32},"end":{"line":19,"column":9}},"line":17}},"branchMap":{},"s":{"0":1,"1":1,"2":0,"3":0,"4":0,"5":0},"f":{"0":0,"1":0,"2":0},"b":{},"_coverageSchema":"1a1c01bbd47fc00a2c39e90264f33305004495a9","hash":"bd11e62c876b13dae983d07d21d6f0dcb4cfee46"}
}
