TN:
SF:src\common-templates\AutoComplete.vue
FN:162,render
FN:170,(anonymous_1)
FN:172,(anonymous_2)
FN:177,(anonymous_3)
FN:178,(anonymous_4)
FNF:5
FNH:4
FNDA:8,render
FNDA:4,(anonymous_1)
FNDA:26,(anonymous_2)
FNDA:0,(anonymous_3)
FNDA:1,(anonymous_4)
DA:4,1
DA:7,1
DA:151,1
DA:154,1
DA:155,1
DA:156,1
DA:157,1
DA:158,1
DA:163,8
DA:170,4
DA:173,26
DA:177,0
DA:178,1
DA:181,1
LF:14
LH:13
BRDA:170,0,0,8
BRDA:170,0,1,1
BRDA:177,1,0,26
BRDA:177,1,1,1
BRDA:177,2,0,0
BRDA:177,2,1,0
BRDA:180,3,0,4
BRDA:180,3,1,4
BRDA:180,4,0,8
BRDA:180,4,1,4
BRF:10
BRH:8
end_of_record
TN:
SF:src\common-templates\BasicInput.vue
FN:102,render
FN:115,(anonymous_1)
FN:116,(anonymous_2)
FN:124,(anonymous_3)
FNF:4
FNH:2
FNDA:2,render
FNDA:0,(anonymous_1)
FNDA:3,(anonymous_2)
FNDA:0,(anonymous_3)
DA:4,1
DA:7,1
DA:93,1
DA:96,1
DA:97,1
DA:98,1
DA:99,1
DA:100,1
DA:101,1
DA:103,2
DA:115,0
DA:117,3
DA:124,0
DA:127,1
LF:14
LH:12
BRDA:106,0,0,0
BRDA:106,0,1,2
BRDA:112,1,0,1
BRDA:112,1,1,1
BRDA:115,2,0,1
BRDA:115,2,1,1
BRDA:124,3,0,1
BRDA:124,3,1,1
BRF:8
BRH:7
end_of_record
TN:
SF:src\common-templates\ErrorModal.vue
FN:17,(anonymous_0)
FN:38,(anonymous_1)
FN:79,render
FN:84,(anonymous_3)
FNF:4
FNH:3
FNDA:1,(anonymous_0)
FNDA:0,(anonymous_1)
FNDA:1,render
FNDA:1,(anonymous_3)
DA:4,1
DA:7,1
DA:8,1
DA:21,1
DA:27,1
DA:33,1
DA:38,1
DA:39,0
DA:41,1
DA:46,1
DA:50,1
DA:55,1
DA:58,1
DA:59,1
DA:60,1
DA:64,1
DA:67,1
DA:70,1
DA:74,1
DA:75,1
DA:76,1
DA:80,1
DA:81,1
DA:84,1
DA:98,1
LF:25
LH:24
BRF:0
BRH:0
end_of_record
TN:
SF:src\common-templates\TheHeader.vue
FN:162,render
FN:170,(anonymous_1)
FN:178,(anonymous_2)
FN:186,(anonymous_3)
FN:194,(anonymous_4)
FN:202,(anonymous_5)
FNF:6
FNH:1
FNDA:2,render
FNDA:0,(anonymous_1)
FNDA:0,(anonymous_2)
FNDA:0,(anonymous_3)
FNDA:0,(anonymous_4)
FNDA:0,(anonymous_5)
DA:4,1
DA:7,1
DA:121,1
DA:124,1
DA:125,1
DA:126,1
DA:129,1
DA:132,1
DA:136,1
DA:139,1
DA:143,1
DA:146,1
DA:150,1
DA:154,1
DA:158,1
DA:163,2
DA:164,2
DA:170,0
DA:178,0
DA:186,0
DA:194,0
DA:202,0
DA:208,1
LF:23
LH:18
BRDA:172,0,0,1
BRDA:172,0,1,1
BRDA:180,1,0,1
BRDA:180,1,1,1
BRDA:188,2,0,1
BRDA:188,2,1,1
BRDA:196,3,0,1
BRDA:196,3,1,1
BRDA:204,4,0,1
BRDA:204,4,1,1
BRF:10
BRH:10
end_of_record
TN:
SF:src\common-templates\TheModal.vue
FN:14,render
FNF:1
FNH:1
FNDA:8,render
DA:3,4
DA:6,4
DA:7,4
DA:8,4
DA:11,4
DA:15,8
DA:16,4
LF:7
LH:7
BRF:0
BRH:0
end_of_record
TN:
SF:src\common-templates\WelcomeCard.vue
FN:26,render
FN:34,(anonymous_1)
FNF:2
FNH:1
FNDA:1,render
FNDA:0,(anonymous_1)
DA:3,2
DA:6,2
DA:7,2
DA:8,2
DA:11,2
DA:16,2
DA:19,2
DA:22,2
DA:27,1
DA:28,1
DA:34,0
DA:37,2
LF:12
LH:11
BRF:0
BRH:0
end_of_record
TN:
SF:src\components\Charts\MapChart.vue
FN:140,render
FNF:1
FNH:0
FNDA:0,render
DA:4,1
DA:5,1
DA:8,1
DA:132,1
DA:135,1
DA:136,1
DA:137,1
DA:141,0
DA:142,0
DA:146,1
LF:10
LH:8
BRF:0
BRH:0
end_of_record
TN:
SF:src\components\Events\Catalog\EmptyEvents.vue
FN:21,render
FN:29,(anonymous_1)
FNF:2
FNH:1
FNDA:1,render
FNDA:0,(anonymous_1)
DA:3,1
DA:6,1
DA:7,1
DA:8,1
DA:11,1
DA:14,1
DA:17,1
DA:22,1
DA:23,1
DA:29,0
DA:32,1
LF:11
LH:10
BRF:0
BRH:0
end_of_record
TN:
SF:src\components\Events\Catalog\EventCard.vue
FN:16,(anonymous_0)
FN:87,render
FN:104,(anonymous_2)
FNF:3
FNH:2
FNDA:2,(anonymous_0)
FNDA:4,render
FNDA:0,(anonymous_2)
DA:4,1
DA:7,1
DA:8,1
DA:19,2
DA:25,2
DA:26,2
DA:29,2
DA:33,2
DA:38,1
DA:41,1
DA:42,1
DA:43,1
DA:46,1
DA:49,1
DA:50,1
DA:53,1
DA:56,1
DA:59,1
DA:60,1
DA:63,1
DA:66,1
DA:69,1
DA:72,1
DA:76,1
DA:80,1
DA:84,1
DA:88,4
DA:89,4
DA:104,0
DA:107,1
LF:30
LH:29
BRDA:95,0,0,2
BRDA:95,0,1,2
BRDA:95,1,0,2
BRDA:95,1,1,2
BRDA:95,2,0,2
BRDA:95,2,1,2
BRF:6
BRH:6
end_of_record
TN:
SF:src\components\Events\Catalog-controls\EventSearch.vue
FN:16,(anonymous_0)
FN:57,render
FN:63,(anonymous_2)
FNF:3
FNH:3
FNDA:1,(anonymous_0)
FNDA:2,render
FNDA:2,(anonymous_2)
DA:4,1
DA:7,1
DA:8,1
DA:19,1
DA:25,1
DA:26,1
DA:29,1
DA:33,1
DA:38,1
DA:41,1
DA:42,1
DA:43,1
DA:46,1
DA:49,1
DA:50,1
DA:58,2
DA:63,2
DA:65,1
LF:18
LH:18
BRDA:63,0,0,2
BRDA:63,0,1,1
BRF:2
BRH:2
end_of_record
TN:
SF:src\components\Events\Catalog-controls\EventsFilter.vue
FN:221,render
FN:226,(anonymous_1)
FN:233,(anonymous_2)
FN:238,(anonymous_3)
FN:242,(anonymous_4)
FN:244,(anonymous_5)
FNF:6
FNH:3
FNDA:2,render
FNDA:4,(anonymous_1)
FNDA:0,(anonymous_2)
FNDA:0,(anonymous_3)
FNDA:2,(anonymous_4)
FNDA:0,(anonymous_5)
DA:4,1
DA:7,1
DA:180,1
DA:183,1
DA:184,1
DA:185,1
DA:186,1
DA:191,1
DA:194,1
DA:195,1
DA:198,1
DA:201,1
DA:202,1
DA:205,1
DA:206,1
DA:209,1
DA:212,1
DA:215,1
DA:216,1
DA:222,2
DA:223,2
DA:226,4
DA:233,0
DA:238,0
DA:242,2
DA:244,0
DA:249,1
LF:27
LH:24
BRDA:233,0,0,4
BRDA:233,0,1,2
BRDA:238,1,0,4
BRDA:238,1,1,2
BRDA:242,2,0,4
BRDA:242,2,1,2
BRDA:244,3,0,4
BRDA:244,3,1,2
BRF:8
BRH:8
end_of_record
TN:
SF:src\components\Events\SingleEvent\SingleEventCard.vue
FN:320,render
FN:346,(anonymous_1)
FNF:2
FNH:1
FNDA:5,render
FNDA:0,(anonymous_1)
DA:4,1
DA:5,1
DA:8,1
DA:241,1
DA:244,1
DA:245,1
DA:246,1
DA:250,1
DA:253,1
DA:254,1
DA:257,1
DA:260,1
DA:263,1
DA:268,1
DA:271,1
DA:274,1
DA:277,1
DA:281,1
DA:284,1
DA:288,1
DA:291,1
DA:295,1
DA:298,1
DA:299,1
DA:303,1
DA:306,1
DA:309,1
DA:312,1
DA:316,1
DA:321,5
DA:322,5
DA:323,5
DA:346,0
DA:361,1
LF:34
LH:33
BRDA:323,0,0,0
BRDA:323,0,1,5
BRDA:327,1,0,5
BRDA:327,1,1,0
BRDA:332,2,0,4
BRDA:332,2,1,1
BRDA:332,3,0,4
BRDA:332,3,1,1
BRDA:332,4,0,1
BRDA:332,4,1,4
BRDA:332,5,0,1
BRDA:332,5,1,4
BRDA:332,6,0,2
BRDA:332,6,1,3
BRDA:332,7,0,5
BRDA:332,7,1,4
BRDA:332,7,2,3
BRDA:332,7,3,3
BRDA:336,8,0,1
BRDA:336,8,1,4
BRDA:360,9,0,0
BRDA:360,9,1,5
BRF:22
BRH:19
end_of_record
TN:
SF:src\components\Users\ChangePassword.vue
FN:24,_interopRequireWildcard
FN:30,(anonymous_1)
FN:60,(anonymous_2)
FN:94,(anonymous_3)
FN:113,(anonymous_4)
FN:124,(anonymous_5)
FN:132,(anonymous_6)
FN:135,(anonymous_7)
FN:148,(anonymous_8)
FN:193,render
FN:204,(anonymous_10)
FN:205,(anonymous_11)
FNF:12
FNH:5
FNDA:2,_interopRequireWildcard
FNDA:2,(anonymous_1)
FNDA:0,(anonymous_2)
FNDA:0,(anonymous_3)
FNDA:0,(anonymous_4)
FNDA:0,(anonymous_5)
FNDA:0,(anonymous_6)
FNDA:0,(anonymous_7)
FNDA:0,(anonymous_8)
FNDA:2,render
FNDA:2,(anonymous_10)
FNDA:2,(anonymous_11)
DA:4,2
DA:7,2
DA:24,2
DA:28,2
DA:33,2
DA:40,2
DA:51,2
DA:60,2
DA:61,0
DA:71,2
DA:89,2
DA:94,2
DA:95,0
DA:96,0
DA:97,0
DA:98,0
DA:99,0
DA:103,0
DA:105,0
DA:113,2
DA:114,0
DA:116,2
DA:125,0
DA:133,0
DA:136,0
DA:149,0
DA:157,2
DA:161,2
DA:166,2
DA:169,2
DA:170,2
DA:171,2
DA:174,2
DA:177,2
DA:180,2
DA:183,2
DA:186,2
DA:194,2
DA:195,2
DA:196,2
DA:197,2
DA:204,2
DA:205,2
DA:228,2
LF:44
LH:31
BRDA:24,0,0,2
BRDA:24,0,1,0
BRDA:24,1,0,2
BRDA:24,1,1,2
BRDA:24,1,2,2
BRDA:24,2,0,0
BRDA:24,2,1,0
BRDA:24,3,0,0
BRDA:24,3,1,0
BRDA:24,3,2,0
BRDA:24,4,0,0
BRDA:24,4,1,0
BRDA:24,5,0,0
BRDA:24,5,1,0
BRDA:24,6,0,0
BRDA:24,6,1,0
BRDA:24,7,0,0
BRDA:24,7,1,0
BRDA:24,8,0,0
BRDA:24,8,1,0
BRDA:24,9,0,0
BRDA:24,9,1,0
BRDA:24,10,0,0
BRDA:24,10,1,0
BRDA:24,11,0,0
BRDA:24,11,1,0
BRDA:24,11,2,0
BRDA:24,12,0,0
BRDA:24,12,1,0
BRDA:97,13,0,0
BRDA:97,13,1,0
BRDA:197,14,0,0
BRDA:197,14,1,2
BRDA:205,15,0,2
BRDA:205,15,1,2
BRDA:205,16,0,2
BRDA:205,16,1,2
BRF:37
BRH:9
end_of_record
TN:
SF:src\components\Users\ProfileCard.vue
FN:137,render
FN:150,(anonymous_1)
FNF:2
FNH:1
FNDA:6,render
FNDA:0,(anonymous_1)
DA:4,1
DA:5,1
DA:8,1
DA:93,1
DA:96,1
DA:97,1
DA:98,1
DA:101,1
DA:108,1
DA:112,1
DA:115,1
DA:118,1
DA:122,1
DA:125,1
DA:128,1
DA:131,1
DA:134,1
DA:138,6
DA:139,6
DA:150,0
DA:156,1
LF:21
LH:20
BRDA:139,0,0,6
BRDA:139,0,1,0
BRDA:139,1,0,4
BRDA:139,1,1,2
BRDA:139,2,0,4
BRDA:139,2,1,2
BRDA:143,3,0,2
BRDA:143,3,1,4
BRDA:155,4,0,0
BRDA:155,4,1,6
BRF:10
BRH:8
end_of_record
TN:
SF:src\firebase\firebase-config.js
FNF:0
FNH:0
DA:6,7
DA:16,7
DA:18,7
DA:19,7
DA:22,7
LF:5
LH:5
BRF:0
BRH:0
end_of_record
TN:
SF:src\pages\home\HomePage.vue
FN:129,render
FNF:1
FNH:1
FNDA:1,render
DA:4,1
DA:5,1
DA:8,1
DA:111,1
DA:114,1
DA:115,1
DA:116,1
DA:119,1
DA:122,1
DA:125,1
DA:130,1
DA:137,1
LF:12
LH:12
BRDA:130,0,0,0
BRDA:130,0,1,1
BRF:2
BRH:1
end_of_record
TN:
SF:src\pages\notFound\NotFound.vue
FN:26,render
FN:34,(anonymous_1)
FNF:2
FNH:1
FNDA:1,render
FNDA:0,(anonymous_1)
DA:3,1
DA:6,1
DA:7,1
DA:8,1
DA:11,1
DA:14,1
DA:17,1
DA:22,1
DA:27,1
DA:28,1
DA:34,0
DA:37,1
LF:12
LH:11
BRF:0
BRH:0
end_of_record
TN:
SF:src\plugins\TimeConvertor.js
FN:6,(anonymous_0)
FN:7,(anonymous_1)
FNF:2
FNH:2
FNDA:9,(anonymous_0)
FNDA:13,(anonymous_1)
DA:7,9
DA:8,13
DA:9,13
DA:11,13
DA:13,13
DA:14,3
DA:16,3
DA:19,10
LF:8
LH:8
BRDA:13,0,0,3
BRDA:13,0,1,10
BRDA:13,1,0,13
BRDA:13,1,1,4
BRF:4
BRH:4
end_of_record
TN:
SF:src\services\authServices\authServices.js
FN:6,(anonymous_0)
FN:30,(anonymous_1)
FN:38,(anonymous_2)
FN:70,(anonymous_3)
FN:85,(anonymous_4)
FN:108,(anonymous_5)
FN:112,(anonymous_6)
FN:123,(anonymous_7)
FN:132,(anonymous_8)
FN:147,(anonymous_9)
FN:167,(anonymous_10)
FNF:11
FNH:0
FNDA:0,(anonymous_0)
FNDA:0,(anonymous_1)
FNDA:0,(anonymous_2)
FNDA:0,(anonymous_3)
FNDA:0,(anonymous_4)
FNDA:0,(anonymous_5)
FNDA:0,(anonymous_6)
FNDA:0,(anonymous_7)
FNDA:0,(anonymous_8)
FNDA:0,(anonymous_9)
FNDA:0,(anonymous_10)
DA:7,0
DA:8,0
DA:13,0
DA:14,0
DA:26,0
DA:31,0
DA:32,0
DA:34,0
DA:39,0
DA:40,0
DA:41,0
DA:43,0
DA:44,0
DA:46,0
DA:48,0
DA:53,0
DA:54,0
DA:65,0
DA:71,0
DA:72,0
DA:74,0
DA:76,0
DA:79,0
DA:80,0
DA:86,0
DA:87,0
DA:88,0
DA:91,0
DA:94,0
DA:103,0
DA:109,0
DA:110,0
DA:112,0
DA:113,0
DA:115,0
DA:119,0
DA:124,0
DA:125,0
DA:128,0
DA:133,0
DA:134,0
DA:136,0
DA:138,0
DA:143,0
DA:148,0
DA:149,0
DA:151,0
DA:152,0
DA:153,0
DA:155,0
DA:157,0
DA:159,0
DA:162,0
DA:168,0
DA:169,0
DA:171,0
DA:173,0
DA:174,0
DA:176,0
DA:181,0
LF:60
LH:0
BRDA:13,0,0,0
BRDA:13,0,1,0
BRDA:13,1,0,0
BRDA:13,1,1,0
BRDA:53,2,0,0
BRDA:53,2,1,0
BRDA:151,3,0,0
BRDA:151,3,1,0
BRF:8
BRH:0
end_of_record
TN:
SF:src\services\eventServices\eventServices.js
FN:8,(anonymous_0)
FN:16,(anonymous_1)
FN:33,(anonymous_2)
FN:63,(anonymous_3)
FN:82,(anonymous_4)
FN:86,(anonymous_5)
FN:91,(anonymous_6)
FN:96,(anonymous_7)
FN:127,(anonymous_8)
FN:143,(anonymous_9)
FN:176,(anonymous_10)
FN:188,(anonymous_11)
FNF:12
FNH:0
FNDA:0,(anonymous_0)
FNDA:0,(anonymous_1)
FNDA:0,(anonymous_2)
FNDA:0,(anonymous_3)
FNDA:0,(anonymous_4)
FNDA:0,(anonymous_5)
FNDA:0,(anonymous_6)
FNDA:0,(anonymous_7)
FNDA:0,(anonymous_8)
FNDA:0,(anonymous_9)
FNDA:0,(anonymous_10)
FNDA:0,(anonymous_11)
DA:9,0
DA:10,0
DA:11,0
DA:16,0
DA:17,0
DA:19,0
DA:21,0
DA:24,0
DA:27,0
DA:34,0
DA:35,0
DA:37,0
DA:54,0
DA:55,0
DA:58,0
DA:64,0
DA:65,0
DA:69,0
DA:70,0
DA:71,0
DA:74,0
DA:77,0
DA:83,0
DA:84,0
DA:86,0
DA:87,0
DA:88,0
DA:91,0
DA:93,0
DA:97,0
DA:102,0
DA:104,0
DA:106,0
DA:117,0
DA:118,0
DA:121,0
DA:128,0
DA:132,0
DA:133,0
DA:134,0
DA:135,0
DA:137,0
DA:144,0
DA:149,0
DA:151,0
DA:152,0
DA:153,0
DA:154,0
DA:156,0
DA:162,0
DA:169,0
DA:171,0
DA:177,0
DA:182,0
DA:184,0
DA:185,0
DA:186,0
DA:188,0
DA:190,0
DA:191,0
DA:193,0
DA:199,0
DA:204,0
LF:63
LH:0
BRDA:69,0,0,0
BRDA:69,0,1,0
BRDA:88,1,0,0
BRDA:88,1,1,0
BRDA:132,2,0,0
BRDA:132,2,1,0
BRDA:190,3,0,0
BRDA:190,3,1,0
BRF:8
BRH:0
end_of_record
TN:
SF:src\store\auth\authStore.js
FN:5,(anonymous_0)
FN:12,(anonymous_1)
FN:16,(anonymous_2)
FN:22,(anonymous_3)
FN:26,(anonymous_4)
FN:30,(anonymous_5)
FN:34,(anonymous_6)
FN:38,(anonymous_7)
FN:42,(anonymous_8)
FN:46,(anonymous_9)
FN:51,(anonymous_10)
FNF:11
FNH:3
FNDA:18,(anonymous_0)
FNDA:3,(anonymous_1)
FNDA:12,(anonymous_2)
FNDA:0,(anonymous_3)
FNDA:0,(anonymous_4)
FNDA:0,(anonymous_5)
FNDA:0,(anonymous_6)
FNDA:0,(anonymous_7)
FNDA:0,(anonymous_8)
FNDA:0,(anonymous_9)
FNDA:0,(anonymous_10)
DA:4,5
DA:5,18
DA:13,3
DA:17,12
DA:23,0
DA:27,0
DA:31,0
DA:35,0
DA:39,0
DA:43,0
DA:47,0
DA:48,0
DA:52,0
LF:13
LH:4
BRDA:17,0,0,10
BRDA:17,0,1,2
BRF:2
BRH:2
end_of_record
TN:
SF:src\store\events\eventStore.js
FN:6,(anonymous_0)
FN:30,(anonymous_1)
FN:34,(anonymous_2)
FN:40,(anonymous_3)
FN:43,(anonymous_4)
FN:73,(anonymous_5)
FN:74,(anonymous_6)
FN:75,(anonymous_7)
FN:79,(anonymous_8)
FN:80,(anonymous_9)
FN:82,(anonymous_10)
FN:83,(anonymous_11)
FN:87,(anonymous_12)
FN:94,(anonymous_13)
FN:95,(anonymous_14)
FN:104,(anonymous_15)
FN:108,(anonymous_16)
FN:109,(anonymous_17)
FN:118,(anonymous_18)
FN:122,(anonymous_19)
FN:127,(anonymous_20)
FN:131,(anonymous_21)
FN:141,(anonymous_22)
FN:145,(anonymous_23)
FN:150,(anonymous_24)
FN:154,(anonymous_25)
FN:158,(anonymous_26)
FN:162,(anonymous_27)
FN:166,(anonymous_28)
FN:179,(anonymous_29)
FN:183,(anonymous_30)
FN:189,(anonymous_31)
FN:193,(anonymous_32)
FN:197,(anonymous_33)
FN:202,(anonymous_34)
FN:208,(anonymous_35)
FNF:36
FNH:3
FNDA:9,(anonymous_0)
FNDA:0,(anonymous_1)
FNDA:0,(anonymous_2)
FNDA:0,(anonymous_3)
FNDA:0,(anonymous_4)
FNDA:4,(anonymous_5)
FNDA:4,(anonymous_6)
FNDA:0,(anonymous_7)
FNDA:0,(anonymous_8)
FNDA:0,(anonymous_9)
FNDA:0,(anonymous_10)
FNDA:0,(anonymous_11)
FNDA:0,(anonymous_12)
FNDA:0,(anonymous_13)
FNDA:0,(anonymous_14)
FNDA:0,(anonymous_15)
FNDA:0,(anonymous_16)
FNDA:0,(anonymous_17)
FNDA:0,(anonymous_18)
FNDA:0,(anonymous_19)
FNDA:0,(anonymous_20)
FNDA:0,(anonymous_21)
FNDA:0,(anonymous_22)
FNDA:0,(anonymous_23)
FNDA:0,(anonymous_24)
FNDA:0,(anonymous_25)
FNDA:0,(anonymous_26)
FNDA:0,(anonymous_27)
FNDA:0,(anonymous_28)
FNDA:0,(anonymous_29)
FNDA:0,(anonymous_30)
FNDA:0,(anonymous_31)
FNDA:0,(anonymous_32)
FNDA:0,(anonymous_33)
FNDA:0,(anonymous_34)
FNDA:0,(anonymous_35)
DA:5,3
DA:6,9
DA:31,0
DA:33,0
DA:34,0
DA:37,0
DA:41,0
DA:43,0
DA:44,0
DA:45,0
DA:47,0
DA:48,0
DA:51,0
DA:52,0
DA:55,0
DA:56,0
DA:59,0
DA:60,0
DA:61,0
DA:62,0
DA:63,0
DA:67,0
DA:74,4
DA:75,4
DA:80,0
DA:81,0
DA:82,0
DA:83,0
DA:84,0
DA:87,0
DA:90,0
DA:95,0
DA:96,0
DA:97,0
DA:98,0
DA:101,0
DA:104,0
DA:109,0
DA:110,0
DA:111,0
DA:112,0
DA:115,0
DA:118,0
DA:123,0
DA:128,0
DA:131,0
DA:142,0
DA:146,0
DA:147,0
DA:151,0
DA:155,0
DA:159,0
DA:163,0
DA:167,0
DA:180,0
DA:184,0
DA:185,0
DA:186,0
DA:190,0
DA:194,0
DA:198,0
DA:203,0
DA:204,0
DA:209,0
DA:211,0
LF:65
LH:4
BRDA:33,0,0,0
BRDA:33,0,1,0
BRDA:47,1,0,0
BRDA:47,1,1,0
BRDA:48,2,0,0
BRDA:48,2,1,0
BRDA:51,3,0,0
BRDA:51,3,1,0
BRDA:52,4,0,0
BRDA:52,4,1,0
BRDA:55,5,0,0
BRDA:55,5,1,0
BRDA:56,6,0,0
BRDA:56,6,1,0
BRDA:59,7,0,0
BRDA:59,7,1,0
BRDA:60,8,0,0
BRDA:60,8,1,0
BRDA:61,9,0,0
BRDA:61,9,1,0
BRDA:62,10,0,0
BRDA:62,10,1,0
BRDA:63,11,0,0
BRDA:63,11,1,0
BRDA:81,12,0,0
BRDA:81,12,1,0
BRDA:97,13,0,0
BRDA:97,13,1,0
BRDA:111,14,0,0
BRDA:111,14,1,0
BRF:30
BRH:0
end_of_record
TN:
SF:src\utils\classes.js
FN:2,(anonymous_0)
FNF:1
FNH:0
FNDA:0,(anonymous_0)
DA:3,0
DA:4,0
DA:5,0
DA:6,0
DA:7,0
DA:8,0
DA:9,0
DA:10,0
DA:11,0
DA:12,0
DA:13,0
DA:14,0
DA:15,0
DA:16,0
LF:14
LH:0
BRF:0
BRH:0
end_of_record
TN:
SF:src\utils\countryFromCoordinates.js
FN:1,(anonymous_0)
FNF:1
FNH:0
FNDA:0,(anonymous_0)
DA:1,3
DA:2,0
DA:3,0
DA:5,0
DA:7,0
DA:8,0
DA:10,0
DA:11,0
DA:12,0
DA:16,0
DA:18,0
LF:11
LH:1
BRDA:7,0,0,0
BRDA:7,0,1,0
BRDA:10,1,0,0
BRDA:10,1,1,0
BRDA:10,2,0,0
BRDA:10,2,1,0
BRF:6
BRH:0
end_of_record
TN:
SF:src\utils\emailSender.js
FN:6,sendCustomEmail
FN:14,(anonymous_1)
FN:17,(anonymous_2)
FNF:3
FNH:0
FNDA:0,sendCustomEmail
FNDA:0,(anonymous_1)
FNDA:0,(anonymous_2)
DA:3,7
DA:4,7
DA:7,0
DA:13,0
DA:15,0
DA:18,0
LF:6
LH:2
BRF:0
BRH:0
end_of_record
TN:
SF:src\utils\imageConvertor.js
FN:4,uploadImage
FN:5,(anonymous_1)
FN:17,(anonymous_2)
FN:18,(anonymous_3)
FN:20,(anonymous_4)
FN:23,(anonymous_5)
FNF:6
FNH:0
FNDA:0,uploadImage
FNDA:0,(anonymous_1)
FNDA:0,(anonymous_2)
FNDA:0,(anonymous_3)
FNDA:0,(anonymous_4)
FNDA:0,(anonymous_5)
DA:5,0
DA:7,0
DA:8,0
DA:10,0
DA:11,0
DA:12,0
DA:15,0
DA:17,0
DA:18,0
DA:19,0
DA:21,0
DA:24,0
DA:27,3
LF:13
LH:1
BRDA:10,0,0,0
BRDA:10,0,1,0
BRF:2
BRH:0
end_of_record
