TN:
SF:src\components\Events\EmptyEvents.vue
FN:21,render
FN:29,(anonymous_1)
FNF:2
FNH:1
FNDA:1,render
FNDA:0,(anonymous_1)
DA:3,1
DA:6,1
DA:7,1
DA:8,1
DA:11,1
DA:14,1
DA:17,1
DA:22,1
DA:23,1
DA:30,0
DA:34,1
LF:11
LH:10
BRF:0
BRH:0
end_of_record
TN:
SF:src\components\Events\EventCard.vue
FN:17,setup
FN:88,render
FN:105,(anonymous_2)
FNF:3
FNH:2
FNDA:2,setup
FNDA:4,render
FNDA:0,(anonymous_2)
DA:4,1
DA:7,1
DA:8,1
DA:20,2
DA:26,2
DA:27,2
DA:30,2
DA:34,2
DA:39,1
DA:42,1
DA:43,1
DA:44,1
DA:47,1
DA:50,1
DA:51,1
DA:54,1
DA:57,1
DA:60,1
DA:61,1
DA:64,1
DA:67,1
DA:70,1
DA:73,1
DA:77,1
DA:81,1
DA:85,1
DA:89,4
DA:90,4
DA:106,0
DA:110,1
LF:30
LH:29
BRDA:96,0,0,2
BRDA:96,0,1,2
BRDA:96,1,0,2
BRDA:96,1,1,2
BRDA:96,2,0,2
BRDA:96,2,1,2
BRF:6
BRH:6
end_of_record
TN:
SF:src\components\Events\Catalog-controls\EventSearch.vue
FN:17,setup
FN:58,render
FN:64,(anonymous_2)
FNF:3
FNH:3
FNDA:1,setup
FNDA:2,render
FNDA:2,(anonymous_2)
DA:4,1
DA:7,1
DA:8,1
DA:20,1
DA:26,1
DA:27,1
DA:30,1
DA:34,1
DA:39,1
DA:42,1
DA:43,1
DA:44,1
DA:47,1
DA:50,1
DA:51,1
DA:59,2
DA:65,2
DA:68,1
LF:18
LH:18
BRDA:64,0,0,2
BRDA:64,0,1,1
BRF:2
BRH:2
end_of_record
TN:
SF:src\firebase\firebase-config.js
FNF:0
FNH:0
DA:6,1
DA:16,1
DA:18,1
DA:19,1
DA:22,1
LF:5
LH:5
BRF:0
BRH:0
end_of_record
TN:
SF:src\plugins\TimeConvertor.js
FN:6,(anonymous_0)
FN:7,(anonymous_1)
FNF:2
FNH:2
FNDA:3,(anonymous_0)
FNDA:8,(anonymous_1)
DA:7,3
DA:8,8
DA:9,8
DA:11,8
DA:13,8
DA:14,0
DA:16,0
DA:19,8
LF:8
LH:6
BRDA:13,0,0,0
BRDA:13,0,1,8
BRDA:13,1,0,8
BRDA:13,1,1,0
BRF:4
BRH:2
end_of_record
TN:
SF:src\services\authServices\authServices.js
FN:6,(anonymous_0)
FN:30,(anonymous_1)
FN:38,(anonymous_2)
FN:70,(anonymous_3)
FN:85,(anonymous_4)
FN:108,(anonymous_5)
FN:112,(anonymous_6)
FN:123,(anonymous_7)
FN:132,(anonymous_8)
FN:147,(anonymous_9)
FN:167,(anonymous_10)
FNF:11
FNH:0
FNDA:0,(anonymous_0)
FNDA:0,(anonymous_1)
FNDA:0,(anonymous_2)
FNDA:0,(anonymous_3)
FNDA:0,(anonymous_4)
FNDA:0,(anonymous_5)
FNDA:0,(anonymous_6)
FNDA:0,(anonymous_7)
FNDA:0,(anonymous_8)
FNDA:0,(anonymous_9)
FNDA:0,(anonymous_10)
DA:7,0
DA:8,0
DA:13,0
DA:14,0
DA:26,0
DA:31,0
DA:32,0
DA:34,0
DA:39,0
DA:40,0
DA:41,0
DA:43,0
DA:44,0
DA:46,0
DA:48,0
DA:53,0
DA:54,0
DA:65,0
DA:71,0
DA:72,0
DA:74,0
DA:76,0
DA:79,0
DA:80,0
DA:86,0
DA:87,0
DA:88,0
DA:91,0
DA:94,0
DA:103,0
DA:109,0
DA:110,0
DA:112,0
DA:113,0
DA:115,0
DA:119,0
DA:124,0
DA:125,0
DA:128,0
DA:133,0
DA:134,0
DA:136,0
DA:138,0
DA:143,0
DA:148,0
DA:149,0
DA:151,0
DA:152,0
DA:153,0
DA:155,0
DA:157,0
DA:159,0
DA:162,0
DA:168,0
DA:169,0
DA:171,0
DA:173,0
DA:174,0
DA:176,0
DA:181,0
LF:60
LH:0
BRDA:13,0,0,0
BRDA:13,0,1,0
BRDA:13,1,0,0
BRDA:13,1,1,0
BRDA:53,2,0,0
BRDA:53,2,1,0
BRDA:151,3,0,0
BRDA:151,3,1,0
BRF:8
BRH:0
end_of_record
TN:
SF:src\store\auth\authStore.js
FN:5,(anonymous_0)
FN:12,(anonymous_1)
FN:16,(anonymous_2)
FN:22,(anonymous_3)
FN:26,(anonymous_4)
FN:30,(anonymous_5)
FN:34,(anonymous_6)
FN:38,(anonymous_7)
FN:42,(anonymous_8)
FN:46,(anonymous_9)
FN:51,(anonymous_10)
FNF:11
FNH:3
FNDA:3,(anonymous_0)
FNDA:1,(anonymous_1)
FNDA:1,(anonymous_2)
FNDA:0,(anonymous_3)
FNDA:0,(anonymous_4)
FNDA:0,(anonymous_5)
FNDA:0,(anonymous_6)
FNDA:0,(anonymous_7)
FNDA:0,(anonymous_8)
FNDA:0,(anonymous_9)
FNDA:0,(anonymous_10)
DA:4,1
DA:5,3
DA:13,1
DA:17,1
DA:23,0
DA:27,0
DA:31,0
DA:35,0
DA:39,0
DA:43,0
DA:47,0
DA:48,0
DA:52,0
LF:13
LH:4
BRDA:17,0,0,0
BRDA:17,0,1,1
BRF:2
BRH:1
end_of_record
TN:
SF:src\utils\emailSender.js
FN:6,sendCustomEmail
FN:14,(anonymous_1)
FN:17,(anonymous_2)
FNF:3
FNH:0
FNDA:0,sendCustomEmail
FNDA:0,(anonymous_1)
FNDA:0,(anonymous_2)
DA:3,1
DA:4,1
DA:7,0
DA:13,0
DA:15,0
DA:18,0
LF:6
LH:2
BRF:0
BRH:0
end_of_record
